[35m[1mScanning dependencies of target std_msgs_generate_messages_eus[0m
[35m[1mScanning dependencies of target nav_msgs_generate_messages_py[0m
[35m[1mScanning dependencies of target nav_msgs_generate_messages_eus[0m
[35m[1mScanning dependencies of target nav_msgs_generate_messages_cpp[0m
[35m[1mScanning dependencies of target stdr_msgs_generate_messages_cpp[0m
[  0%] Built target nav_msgs_generate_messages_cpp
[  0%] Built target nav_msgs_generate_messages_py
[  0%] Built target stdr_msgs_generate_messages_cpp
[  0%] Built target nav_msgs_generate_messages_eus
[  0%] Built target std_msgs_generate_messages_eus
[35m[1mScanning dependencies of target geometry_msgs_generate_messages_eus[0m
[35m[1mScanning dependencies of target std_msgs_generate_messages_py[0m
[35m[1mScanning dependencies of target stdr_msgs_generate_messages_py[0m
[35m[1mScanning dependencies of target actionlib_msgs_generate_messages_cpp[0m
[35m[1mScanning dependencies of target nav_msgs_generate_messages_lisp[0m
[  0%] Built target stdr_msgs_generate_messages_py
[  0%] Built target std_msgs_generate_messages_py
[  0%] Built target geometry_msgs_generate_messages_eus
[  0%] Built target actionlib_msgs_generate_messages_cpp
[  0%] Built target nav_msgs_generate_messages_lisp
[35m[1mScanning dependencies of target nav_msgs_generate_messages_nodejs[0m
[35m[1mScanning dependencies of target stdr_msgs_generate_messages_nodejs[0m
[35m[1mScanning dependencies of target actionlib_msgs_generate_messages_nodejs[0m
[35m[1mScanning dependencies of target std_msgs_generate_messages_cpp[0m
[35m[1mScanning dependencies of target geometry_msgs_generate_messages_nodejs[0m
[  0%] Built target nav_msgs_generate_messages_nodejs
[  0%] Built target stdr_msgs_generate_messages_nodejs
[  0%] Built target actionlib_msgs_generate_messages_nodejs
[  0%] Built target std_msgs_generate_messages_cpp
[35m[1mScanning dependencies of target std_msgs_generate_messages_lisp[0m
[35m[1mScanning dependencies of target std_msgs_generate_messages_nodejs[0m
[  0%] Built target geometry_msgs_generate_messages_nodejs
[35m[1mScanning dependencies of target stdr_msgs_generate_messages_lisp[0m
[35m[1mScanning dependencies of target stdr_msgs_generate_messages_eus[0m
[  0%] Built target std_msgs_generate_messages_lisp
[35m[1mScanning dependencies of target geometry_msgs_generate_messages_cpp[0m
[  0%] Built target std_msgs_generate_messages_nodejs
[  0%] Built target stdr_msgs_generate_messages_lisp
[  0%] Built target stdr_msgs_generate_messages_eus
[  0%] Built target geometry_msgs_generate_messages_cpp
[35m[1mScanning dependencies of target geometry_msgs_generate_messages_lisp[0m
[35m[1mScanning dependencies of target geometry_msgs_generate_messages_py[0m
[  0%] Built target geometry_msgs_generate_messages_lisp
[35m[1mScanning dependencies of target actionlib_msgs_generate_messages_eus[0m
[  0%] Built target geometry_msgs_generate_messages_py
[35m[1mScanning dependencies of target actionlib_msgs_generate_messages_lisp[0m
[  0%] Built target actionlib_msgs_generate_messages_eus
[  0%] Built target actionlib_msgs_generate_messages_lisp
[35m[1mScanning dependencies of target actionlib_msgs_generate_messages_py[0m
[  0%] Built target actionlib_msgs_generate_messages_py
[35m[1mScanning dependencies of target stdr_parser[0m
[  9%] [32mBuilding CXX object CMakeFiles/stdr_parser.dir/src/stdr_parser.cpp.o[0m
[ 18%] [32mBuilding CXX object CMakeFiles/stdr_parser.dir/src/stdr_parser_validator.cpp.o[0m
[ 27%] [32mBuilding CXX object CMakeFiles/stdr_parser.dir/src/stdr_parser_msg_creator.cpp.o[0m
[ 36%] [32mBuilding CXX object CMakeFiles/stdr_parser.dir/src/stdr_parser_xml_file_writer.cpp.o[0m
[ 45%] [32mBuilding CXX object CMakeFiles/stdr_parser.dir/src/stdr_parser_yaml_file_writer.cpp.o[0m
[ 54%] [32mBuilding CXX object CMakeFiles/stdr_parser.dir/src/stdr_xml_parser.cpp.o[0m
[ 63%] [32mBuilding CXX object CMakeFiles/stdr_parser.dir/src/stdr_yaml_parser.cpp.o[0m
[ 72%] [32mBuilding CXX object CMakeFiles/stdr_parser.dir/src/stdr_parser_node.cpp.o[0m
[ 81%] [32mBuilding CXX object CMakeFiles/stdr_parser.dir/src/stdr_parser_specs.cpp.o[0m
[ 90%] [32mBuilding CXX object CMakeFiles/stdr_parser.dir/src/stdr_parser_tools.cpp.o[0m
[100%] [32m[1mLinking CXX shared library /home/timur/mkr_tm_ws/devel/.private/stdr_parser/lib/libstdr_parser.so[0m
[100%] Built target stdr_parser
