[  0%] Built target actionlib_msgs_generate_messages_nodejs
[  0%] Built target std_msgs_generate_messages_nodejs
[  0%] Built target geometry_msgs_generate_messages_nodejs
[  0%] Built target std_msgs_generate_messages_cpp
[  0%] Built target std_msgs_generate_messages_py
[  0%] Built target std_msgs_generate_messages_lisp
[  0%] Built target geometry_msgs_generate_messages_eus
[  0%] Built target nav_msgs_generate_messages_nodejs
[  0%] Built target stdr_msgs_generate_messages_eus
[  0%] Built target actionlib_msgs_generate_messages_py
[  0%] Built target actionlib_msgs_generate_messages_lisp
[  0%] Built target std_msgs_generate_messages_eus
[  0%] Built target actionlib_msgs_generate_messages_cpp
[  0%] Built target geometry_msgs_generate_messages_cpp
[  0%] Built target geometry_msgs_generate_messages_lisp
[  0%] Built target geometry_msgs_generate_messages_py
[  0%] Built target actionlib_msgs_generate_messages_eus
[  0%] Built target stdr_msgs_generate_messages_cpp
[  0%] Built target stdr_msgs_generate_messages_py
[  0%] Built target stdr_msgs_generate_messages_lisp
[  0%] Built target nav_msgs_generate_messages_lisp
[  0%] Built target stdr_msgs_generate_messages_nodejs
[  0%] Built target nav_msgs_generate_messages_cpp
[  0%] Built target nav_msgs_generate_messages_eus
[  0%] Built target nav_msgs_generate_messages_py
[  8%] Built target stdr_sensor_base
[ 16%] Built target stdr_omni_motion_controller
[ 25%] Built target stdr_handle_robot
[ 33%] Built target stdr_rfid_reader
[ 58%] Built target stdr_ideal_motion_controller
[ 58%] Built target stdr_microphone_sensor
[ 58%] Built target stdr_laser
[ 66%] Built target stdr_thermal_sensor
[ 75%] Built target stdr_co2_sensor
[ 83%] Built target stdr_sonar
[ 91%] Built target robot_handler
[100%] Built target stdr_robot_nodelet
