[35m[1mScanning dependencies of target std_msgs_generate_messages_py[0m
[35m[1mScanning dependencies of target std_msgs_generate_messages_nodejs[0m
[35m[1mScanning dependencies of target actionlib_msgs_generate_messages_nodejs[0m
[35m[1mScanning dependencies of target nav_msgs_generate_messages_nodejs[0m
[35m[1mScanning dependencies of target geometry_msgs_generate_messages_eus[0m
[35m[1mScanning dependencies of target geometry_msgs_generate_messages_nodejs[0m
[35m[1mScanning dependencies of target std_msgs_generate_messages_lisp[0m
[35m[1mScanning dependencies of target std_msgs_generate_messages_cpp[0m
[  0%] Built target actionlib_msgs_generate_messages_nodejs
[  0%] Built target geometry_msgs_generate_messages_eus
[  0%] Built target std_msgs_generate_messages_nodejs
[  0%] Built target nav_msgs_generate_messages_nodejs
[  0%] Built target std_msgs_generate_messages_py
[  0%] Built target geometry_msgs_generate_messages_nodejs
[  0%] Built target std_msgs_generate_messages_lisp
[  0%] Built target std_msgs_generate_messages_cpp
[35m[1mScanning dependencies of target actionlib_msgs_generate_messages_cpp[0m
[35m[1mScanning dependencies of target stdr_msgs_generate_messages_eus[0m
[35m[1mScanning dependencies of target actionlib_msgs_generate_messages_lisp[0m
[35m[1mScanning dependencies of target std_msgs_generate_messages_eus[0m
[35m[1mScanning dependencies of target actionlib_msgs_generate_messages_py[0m
[35m[1mScanning dependencies of target geometry_msgs_generate_messages_cpp[0m
[35m[1mScanning dependencies of target geometry_msgs_generate_messages_lisp[0m
[35m[1mScanning dependencies of target geometry_msgs_generate_messages_py[0m
[  0%] Built target actionlib_msgs_generate_messages_py
[  0%] Built target actionlib_msgs_generate_messages_cpp
[  0%] Built target stdr_msgs_generate_messages_eus
[  0%] Built target actionlib_msgs_generate_messages_lisp
[  0%] Built target std_msgs_generate_messages_eus
[  0%] Built target geometry_msgs_generate_messages_cpp
[  0%] Built target geometry_msgs_generate_messages_lisp
[  0%] Built target geometry_msgs_generate_messages_py
[35m[1mScanning dependencies of target actionlib_msgs_generate_messages_eus[0m
[35m[1mScanning dependencies of target stdr_msgs_generate_messages_cpp[0m
[35m[1mScanning dependencies of target stdr_msgs_generate_messages_py[0m
[35m[1mScanning dependencies of target stdr_msgs_generate_messages_lisp[0m
[35m[1mScanning dependencies of target stdr_msgs_generate_messages_nodejs[0m
[35m[1mScanning dependencies of target nav_msgs_generate_messages_lisp[0m
[35m[1mScanning dependencies of target nav_msgs_generate_messages_cpp[0m
[  0%] Built target stdr_msgs_generate_messages_py
[  0%] Built target actionlib_msgs_generate_messages_eus
[  0%] Built target stdr_msgs_generate_messages_lisp
[  0%] Built target stdr_msgs_generate_messages_cpp
[35m[1mScanning dependencies of target nav_msgs_generate_messages_eus[0m
[  0%] Built target stdr_msgs_generate_messages_nodejs
[  0%] Built target nav_msgs_generate_messages_lisp
[  0%] Built target nav_msgs_generate_messages_cpp
[35m[1mScanning dependencies of target nav_msgs_generate_messages_py[0m
[  0%] Built target nav_msgs_generate_messages_eus
[35m[1mScanning dependencies of target stdr_sensor_base[0m
[  0%] Built target nav_msgs_generate_messages_py
[35m[1mScanning dependencies of target stdr_omni_motion_controller[0m
[35m[1mScanning dependencies of target stdr_handle_robot[0m
[35m[1mScanning dependencies of target stdr_ideal_motion_controller[0m
[  4%] [32mBuilding CXX object CMakeFiles/stdr_sensor_base.dir/src/sensors/sensor_base.cpp.o[0m
[  8%] [32mBuilding CXX object CMakeFiles/stdr_omni_motion_controller.dir/src/motion/omni_motion_controller.cpp.o[0m
[ 12%] [32mBuilding CXX object CMakeFiles/stdr_handle_robot.dir/src/handle_robot.cpp.o[0m
[ 16%] [32mBuilding CXX object CMakeFiles/stdr_ideal_motion_controller.dir/src/motion/ideal_motion_controller.cpp.o[0m
[ 20%] [32m[1mLinking CXX shared library /home/timur/mkr_tm_ws/devel/.private/stdr_robot/lib/libstdr_ideal_motion_controller.so[0m
[ 25%] [32m[1mLinking CXX shared library /home/timur/mkr_tm_ws/devel/.private/stdr_robot/lib/libstdr_omni_motion_controller.so[0m
[ 25%] Built target stdr_ideal_motion_controller
[ 25%] Built target stdr_omni_motion_controller
[ 29%] [32m[1mLinking CXX shared library /home/timur/mkr_tm_ws/devel/.private/stdr_robot/lib/libstdr_sensor_base.so[0m
[ 29%] Built target stdr_sensor_base
[35m[1mScanning dependencies of target stdr_rfid_reader[0m
[35m[1mScanning dependencies of target stdr_sonar[0m
[35m[1mScanning dependencies of target stdr_thermal_sensor[0m
[35m[1mScanning dependencies of target stdr_microphone_sensor[0m
[35m[1mScanning dependencies of target stdr_laser[0m
[35m[1mScanning dependencies of target stdr_co2_sensor[0m
[ 33%] [32mBuilding CXX object CMakeFiles/stdr_rfid_reader.dir/src/sensors/rfid_reader.cpp.o[0m
[ 37%] [32mBuilding CXX object CMakeFiles/stdr_laser.dir/src/sensors/laser.cpp.o[0m
[ 41%] [32mBuilding CXX object CMakeFiles/stdr_sonar.dir/src/sensors/sonar.cpp.o[0m
[ 45%] [32mBuilding CXX object CMakeFiles/stdr_microphone_sensor.dir/src/sensors/microphone.cpp.o[0m
[ 54%] [32mBuilding CXX object CMakeFiles/stdr_thermal_sensor.dir/src/sensors/thermal.cpp.o[0m
[ 54%] [32mBuilding CXX object CMakeFiles/stdr_co2_sensor.dir/src/sensors/co2.cpp.o[0m
[ 58%] [32m[1mLinking CXX shared library /home/timur/mkr_tm_ws/devel/.private/stdr_robot/lib/libstdr_laser.so[0m
[ 58%] Built target stdr_laser
[ 62%] [32m[1mLinking CXX shared library /home/timur/mkr_tm_ws/devel/.private/stdr_robot/lib/libstdr_sonar.so[0m
[ 62%] Built target stdr_sonar
[ 66%] [32m[1mLinking CXX shared library /home/timur/mkr_tm_ws/devel/.private/stdr_robot/lib/libstdr_co2_sensor.so[0m
[ 66%] Built target stdr_co2_sensor
[ 70%] [32m[1mLinking CXX shared library /home/timur/mkr_tm_ws/devel/.private/stdr_robot/lib/libstdr_thermal_sensor.so[0m
[ 75%] [32m[1mLinking CXX shared library /home/timur/mkr_tm_ws/devel/.private/stdr_robot/lib/libstdr_microphone_sensor.so[0m
[ 75%] Built target stdr_thermal_sensor
[ 75%] Built target stdr_microphone_sensor
[ 79%] [32m[1mLinking CXX shared library /home/timur/mkr_tm_ws/devel/.private/stdr_robot/lib/libstdr_rfid_reader.so[0m
[ 79%] Built target stdr_rfid_reader
[35m[1mScanning dependencies of target stdr_robot_nodelet[0m
[ 83%] [32mBuilding CXX object CMakeFiles/stdr_robot_nodelet.dir/src/stdr_robot.cpp.o[0m
[ 87%] [32m[1mLinking CXX shared library /home/timur/mkr_tm_ws/devel/.private/stdr_robot/lib/libstdr_handle_robot.so[0m
[ 87%] Built target stdr_handle_robot
[35m[1mScanning dependencies of target robot_handler[0m
[ 91%] [32mBuilding CXX object CMakeFiles/robot_handler.dir/src/handle_robot_node.cpp.o[0m
[ 95%] [32m[1mLinking CXX executable /home/timur/mkr_tm_ws/devel/.private/stdr_robot/lib/stdr_robot/robot_handler[0m
[ 95%] Built target robot_handler
[100%] [32m[1mLinking CXX shared library /home/timur/mkr_tm_ws/devel/.private/stdr_robot/lib/libstdr_robot_nodelet.so[0m
[100%] Built target stdr_robot_nodelet
