[35m[1mScanning dependencies of target geometry_msgs_generate_messages_eus[0m
[35m[1mScanning dependencies of target geometry_msgs_generate_messages_py[0m
[35m[1mScanning dependencies of target std_msgs_generate_messages_lisp[0m
[35m[1mScanning dependencies of target geometry_msgs_generate_messages_nodejs[0m
[35m[1mScanning dependencies of target geometry_msgs_generate_messages_lisp[0m
[35m[1mScanning dependencies of target actionlib_msgs_generate_messages_nodejs[0m
[35m[1mScanning dependencies of target std_msgs_generate_messages_cpp[0m
[35m[1mScanning dependencies of target std_msgs_generate_messages_nodejs[0m
[  0%] Built target geometry_msgs_generate_messages_py
[  0%] Built target geometry_msgs_generate_messages_eus
[  0%] Built target std_msgs_generate_messages_lisp
[  0%] Built target geometry_msgs_generate_messages_nodejs
[  0%] Built target actionlib_msgs_generate_messages_nodejs
[  0%] Built target std_msgs_generate_messages_nodejs
[  0%] Built target geometry_msgs_generate_messages_lisp
[  0%] Built target std_msgs_generate_messages_cpp
[35m[1mScanning dependencies of target geometry_msgs_generate_messages_cpp[0m
[35m[1mScanning dependencies of target std_msgs_generate_messages_py[0m
[35m[1mScanning dependencies of target stdr_msgs_generate_messages_eus[0m
[35m[1mScanning dependencies of target nav_msgs_generate_messages_nodejs[0m
[35m[1mScanning dependencies of target actionlib_msgs_generate_messages_cpp[0m
[35m[1mScanning dependencies of target actionlib_msgs_generate_messages_lisp[0m
[35m[1mScanning dependencies of target actionlib_msgs_generate_messages_py[0m
[35m[1mScanning dependencies of target actionlib_msgs_generate_messages_eus[0m
[  0%] Built target geometry_msgs_generate_messages_cpp
[  0%] Built target std_msgs_generate_messages_py
[  0%] Built target nav_msgs_generate_messages_nodejs
[  0%] Built target stdr_msgs_generate_messages_eus
[  0%] Built target actionlib_msgs_generate_messages_cpp
[  0%] Built target actionlib_msgs_generate_messages_lisp
[  0%] Built target actionlib_msgs_generate_messages_py
[  0%] Built target actionlib_msgs_generate_messages_eus
[35m[1mScanning dependencies of target stdr_msgs_generate_messages_py[0m
[35m[1mScanning dependencies of target stdr_msgs_generate_messages_nodejs[0m
[35m[1mScanning dependencies of target stdr_msgs_generate_messages_lisp[0m
[35m[1mScanning dependencies of target std_msgs_generate_messages_eus[0m
[35m[1mScanning dependencies of target nav_msgs_generate_messages_lisp[0m
[35m[1mScanning dependencies of target nav_msgs_generate_messages_cpp[0m
[35m[1mScanning dependencies of target nav_msgs_generate_messages_py[0m
[35m[1mScanning dependencies of target stdr_msgs_generate_messages_cpp[0m
[  0%] Built target stdr_msgs_generate_messages_py
[  0%] Built target stdr_msgs_generate_messages_lisp
[  0%] Built target stdr_msgs_generate_messages_nodejs
[  0%] Built target std_msgs_generate_messages_eus
[  0%] Built target nav_msgs_generate_messages_lisp
[  0%] Built target nav_msgs_generate_messages_cpp
[  0%] Built target nav_msgs_generate_messages_py
[  0%] Built target stdr_msgs_generate_messages_cpp
[35m[1mScanning dependencies of target nav_msgs_generate_messages_eus[0m
[  0%] Built target nav_msgs_generate_messages_eus
[  4%] [34m[1mGenerating ui_laserProperties.h[0m
[  4%] [34m[1mGenerating ui_information.h[0m
[  7%] [34m[1mGenerating ui_rfidAntennaProperties.h[0m
[  9%] [34m[1mGenerating ui_robotCreator.h[0m
[  6%] [34m[1mGenerating ui_laserVisualization.h[0m
[ 12%] [34m[1mGenerating ui_map.h[0m
[ 12%] [34m[1mGenerating ui_kinematicProperties.h[0m
[  6%] [34m[1mQt Wrapped File[0m
[ 14%] [34m[1mGenerating ui_robotProperties.h[0m
[ 15%] [34m[1mGenerating ui_robotFootprint.h[0m
[ 19%] [34m[1mGenerating ui_robotVisualization.h[0m
[ 19%] [34m[1mGenerating ui_sonarProperties.h[0m
[ 22%] [34m[1mGenerating ui_thermalSensorProperties.h[0m
[ 23%] [34m[1mGenerating ui_simulator.h[0m
[ 23%] [34m[1mGenerating ui_sonarVisualization.h[0m
[ 25%] [34m[1mGenerating ui_co2SensorProperties.h[0m
[ 28%] [34m[1mQt Wrapped File[0m
[ 28%] [34m[1mQt Wrapped File[0m
[ 30%] [34m[1mQt Wrapped File[0m
[ 33%] [34m[1mQt Wrapped File[0m
[ 33%] [34m[1mGenerating ui_soundSensorProperties.h[0m
[35m[1mScanning dependencies of target stdr_gui_node[0m
[ 34%] [32mBuilding CXX object CMakeFiles/stdr_gui_node.dir/src/stdr_gui/stdr_gui_node.cpp.o[0m
[ 36%] [32mBuilding CXX object CMakeFiles/stdr_gui_node.dir/src/stdr_gui/stdr_gui_application.cpp.o[0m
[ 39%] [32mBuilding CXX object CMakeFiles/stdr_gui_node.dir/src/stdr_gui/stdr_gui_connector.cpp.o[0m
[ 39%] [32mBuilding CXX object CMakeFiles/stdr_gui_node.dir/src/stdr_gui/stdr_gui_loader.cpp.o[0m
[ 41%] [32mBuilding CXX object CMakeFiles/stdr_gui_node.dir/src/stdr_gui/stdr_gui_controller.cpp.o[0m
[ 42%] [32mBuilding CXX object CMakeFiles/stdr_gui_node.dir/src/stdr_gui/stdr_info_connector.cpp.o[0m
[ 44%] [32mBuilding CXX object CMakeFiles/stdr_gui_node.dir/src/stdr_gui/stdr_info_loader.cpp.o[0m
[ 46%] [32mBuilding CXX object CMakeFiles/stdr_gui_node.dir/src/stdr_gui/stdr_map_connector.cpp.o[0m
[ 47%] [32mBuilding CXX object CMakeFiles/stdr_gui_node.dir/src/stdr_gui/stdr_map_loader.cpp.o[0m
[ 49%] [32mBuilding CXX object CMakeFiles/stdr_gui_node.dir/src/stdr_gui/stdr_tools.cpp.o[0m
[ 50%] [32mBuilding CXX object CMakeFiles/stdr_gui_node.dir/src/stdr_gui/stdr_robot_creator/stdr_kinematic_properties_loader.cpp.o[0m
[ 52%] [32mBuilding CXX object CMakeFiles/stdr_gui_node.dir/src/stdr_gui/stdr_robot_creator/stdr_laser_properties_loader.cpp.o[0m
[ 53%] [32mBuilding CXX object CMakeFiles/stdr_gui_node.dir/src/stdr_gui/stdr_robot_creator/stdr_sonar_properties_loader.cpp.o[0m
[ 55%] [32mBuilding CXX object CMakeFiles/stdr_gui_node.dir/src/stdr_gui/stdr_robot_creator/stdr_robot_properties_loader.cpp.o[0m
[ 57%] [32mBuilding CXX object CMakeFiles/stdr_gui_node.dir/src/stdr_gui/stdr_robot_creator/stdr_robot_footprint_loader.cpp.o[0m
[ 58%] [32mBuilding CXX object CMakeFiles/stdr_gui_node.dir/src/stdr_gui/stdr_robot_creator/stdr_rfid_antenna_properties_loader.cpp.o[0m
[ 60%] [32mBuilding CXX object CMakeFiles/stdr_gui_node.dir/src/stdr_gui/stdr_robot_creator/stdr_co2_sensor_properties_loader.cpp.o[0m
[ 61%] [32mBuilding CXX object CMakeFiles/stdr_gui_node.dir/src/stdr_gui/stdr_robot_creator/stdr_thermal_sensor_properties_loader.cpp.o[0m
[ 63%] [32mBuilding CXX object CMakeFiles/stdr_gui_node.dir/src/stdr_gui/stdr_robot_creator/stdr_sound_sensor_properties_loader.cpp.o[0m
[ 65%] [32mBuilding CXX object CMakeFiles/stdr_gui_node.dir/src/stdr_gui/stdr_robot_creator/stdr_robot_creator_loader.cpp.o[0m
[ 66%] [32mBuilding CXX object CMakeFiles/stdr_gui_node.dir/src/stdr_gui/stdr_robot_creator/stdr_robot_creator_connector.cpp.o[0m
[ 68%] [32mBuilding CXX object CMakeFiles/stdr_gui_node.dir/src/stdr_gui/stdr_gui_sensors/stdr_gui_robot.cpp.o[0m
[ 69%] [32mBuilding CXX object CMakeFiles/stdr_gui_node.dir/src/stdr_gui/stdr_gui_sensors/stdr_gui_laser.cpp.o[0m
[ 71%] [32mBuilding CXX object CMakeFiles/stdr_gui_node.dir/src/stdr_gui/stdr_gui_sensors/stdr_gui_sonar.cpp.o[0m
[ 73%] [32mBuilding CXX object CMakeFiles/stdr_gui_node.dir/src/stdr_gui/stdr_gui_sensors/stdr_gui_rfid.cpp.o[0m
[ 74%] [32mBuilding CXX object CMakeFiles/stdr_gui_node.dir/src/stdr_gui/stdr_gui_sensors/stdr_gui_co2.cpp.o[0m
[ 76%] [32mBuilding CXX object CMakeFiles/stdr_gui_node.dir/src/stdr_gui/stdr_gui_sensors/stdr_gui_thermal.cpp.o[0m
[ 77%] [32mBuilding CXX object CMakeFiles/stdr_gui_node.dir/src/stdr_gui/stdr_gui_sensors/stdr_gui_sound.cpp.o[0m
[ 79%] [32mBuilding CXX object CMakeFiles/stdr_gui_node.dir/src/stdr_gui/stdr_visualization/stdr_laser_visualization.cpp.o[0m
[ 80%] [32mBuilding CXX object CMakeFiles/stdr_gui_node.dir/src/stdr_gui/stdr_visualization/stdr_sonar_visualization.cpp.o[0m
[ 82%] [32mBuilding CXX object CMakeFiles/stdr_gui_node.dir/src/stdr_gui/stdr_visualization/stdr_robot_visualization.cpp.o[0m
[ 84%] [32mBuilding CXX object CMakeFiles/stdr_gui_node.dir/src/stdr_gui/stdr_map_metainformation/stdr_gui_source.cpp.o[0m
[ 85%] [32mBuilding CXX object CMakeFiles/stdr_gui_node.dir/src/stdr_gui/stdr_map_metainformation/stdr_gui_co2_source.cpp.o[0m
[ 87%] [32mBuilding CXX object CMakeFiles/stdr_gui_node.dir/src/stdr_gui/stdr_map_metainformation/stdr_gui_thermal_source.cpp.o[0m
[ 88%] [32mBuilding CXX object CMakeFiles/stdr_gui_node.dir/src/stdr_gui/stdr_map_metainformation/stdr_gui_rfid_tag.cpp.o[0m
[ 90%] [32mBuilding CXX object CMakeFiles/stdr_gui_node.dir/src/stdr_gui/stdr_map_metainformation/stdr_gui_sound_source.cpp.o[0m
[ 92%] [32mBuilding CXX object CMakeFiles/stdr_gui_node.dir/moc_stdr_gui_controller.cxx.o[0m
[ 93%] [32mBuilding CXX object CMakeFiles/stdr_gui_node.dir/moc_stdr_gui_connector.cxx.o[0m
[ 95%] [32mBuilding CXX object CMakeFiles/stdr_gui_node.dir/moc_stdr_info_connector.cxx.o[0m
[ 96%] [32mBuilding CXX object CMakeFiles/stdr_gui_node.dir/moc_stdr_map_connector.cxx.o[0m
[ 98%] [32mBuilding CXX object CMakeFiles/stdr_gui_node.dir/moc_stdr_robot_creator_connector.cxx.o[0m
[100%] [32m[1mLinking CXX executable /home/timur/mkr_tm_ws/devel/.private/stdr_gui/lib/stdr_gui/stdr_gui_node[0m
[100%] Built target stdr_gui_node
