Symlinking /home/timur/mkr_tm_ws/devel/share/robot_coordination/cmake/robot_coordination-msg-paths.cmake
Symlinking /home/timur/mkr_tm_ws/devel/share/robot_coordination/cmake/robot_coordinationConfig.cmake
Symlinking /home/timur/mkr_tm_ws/devel/share/robot_coordination/cmake/robot_coordinationConfig-version.cmake
Symlinking /home/timur/mkr_tm_ws/devel/share/robot_coordination/cmake/robot_coordination-msg-extras.cmake
Symlinking /home/timur/mkr_tm_ws/devel/share/common-lisp/ros/robot_coordination/srv/_package_StopMovement.lisp
Symlinking /home/timur/mkr_tm_ws/devel/share/common-lisp/ros/robot_coordination/srv/AddPath.lisp
Symlinking /home/timur/mkr_tm_ws/devel/share/common-lisp/ros/robot_coordination/srv/_package.lisp
Symlinking /home/timur/mkr_tm_ws/devel/share/common-lisp/ros/robot_coordination/srv/StopMovement.lisp
Symlinking /home/timur/mkr_tm_ws/devel/share/common-lisp/ros/robot_coordination/srv/_package_StartMovement.lisp
Symlinking /home/timur/mkr_tm_ws/devel/share/common-lisp/ros/robot_coordination/srv/_package_AddPath.lisp
Symlinking /home/timur/mkr_tm_ws/devel/share/common-lisp/ros/robot_coordination/srv/robot_coordination-srv.asd
Symlinking /home/timur/mkr_tm_ws/devel/share/common-lisp/ros/robot_coordination/srv/StartMovement.lisp
Symlinking /home/timur/mkr_tm_ws/devel/share/common-lisp/ros/robot_coordination/msg/robot_coordination-msg.asd
Symlinking /home/timur/mkr_tm_ws/devel/share/common-lisp/ros/robot_coordination/msg/_package.lisp
Symlinking /home/timur/mkr_tm_ws/devel/share/common-lisp/ros/robot_coordination/msg/_package_Waypoint.lisp
Symlinking /home/timur/mkr_tm_ws/devel/share/common-lisp/ros/robot_coordination/msg/Waypoint.lisp
Symlinking /home/timur/mkr_tm_ws/devel/share/roseus/ros/robot_coordination/manifest.l
Symlinking /home/timur/mkr_tm_ws/devel/share/roseus/ros/robot_coordination/srv/StopMovement.l
Symlinking /home/timur/mkr_tm_ws/devel/share/roseus/ros/robot_coordination/srv/AddPath.l
Symlinking /home/timur/mkr_tm_ws/devel/share/roseus/ros/robot_coordination/srv/StartMovement.l
Symlinking /home/timur/mkr_tm_ws/devel/share/roseus/ros/robot_coordination/msg/Waypoint.l
Symlinking /home/timur/mkr_tm_ws/devel/share/gennodejs/ros/robot_coordination/_index.js
Symlinking /home/timur/mkr_tm_ws/devel/share/gennodejs/ros/robot_coordination/srv/AddPath.js
Symlinking /home/timur/mkr_tm_ws/devel/share/gennodejs/ros/robot_coordination/srv/StartMovement.js
Symlinking /home/timur/mkr_tm_ws/devel/share/gennodejs/ros/robot_coordination/srv/StopMovement.js
Symlinking /home/timur/mkr_tm_ws/devel/share/gennodejs/ros/robot_coordination/srv/_index.js
Symlinking /home/timur/mkr_tm_ws/devel/share/gennodejs/ros/robot_coordination/msg/Waypoint.js
Symlinking /home/timur/mkr_tm_ws/devel/share/gennodejs/ros/robot_coordination/msg/_index.js
Symlinking /home/timur/mkr_tm_ws/devel/lib/robot_coordination/robot_node
Symlinking /home/timur/mkr_tm_ws/devel/lib/pkgconfig/robot_coordination.pc
Symlinking /home/timur/mkr_tm_ws/devel/lib/python2.7/dist-packages/robot_coordination/__init__.py
Symlinking /home/timur/mkr_tm_ws/devel/lib/python2.7/dist-packages/robot_coordination/srv/__init__.py
Symlinking /home/timur/mkr_tm_ws/devel/lib/python2.7/dist-packages/robot_coordination/srv/_StopMovement.py
Symlinking /home/timur/mkr_tm_ws/devel/lib/python2.7/dist-packages/robot_coordination/srv/_StartMovement.py
Symlinking /home/timur/mkr_tm_ws/devel/lib/python2.7/dist-packages/robot_coordination/srv/_AddPath.py
Symlinking /home/timur/mkr_tm_ws/devel/lib/python2.7/dist-packages/robot_coordination/msg/__init__.py
Symlinking /home/timur/mkr_tm_ws/devel/lib/python2.7/dist-packages/robot_coordination/msg/_Waypoint.py
Symlinking /home/timur/mkr_tm_ws/devel/include/robot_coordination/AddPath.h
Symlinking /home/timur/mkr_tm_ws/devel/include/robot_coordination/AddPathRequest.h
Symlinking /home/timur/mkr_tm_ws/devel/include/robot_coordination/StartMovementResponse.h
Symlinking /home/timur/mkr_tm_ws/devel/include/robot_coordination/StopMovementRequest.h
Symlinking /home/timur/mkr_tm_ws/devel/include/robot_coordination/StartMovement.h
Symlinking /home/timur/mkr_tm_ws/devel/include/robot_coordination/StartMovementRequest.h
Symlinking /home/timur/mkr_tm_ws/devel/include/robot_coordination/Waypoint.h
Symlinking /home/timur/mkr_tm_ws/devel/include/robot_coordination/StopMovementResponse.h
Symlinking /home/timur/mkr_tm_ws/devel/include/robot_coordination/AddPathResponse.h
Symlinking /home/timur/mkr_tm_ws/devel/include/robot_coordination/StopMovement.h
