Linked: (/home/timur/mkr_tm_ws/devel/.private/robot_coordination/share/robot_coordination/cmake/robot_coordination-msg-paths.cmake, /home/timur/mkr_tm_ws/devel/share/robot_coordination/cmake/robot_coordination-msg-paths.cmake)
Linked: (/home/timur/mkr_tm_ws/devel/.private/robot_coordination/share/robot_coordination/cmake/robot_coordinationConfig.cmake, /home/timur/mkr_tm_ws/devel/share/robot_coordination/cmake/robot_coordinationConfig.cmake)
Linked: (/home/timur/mkr_tm_ws/devel/.private/robot_coordination/share/robot_coordination/cmake/robot_coordinationConfig-version.cmake, /home/timur/mkr_tm_ws/devel/share/robot_coordination/cmake/robot_coordinationConfig-version.cmake)
Linked: (/home/timur/mkr_tm_ws/devel/.private/robot_coordination/share/robot_coordination/cmake/robot_coordination-msg-extras.cmake, /home/timur/mkr_tm_ws/devel/share/robot_coordination/cmake/robot_coordination-msg-extras.cmake)
Linked: (/home/timur/mkr_tm_ws/devel/.private/robot_coordination/share/common-lisp/ros/robot_coordination/srv/_package_StopMovement.lisp, /home/timur/mkr_tm_ws/devel/share/common-lisp/ros/robot_coordination/srv/_package_StopMovement.lisp)
Linked: (/home/timur/mkr_tm_ws/devel/.private/robot_coordination/share/common-lisp/ros/robot_coordination/srv/AddPath.lisp, /home/timur/mkr_tm_ws/devel/share/common-lisp/ros/robot_coordination/srv/AddPath.lisp)
Linked: (/home/timur/mkr_tm_ws/devel/.private/robot_coordination/share/common-lisp/ros/robot_coordination/srv/_package.lisp, /home/timur/mkr_tm_ws/devel/share/common-lisp/ros/robot_coordination/srv/_package.lisp)
Linked: (/home/timur/mkr_tm_ws/devel/.private/robot_coordination/share/common-lisp/ros/robot_coordination/srv/StopMovement.lisp, /home/timur/mkr_tm_ws/devel/share/common-lisp/ros/robot_coordination/srv/StopMovement.lisp)
Linked: (/home/timur/mkr_tm_ws/devel/.private/robot_coordination/share/common-lisp/ros/robot_coordination/srv/_package_StartMovement.lisp, /home/timur/mkr_tm_ws/devel/share/common-lisp/ros/robot_coordination/srv/_package_StartMovement.lisp)
Linked: (/home/timur/mkr_tm_ws/devel/.private/robot_coordination/share/common-lisp/ros/robot_coordination/srv/_package_AddPath.lisp, /home/timur/mkr_tm_ws/devel/share/common-lisp/ros/robot_coordination/srv/_package_AddPath.lisp)
Linked: (/home/timur/mkr_tm_ws/devel/.private/robot_coordination/share/common-lisp/ros/robot_coordination/srv/robot_coordination-srv.asd, /home/timur/mkr_tm_ws/devel/share/common-lisp/ros/robot_coordination/srv/robot_coordination-srv.asd)
Linked: (/home/timur/mkr_tm_ws/devel/.private/robot_coordination/share/common-lisp/ros/robot_coordination/srv/StartMovement.lisp, /home/timur/mkr_tm_ws/devel/share/common-lisp/ros/robot_coordination/srv/StartMovement.lisp)
Linked: (/home/timur/mkr_tm_ws/devel/.private/robot_coordination/share/common-lisp/ros/robot_coordination/msg/robot_coordination-msg.asd, /home/timur/mkr_tm_ws/devel/share/common-lisp/ros/robot_coordination/msg/robot_coordination-msg.asd)
Linked: (/home/timur/mkr_tm_ws/devel/.private/robot_coordination/share/common-lisp/ros/robot_coordination/msg/_package.lisp, /home/timur/mkr_tm_ws/devel/share/common-lisp/ros/robot_coordination/msg/_package.lisp)
Linked: (/home/timur/mkr_tm_ws/devel/.private/robot_coordination/share/common-lisp/ros/robot_coordination/msg/_package_Waypoint.lisp, /home/timur/mkr_tm_ws/devel/share/common-lisp/ros/robot_coordination/msg/_package_Waypoint.lisp)
Linked: (/home/timur/mkr_tm_ws/devel/.private/robot_coordination/share/common-lisp/ros/robot_coordination/msg/Waypoint.lisp, /home/timur/mkr_tm_ws/devel/share/common-lisp/ros/robot_coordination/msg/Waypoint.lisp)
Linked: (/home/timur/mkr_tm_ws/devel/.private/robot_coordination/share/roseus/ros/robot_coordination/manifest.l, /home/timur/mkr_tm_ws/devel/share/roseus/ros/robot_coordination/manifest.l)
Linked: (/home/timur/mkr_tm_ws/devel/.private/robot_coordination/share/roseus/ros/robot_coordination/srv/StopMovement.l, /home/timur/mkr_tm_ws/devel/share/roseus/ros/robot_coordination/srv/StopMovement.l)
Linked: (/home/timur/mkr_tm_ws/devel/.private/robot_coordination/share/roseus/ros/robot_coordination/srv/AddPath.l, /home/timur/mkr_tm_ws/devel/share/roseus/ros/robot_coordination/srv/AddPath.l)
Linked: (/home/timur/mkr_tm_ws/devel/.private/robot_coordination/share/roseus/ros/robot_coordination/srv/StartMovement.l, /home/timur/mkr_tm_ws/devel/share/roseus/ros/robot_coordination/srv/StartMovement.l)
Linked: (/home/timur/mkr_tm_ws/devel/.private/robot_coordination/share/roseus/ros/robot_coordination/msg/Waypoint.l, /home/timur/mkr_tm_ws/devel/share/roseus/ros/robot_coordination/msg/Waypoint.l)
Linked: (/home/timur/mkr_tm_ws/devel/.private/robot_coordination/share/gennodejs/ros/robot_coordination/_index.js, /home/timur/mkr_tm_ws/devel/share/gennodejs/ros/robot_coordination/_index.js)
Linked: (/home/timur/mkr_tm_ws/devel/.private/robot_coordination/share/gennodejs/ros/robot_coordination/srv/AddPath.js, /home/timur/mkr_tm_ws/devel/share/gennodejs/ros/robot_coordination/srv/AddPath.js)
Linked: (/home/timur/mkr_tm_ws/devel/.private/robot_coordination/share/gennodejs/ros/robot_coordination/srv/StartMovement.js, /home/timur/mkr_tm_ws/devel/share/gennodejs/ros/robot_coordination/srv/StartMovement.js)
Linked: (/home/timur/mkr_tm_ws/devel/.private/robot_coordination/share/gennodejs/ros/robot_coordination/srv/StopMovement.js, /home/timur/mkr_tm_ws/devel/share/gennodejs/ros/robot_coordination/srv/StopMovement.js)
Linked: (/home/timur/mkr_tm_ws/devel/.private/robot_coordination/share/gennodejs/ros/robot_coordination/srv/_index.js, /home/timur/mkr_tm_ws/devel/share/gennodejs/ros/robot_coordination/srv/_index.js)
Linked: (/home/timur/mkr_tm_ws/devel/.private/robot_coordination/share/gennodejs/ros/robot_coordination/msg/Waypoint.js, /home/timur/mkr_tm_ws/devel/share/gennodejs/ros/robot_coordination/msg/Waypoint.js)
Linked: (/home/timur/mkr_tm_ws/devel/.private/robot_coordination/share/gennodejs/ros/robot_coordination/msg/_index.js, /home/timur/mkr_tm_ws/devel/share/gennodejs/ros/robot_coordination/msg/_index.js)
Linked: (/home/timur/mkr_tm_ws/devel/.private/robot_coordination/lib/robot_coordination/robot_node, /home/timur/mkr_tm_ws/devel/lib/robot_coordination/robot_node)
Linked: (/home/timur/mkr_tm_ws/devel/.private/robot_coordination/lib/pkgconfig/robot_coordination.pc, /home/timur/mkr_tm_ws/devel/lib/pkgconfig/robot_coordination.pc)
Linked: (/home/timur/mkr_tm_ws/devel/.private/robot_coordination/lib/python2.7/dist-packages/robot_coordination/__init__.py, /home/timur/mkr_tm_ws/devel/lib/python2.7/dist-packages/robot_coordination/__init__.py)
Linked: (/home/timur/mkr_tm_ws/devel/.private/robot_coordination/lib/python2.7/dist-packages/robot_coordination/srv/__init__.py, /home/timur/mkr_tm_ws/devel/lib/python2.7/dist-packages/robot_coordination/srv/__init__.py)
Linked: (/home/timur/mkr_tm_ws/devel/.private/robot_coordination/lib/python2.7/dist-packages/robot_coordination/srv/_StopMovement.py, /home/timur/mkr_tm_ws/devel/lib/python2.7/dist-packages/robot_coordination/srv/_StopMovement.py)
Linked: (/home/timur/mkr_tm_ws/devel/.private/robot_coordination/lib/python2.7/dist-packages/robot_coordination/srv/_StartMovement.py, /home/timur/mkr_tm_ws/devel/lib/python2.7/dist-packages/robot_coordination/srv/_StartMovement.py)
Linked: (/home/timur/mkr_tm_ws/devel/.private/robot_coordination/lib/python2.7/dist-packages/robot_coordination/srv/_AddPath.py, /home/timur/mkr_tm_ws/devel/lib/python2.7/dist-packages/robot_coordination/srv/_AddPath.py)
Linked: (/home/timur/mkr_tm_ws/devel/.private/robot_coordination/lib/python2.7/dist-packages/robot_coordination/msg/__init__.py, /home/timur/mkr_tm_ws/devel/lib/python2.7/dist-packages/robot_coordination/msg/__init__.py)
Linked: (/home/timur/mkr_tm_ws/devel/.private/robot_coordination/lib/python2.7/dist-packages/robot_coordination/msg/_Waypoint.py, /home/timur/mkr_tm_ws/devel/lib/python2.7/dist-packages/robot_coordination/msg/_Waypoint.py)
Linked: (/home/timur/mkr_tm_ws/devel/.private/robot_coordination/include/robot_coordination/AddPath.h, /home/timur/mkr_tm_ws/devel/include/robot_coordination/AddPath.h)
Linked: (/home/timur/mkr_tm_ws/devel/.private/robot_coordination/include/robot_coordination/AddPathRequest.h, /home/timur/mkr_tm_ws/devel/include/robot_coordination/AddPathRequest.h)
Linked: (/home/timur/mkr_tm_ws/devel/.private/robot_coordination/include/robot_coordination/StartMovementResponse.h, /home/timur/mkr_tm_ws/devel/include/robot_coordination/StartMovementResponse.h)
Linked: (/home/timur/mkr_tm_ws/devel/.private/robot_coordination/include/robot_coordination/StopMovementRequest.h, /home/timur/mkr_tm_ws/devel/include/robot_coordination/StopMovementRequest.h)
Linked: (/home/timur/mkr_tm_ws/devel/.private/robot_coordination/include/robot_coordination/StartMovement.h, /home/timur/mkr_tm_ws/devel/include/robot_coordination/StartMovement.h)
Linked: (/home/timur/mkr_tm_ws/devel/.private/robot_coordination/include/robot_coordination/StartMovementRequest.h, /home/timur/mkr_tm_ws/devel/include/robot_coordination/StartMovementRequest.h)
Linked: (/home/timur/mkr_tm_ws/devel/.private/robot_coordination/include/robot_coordination/Waypoint.h, /home/timur/mkr_tm_ws/devel/include/robot_coordination/Waypoint.h)
Linked: (/home/timur/mkr_tm_ws/devel/.private/robot_coordination/include/robot_coordination/StopMovementResponse.h, /home/timur/mkr_tm_ws/devel/include/robot_coordination/StopMovementResponse.h)
Linked: (/home/timur/mkr_tm_ws/devel/.private/robot_coordination/include/robot_coordination/AddPathResponse.h, /home/timur/mkr_tm_ws/devel/include/robot_coordination/AddPathResponse.h)
Linked: (/home/timur/mkr_tm_ws/devel/.private/robot_coordination/include/robot_coordination/StopMovement.h, /home/timur/mkr_tm_ws/devel/include/robot_coordination/StopMovement.h)
