[35m[1mScanning dependencies of target _robot_coordination_generate_messages_check_deps_StopMovement[0m
[35m[1mScanning dependencies of target rosgraph_msgs_generate_messages_lisp[0m
[35m[1mScanning dependencies of target _robot_coordination_generate_messages_check_deps_AddPath[0m
[35m[1mScanning dependencies of target _robot_coordination_generate_messages_check_deps_StartMovement[0m
[35m[1mScanning dependencies of target _robot_coordination_generate_messages_check_deps_Waypoint[0m
[35m[1mScanning dependencies of target geometry_msgs_generate_messages_py[0m
[  0%] Built target rosgraph_msgs_generate_messages_lisp
[  0%] Built target geometry_msgs_generate_messages_py
[35m[1mScanning dependencies of target geometry_msgs_generate_messages_lisp[0m
[  0%] Built target geometry_msgs_generate_messages_lisp
[35m[1mScanning dependencies of target geometry_msgs_generate_messages_nodejs[0m
[  0%] Built target _robot_coordination_generate_messages_check_deps_Waypoint
[  0%] Built target _robot_coordination_generate_messages_check_deps_StopMovement
[  0%] Built target _robot_coordination_generate_messages_check_deps_AddPath
[  0%] Built target _robot_coordination_generate_messages_check_deps_StartMovement
[  0%] Built target geometry_msgs_generate_messages_nodejs
[35m[1mScanning dependencies of target sensor_msgs_generate_messages_py[0m
[35m[1mScanning dependencies of target geometry_msgs_generate_messages_cpp[0m
[35m[1mScanning dependencies of target sensor_msgs_generate_messages_cpp[0m
[35m[1mScanning dependencies of target std_msgs_generate_messages_py[0m
[35m[1mScanning dependencies of target nav_msgs_generate_messages_py[0m
[35m[1mScanning dependencies of target nav_msgs_generate_messages_nodejs[0m
[  0%] Built target sensor_msgs_generate_messages_py
[  0%] Built target geometry_msgs_generate_messages_cpp
[  0%] Built target sensor_msgs_generate_messages_cpp
[35m[1mScanning dependencies of target std_msgs_generate_messages_cpp[0m
[  0%] Built target nav_msgs_generate_messages_py
[  0%] Built target nav_msgs_generate_messages_nodejs
[  0%] Built target std_msgs_generate_messages_py
[35m[1mScanning dependencies of target nav_msgs_generate_messages_lisp[0m
[  0%] Built target std_msgs_generate_messages_cpp
[35m[1mScanning dependencies of target roscpp_generate_messages_lisp[0m
[35m[1mScanning dependencies of target roscpp_generate_messages_cpp[0m
[35m[1mScanning dependencies of target sensor_msgs_generate_messages_nodejs[0m
[35m[1mScanning dependencies of target roscpp_generate_messages_py[0m
[  0%] Built target nav_msgs_generate_messages_lisp
[  0%] Built target roscpp_generate_messages_lisp
[  0%] Built target sensor_msgs_generate_messages_nodejs
[  0%] Built target roscpp_generate_messages_py
[  0%] Built target roscpp_generate_messages_cpp
[35m[1mScanning dependencies of target sensor_msgs_generate_messages_lisp[0m
[35m[1mScanning dependencies of target nav_msgs_generate_messages_eus[0m
[  0%] Built target sensor_msgs_generate_messages_lisp
[  0%] Built target nav_msgs_generate_messages_eus
[35m[1mScanning dependencies of target nav_msgs_generate_messages_cpp[0m
[35m[1mScanning dependencies of target actionlib_msgs_generate_messages_nodejs[0m
[  0%] Built target nav_msgs_generate_messages_cpp
[35m[1mScanning dependencies of target std_msgs_generate_messages_eus[0m
[35m[1mScanning dependencies of target rosgraph_msgs_generate_messages_nodejs[0m
[  0%] Built target actionlib_msgs_generate_messages_nodejs
[  0%] Built target std_msgs_generate_messages_eus
[35m[1mScanning dependencies of target rosgraph_msgs_generate_messages_py[0m
[  0%] Built target rosgraph_msgs_generate_messages_nodejs
[35m[1mScanning dependencies of target std_msgs_generate_messages_lisp[0m
[35m[1mScanning dependencies of target std_msgs_generate_messages_nodejs[0m
[35m[1mScanning dependencies of target actionlib_msgs_generate_messages_cpp[0m
[35m[1mScanning dependencies of target rosgraph_msgs_generate_messages_eus[0m
[  0%] Built target rosgraph_msgs_generate_messages_py
[  0%] Built target std_msgs_generate_messages_lisp
[  0%] Built target std_msgs_generate_messages_nodejs
[  0%] Built target actionlib_msgs_generate_messages_cpp
[35m[1mScanning dependencies of target actionlib_msgs_generate_messages_eus[0m
[  0%] Built target rosgraph_msgs_generate_messages_eus
[35m[1mScanning dependencies of target actionlib_msgs_generate_messages_lisp[0m
[35m[1mScanning dependencies of target actionlib_msgs_generate_messages_py[0m
[35m[1mScanning dependencies of target geometry_msgs_generate_messages_eus[0m
[35m[1mScanning dependencies of target sensor_msgs_generate_messages_eus[0m
[35m[1mScanning dependencies of target _catkin_empty_exported_target[0m
[  0%] Built target actionlib_msgs_generate_messages_eus
[  0%] Built target actionlib_msgs_generate_messages_lisp
[  0%] Built target sensor_msgs_generate_messages_eus
[  0%] Built target actionlib_msgs_generate_messages_py
[  0%] Built target _catkin_empty_exported_target
[35m[1mScanning dependencies of target rosgraph_msgs_generate_messages_cpp[0m
[35m[1mScanning dependencies of target roscpp_generate_messages_nodejs[0m
[  0%] Built target geometry_msgs_generate_messages_eus
[35m[1mScanning dependencies of target robot_coordination_generate_messages_nodejs[0m
[35m[1mScanning dependencies of target robot_coordination_generate_messages_py[0m
[35m[1mScanning dependencies of target roscpp_generate_messages_eus[0m
[  0%] Built target roscpp_generate_messages_nodejs
[  0%] Built target rosgraph_msgs_generate_messages_cpp
[  0%] Built target roscpp_generate_messages_eus
[  7%] [34m[1mGenerating Javascript code from robot_coordination/Waypoint.msg[0m
[  7%] [34m[1mGenerating Python from MSG robot_coordination/Waypoint[0m
[ 11%] [34m[1mGenerating Javascript code from robot_coordination/StopMovement.srv[0m
[ 14%] [34m[1mGenerating Javascript code from robot_coordination/StartMovement.srv[0m
[35m[1mScanning dependencies of target robot_coordination_generate_messages_lisp[0m
[35m[1mScanning dependencies of target robot_coordination_generate_messages_cpp[0m
[ 18%] [34m[1mGenerating Javascript code from robot_coordination/AddPath.srv[0m
[ 22%] [34m[1mGenerating C++ code from robot_coordination/Waypoint.msg[0m
[ 25%] [34m[1mGenerating Lisp code from robot_coordination/Waypoint.msg[0m
[ 29%] [34m[1mGenerating C++ code from robot_coordination/StopMovement.srv[0m
[ 33%] [34m[1mGenerating C++ code from robot_coordination/StartMovement.srv[0m
[ 33%] Built target robot_coordination_generate_messages_nodejs
[ 37%] [34m[1mGenerating Python code from SRV robot_coordination/StopMovement[0m
[ 40%] [34m[1mGenerating Lisp code from robot_coordination/StopMovement.srv[0m
[ 44%] [34m[1mGenerating Lisp code from robot_coordination/StartMovement.srv[0m
[ 48%] [34m[1mGenerating Lisp code from robot_coordination/AddPath.srv[0m
[ 51%] [34m[1mGenerating Python code from SRV robot_coordination/StartMovement[0m
[35m[1mScanning dependencies of target robot_coordination_generate_messages_eus[0m
[ 55%] [34m[1mGenerating Python code from SRV robot_coordination/AddPath[0m
[ 55%] Built target robot_coordination_generate_messages_lisp
[ 59%] [34m[1mGenerating EusLisp code from robot_coordination/Waypoint.msg[0m
[ 62%] [34m[1mGenerating EusLisp code from robot_coordination/StopMovement.srv[0m
[ 66%] [34m[1mGenerating EusLisp code from robot_coordination/StartMovement.srv[0m
[ 70%] [34m[1mGenerating EusLisp code from robot_coordination/AddPath.srv[0m
[ 74%] [34m[1mGenerating EusLisp manifest code for robot_coordination[0m
[ 77%] [34m[1mGenerating C++ code from robot_coordination/AddPath.srv[0m
[ 81%] [34m[1mGenerating Python srv __init__.py for robot_coordination[0m
[ 85%] [34m[1mGenerating Python msg __init__.py for robot_coordination[0m
[ 85%] Built target robot_coordination_generate_messages_py
[ 85%] Built target robot_coordination_generate_messages_cpp
[ 85%] Built target robot_coordination_generate_messages_eus
[35m[1mScanning dependencies of target robot_node[0m
[ 88%] [32mBuilding CXX object CMakeFiles/robot_node.dir/src/node.cpp.o[0m
[ 92%] [32mBuilding CXX object CMakeFiles/robot_node.dir/src/robot.cpp.o[0m
[ 96%] [32mBuilding CXX object CMakeFiles/robot_node.dir/src/waypoint.cpp.o[0m
[35m[1mScanning dependencies of target robot_coordination_generate_messages[0m
[ 96%] Built target robot_coordination_generate_messages
[100%] [32m[1mLinking CXX executable /home/timur/mkr_tm_ws/devel/.private/robot_coordination/lib/robot_coordination/robot_node[0m
[100%] Built target robot_node
