[35m[1mScanning dependencies of target _stdr_msgs_generate_messages_check_deps_RegisterRobotAction[0m
[35m[1mScanning dependencies of target _stdr_msgs_generate_messages_check_deps_SpawnRobotFeedback[0m
[35m[1mScanning dependencies of target _stdr_msgs_generate_messages_check_deps_Noise[0m
[35m[1mScanning dependencies of target _stdr_msgs_generate_messages_check_deps_ThermalSource[0m
[  0%] Built target _stdr_msgs_generate_messages_check_deps_SpawnRobotFeedback
[  0%] Built target _stdr_msgs_generate_messages_check_deps_RegisterRobotAction
[35m[1mScanning dependencies of target _stdr_msgs_generate_messages_check_deps_AddRfidTag[0m
[  0%] Built target _stdr_msgs_generate_messages_check_deps_Noise
[  0%] Built target _stdr_msgs_generate_messages_check_deps_ThermalSource
[  0%] Built target _stdr_msgs_generate_messages_check_deps_AddRfidTag
[35m[1mScanning dependencies of target _stdr_msgs_generate_messages_check_deps_DeleteRobotActionGoal[0m
[35m[1mScanning dependencies of target _stdr_msgs_generate_messages_check_deps_AddThermalSource[0m
[  0%] Built target _stdr_msgs_generate_messages_check_deps_DeleteRobotActionGoal
[  0%] Built target _stdr_msgs_generate_messages_check_deps_AddThermalSource
[35m[1mScanning dependencies of target _stdr_msgs_generate_messages_check_deps_RegisterGui[0m
[35m[1mScanning dependencies of target _stdr_msgs_generate_messages_check_deps_DeleteRobotActionResult[0m
[  0%] Built target _stdr_msgs_generate_messages_check_deps_RegisterGui
[35m[1mScanning dependencies of target _stdr_msgs_generate_messages_check_deps_AddSoundSource[0m
[  0%] Built target _stdr_msgs_generate_messages_check_deps_DeleteRobotActionResult
[  0%] Built target _stdr_msgs_generate_messages_check_deps_AddSoundSource
[35m[1mScanning dependencies of target nav_msgs_generate_messages_py[0m
[  0%] Built target nav_msgs_generate_messages_py
[35m[1mScanning dependencies of target std_msgs_generate_messages_py[0m
[35m[1mScanning dependencies of target _stdr_msgs_generate_messages_check_deps_SpawnRobotActionResult[0m
[  0%] Built target std_msgs_generate_messages_py
[  0%] Built target _stdr_msgs_generate_messages_check_deps_SpawnRobotActionResult
[35m[1mScanning dependencies of target _stdr_msgs_generate_messages_check_deps_SoundSensorMeasurementMsg[0m
[35m[1mScanning dependencies of target _stdr_msgs_generate_messages_check_deps_RegisterRobotFeedback[0m
[  0%] Built target _stdr_msgs_generate_messages_check_deps_SoundSensorMeasurementMsg
[35m[1mScanning dependencies of target _stdr_msgs_generate_messages_check_deps_FootprintMsg[0m
[35m[1mScanning dependencies of target _stdr_msgs_generate_messages_check_deps_CO2SensorMeasurementMsg[0m
[  0%] Built target _stdr_msgs_generate_messages_check_deps_RegisterRobotFeedback
[  0%] Built target _stdr_msgs_generate_messages_check_deps_FootprintMsg
[35m[1mScanning dependencies of target geometry_msgs_generate_messages_py[0m
[35m[1mScanning dependencies of target _stdr_msgs_generate_messages_check_deps_SpawnRobotResult[0m
[  0%] Built target _stdr_msgs_generate_messages_check_deps_CO2SensorMeasurementMsg
[35m[1mScanning dependencies of target _stdr_msgs_generate_messages_check_deps_RobotMsg[0m
[35m[1mScanning dependencies of target _stdr_msgs_generate_messages_check_deps_LaserSensorMsg[0m
[  0%] Built target geometry_msgs_generate_messages_py
[35m[1mScanning dependencies of target _stdr_msgs_generate_messages_check_deps_AddCO2Source[0m
[35m[1mScanning dependencies of target _stdr_msgs_generate_messages_check_deps_SoundSource[0m
[  0%] Built target _stdr_msgs_generate_messages_check_deps_SpawnRobotResult
[  0%] Built target _stdr_msgs_generate_messages_check_deps_RobotMsg
[  0%] Built target _stdr_msgs_generate_messages_check_deps_LaserSensorMsg
[  0%] Built target _stdr_msgs_generate_messages_check_deps_AddCO2Source
[35m[1mScanning dependencies of target _stdr_msgs_generate_messages_check_deps_RegisterRobotResult[0m
[35m[1mScanning dependencies of target _stdr_msgs_generate_messages_check_deps_SoundSourceVector[0m
[35m[1mScanning dependencies of target _stdr_msgs_generate_messages_check_deps_RfidTag[0m
[35m[1mScanning dependencies of target _stdr_msgs_generate_messages_check_deps_RegisterRobotActionFeedback[0m
[  0%] Built target _stdr_msgs_generate_messages_check_deps_SoundSource
[35m[1mScanning dependencies of target actionlib_msgs_generate_messages_py[0m
[  0%] Built target actionlib_msgs_generate_messages_py
[  0%] Built target _stdr_msgs_generate_messages_check_deps_RegisterRobotResult
[  0%] Built target _stdr_msgs_generate_messages_check_deps_SoundSourceVector
[  0%] Built target _stdr_msgs_generate_messages_check_deps_RfidTag
[35m[1mScanning dependencies of target _stdr_msgs_generate_messages_check_deps_MoveRobot[0m
[  0%] Built target _stdr_msgs_generate_messages_check_deps_RegisterRobotActionFeedback
[35m[1mScanning dependencies of target _stdr_msgs_generate_messages_check_deps_RegisterRobotGoal[0m
[35m[1mScanning dependencies of target _stdr_msgs_generate_messages_check_deps_DeleteCO2Source[0m
[35m[1mScanning dependencies of target _stdr_msgs_generate_messages_check_deps_DeleteRobotResult[0m
[35m[1mScanning dependencies of target _stdr_msgs_generate_messages_check_deps_SpawnRobotActionGoal[0m
[35m[1mScanning dependencies of target _stdr_msgs_generate_messages_check_deps_SoundSensorMsg[0m
[  0%] Built target _stdr_msgs_generate_messages_check_deps_MoveRobot
[  0%] Built target _stdr_msgs_generate_messages_check_deps_DeleteCO2Source
[  0%] Built target _stdr_msgs_generate_messages_check_deps_RegisterRobotGoal
[  0%] Built target _stdr_msgs_generate_messages_check_deps_DeleteRobotResult
[35m[1mScanning dependencies of target _stdr_msgs_generate_messages_check_deps_SpawnRobotActionFeedback[0m
[  0%] Built target _stdr_msgs_generate_messages_check_deps_SpawnRobotActionGoal
[35m[1mScanning dependencies of target _stdr_msgs_generate_messages_check_deps_KinematicMsg[0m
[35m[1mScanning dependencies of target _stdr_msgs_generate_messages_check_deps_SpawnRobotAction[0m
[35m[1mScanning dependencies of target _stdr_msgs_generate_messages_check_deps_DeleteRfidTag[0m
[35m[1mScanning dependencies of target _stdr_msgs_generate_messages_check_deps_RobotIndexedVectorMsg[0m
[  0%] Built target _stdr_msgs_generate_messages_check_deps_SoundSensorMsg
[35m[1mScanning dependencies of target _stdr_msgs_generate_messages_check_deps_CO2SourceVector[0m
[  0%] Built target _stdr_msgs_generate_messages_check_deps_SpawnRobotActionFeedback
[35m[1mScanning dependencies of target _stdr_msgs_generate_messages_check_deps_DeleteRobotFeedback[0m
[  0%] Built target _stdr_msgs_generate_messages_check_deps_KinematicMsg
[  0%] Built target _stdr_msgs_generate_messages_check_deps_DeleteRfidTag
[  0%] Built target _stdr_msgs_generate_messages_check_deps_RobotIndexedVectorMsg
[  0%] Built target _stdr_msgs_generate_messages_check_deps_SpawnRobotAction
[35m[1mScanning dependencies of target _stdr_msgs_generate_messages_check_deps_ThermalSourceVector[0m
[35m[1mScanning dependencies of target _stdr_msgs_generate_messages_check_deps_LoadExternalMap[0m
[35m[1mScanning dependencies of target _stdr_msgs_generate_messages_check_deps_LoadMap[0m
[35m[1mScanning dependencies of target _stdr_msgs_generate_messages_check_deps_RegisterRobotActionResult[0m
[  0%] Built target _stdr_msgs_generate_messages_check_deps_CO2SourceVector
[35m[1mScanning dependencies of target _stdr_msgs_generate_messages_check_deps_DeleteRobotAction[0m
[  0%] Built target _stdr_msgs_generate_messages_check_deps_DeleteRobotFeedback
[  0%] Built target _stdr_msgs_generate_messages_check_deps_LoadExternalMap
[  0%] Built target _stdr_msgs_generate_messages_check_deps_ThermalSourceVector
[  0%] Built target _stdr_msgs_generate_messages_check_deps_RegisterRobotActionResult
[  0%] Built target _stdr_msgs_generate_messages_check_deps_LoadMap
[  0%] Built target _stdr_msgs_generate_messages_check_deps_DeleteRobotAction
[35m[1mScanning dependencies of target _stdr_msgs_generate_messages_check_deps_CO2SensorMsg[0m
[35m[1mScanning dependencies of target _stdr_msgs_generate_messages_check_deps_DeleteRobotGoal[0m
[35m[1mScanning dependencies of target _stdr_msgs_generate_messages_check_deps_SpawnRobotGoal[0m
[35m[1mScanning dependencies of target _stdr_msgs_generate_messages_check_deps_CO2Source[0m
[35m[1mScanning dependencies of target _stdr_msgs_generate_messages_check_deps_RegisterRobotActionGoal[0m
[35m[1mScanning dependencies of target _stdr_msgs_generate_messages_check_deps_ThermalSensorMeasurementMsg[0m
[  0%] Built target _stdr_msgs_generate_messages_check_deps_CO2SensorMsg
[  0%] Built target _stdr_msgs_generate_messages_check_deps_CO2Source
[  0%] Built target _stdr_msgs_generate_messages_check_deps_RegisterRobotActionGoal
[35m[1mScanning dependencies of target _stdr_msgs_generate_messages_check_deps_DeleteRobotActionFeedback[0m
[  0%] Built target _stdr_msgs_generate_messages_check_deps_SpawnRobotGoal
[  0%] Built target _stdr_msgs_generate_messages_check_deps_ThermalSensorMeasurementMsg
[35m[1mScanning dependencies of target _stdr_msgs_generate_messages_check_deps_DeleteThermalSource[0m
[  0%] Built target _stdr_msgs_generate_messages_check_deps_DeleteRobotGoal
[35m[1mScanning dependencies of target _stdr_msgs_generate_messages_check_deps_RobotIndexedMsg[0m
[35m[1mScanning dependencies of target _stdr_msgs_generate_messages_check_deps_ThermalSensorMsg[0m
[35m[1mScanning dependencies of target _stdr_msgs_generate_messages_check_deps_DeleteSoundSource[0m
[35m[1mScanning dependencies of target _stdr_msgs_generate_messages_check_deps_RfidSensorMeasurementMsg[0m
[  0%] Built target _stdr_msgs_generate_messages_check_deps_DeleteRobotActionFeedback
[  0%] Built target _stdr_msgs_generate_messages_check_deps_DeleteThermalSource
[35m[1mScanning dependencies of target _stdr_msgs_generate_messages_check_deps_SonarSensorMsg[0m
[  0%] Built target _stdr_msgs_generate_messages_check_deps_ThermalSensorMsg
[  0%] Built target _stdr_msgs_generate_messages_check_deps_RobotIndexedMsg
[  0%] Built target _stdr_msgs_generate_messages_check_deps_DeleteSoundSource
[35m[1mScanning dependencies of target _stdr_msgs_generate_messages_check_deps_RfidTagVector[0m
[  0%] Built target _stdr_msgs_generate_messages_check_deps_RfidSensorMeasurementMsg
[35m[1mScanning dependencies of target _stdr_msgs_generate_messages_check_deps_RfidSensorMsg[0m
[35m[1mScanning dependencies of target nav_msgs_generate_messages_nodejs[0m
[35m[1mScanning dependencies of target geometry_msgs_generate_messages_nodejs[0m
[35m[1mScanning dependencies of target std_msgs_generate_messages_nodejs[0m
[  0%] Built target nav_msgs_generate_messages_nodejs
[  0%] Built target geometry_msgs_generate_messages_nodejs
[  0%] Built target _stdr_msgs_generate_messages_check_deps_SonarSensorMsg
[  0%] Built target std_msgs_generate_messages_nodejs
[35m[1mScanning dependencies of target actionlib_msgs_generate_messages_nodejs[0m
[35m[1mScanning dependencies of target actionlib_msgs_generate_messages_lisp[0m
[35m[1mScanning dependencies of target geometry_msgs_generate_messages_lisp[0m
[35m[1mScanning dependencies of target std_msgs_generate_messages_lisp[0m
[  0%] Built target _stdr_msgs_generate_messages_check_deps_RfidTagVector
[  0%] Built target actionlib_msgs_generate_messages_nodejs
[  0%] Built target actionlib_msgs_generate_messages_lisp
[  0%] Built target _stdr_msgs_generate_messages_check_deps_RfidSensorMsg
[  0%] Built target geometry_msgs_generate_messages_lisp
[  0%] Built target std_msgs_generate_messages_lisp
[35m[1mScanning dependencies of target nav_msgs_generate_messages_lisp[0m
[35m[1mScanning dependencies of target nav_msgs_generate_messages_eus[0m
[35m[1mScanning dependencies of target geometry_msgs_generate_messages_eus[0m
[35m[1mScanning dependencies of target std_msgs_generate_messages_eus[0m
[35m[1mScanning dependencies of target actionlib_msgs_generate_messages_eus[0m
[35m[1mScanning dependencies of target geometry_msgs_generate_messages_cpp[0m
[  0%] Built target nav_msgs_generate_messages_lisp
[  0%] Built target nav_msgs_generate_messages_eus
[  0%] Built target geometry_msgs_generate_messages_eus
[  0%] Built target std_msgs_generate_messages_eus
[  0%] Built target actionlib_msgs_generate_messages_eus
[  0%] Built target geometry_msgs_generate_messages_cpp
[35m[1mScanning dependencies of target actionlib_msgs_generate_messages_cpp[0m
[35m[1mScanning dependencies of target nav_msgs_generate_messages_cpp[0m
[35m[1mScanning dependencies of target std_msgs_generate_messages_cpp[0m
[35m[1mScanning dependencies of target stdr_msgs_generate_messages_py[0m
[35m[1mScanning dependencies of target stdr_msgs_generate_messages_nodejs[0m
[  0%] Built target nav_msgs_generate_messages_cpp
[  0%] Built target actionlib_msgs_generate_messages_cpp
[35m[1mScanning dependencies of target stdr_msgs_generate_messages_lisp[0m
[  0%] Built target std_msgs_generate_messages_cpp
[  1%] [34m[1mGenerating Javascript code from stdr_msgs/SoundSensorMeasurementMsg.msg[0m
[  1%] [34m[1mGenerating Javascript code from stdr_msgs/SpawnRobotResult.msg[0m
[  1%] [34m[1mGenerating Javascript code from stdr_msgs/RegisterRobotActionFeedback.msg[0m
[  1%] [34m[1mGenerating Python from MSG stdr_msgs/RegisterRobotActionFeedback[0m
[35m[1mScanning dependencies of target stdr_msgs_generate_messages_eus[0m
[  1%] [34m[1mGenerating Lisp code from stdr_msgs/RegisterRobotActionFeedback.msg[0m
[  2%] [34m[1mGenerating EusLisp code from stdr_msgs/RegisterRobotActionFeedback.msg[0m
[  2%] [34m[1mGenerating EusLisp code from stdr_msgs/SpawnRobotResult.msg[0m
[  2%] [34m[1mGenerating Lisp code from stdr_msgs/SpawnRobotResult.msg[0m
[  2%] [34m[1mGenerating Javascript code from stdr_msgs/RfidTag.msg[0m
[  2%] [34m[1mGenerating Javascript code from stdr_msgs/CO2Source.msg[0m
[  3%] [34m[1mGenerating Javascript code from stdr_msgs/DeleteRobotActionResult.msg[0m
[  3%] [34m[1mGenerating Lisp code from stdr_msgs/RfidTag.msg[0m
[  3%] [34m[1mGenerating Python from MSG stdr_msgs/SpawnRobotResult[0m
[  4%] [34m[1mGenerating Lisp code from stdr_msgs/SoundSensorMeasurementMsg.msg[0m
[35m[1mScanning dependencies of target stdr_msgs_generate_messages_cpp[0m
[  4%] [34m[1mGenerating EusLisp code from stdr_msgs/SoundSensorMeasurementMsg.msg[0m
[  4%] [34m[1mGenerating Javascript code from stdr_msgs/CO2SensorMeasurementMsg.msg[0m
[  5%] [34m[1mGenerating C++ code from stdr_msgs/RegisterRobotActionFeedback.msg[0m
[  6%] [34m[1mGenerating EusLisp code from stdr_msgs/RfidTag.msg[0m
[  6%] [34m[1mGenerating Lisp code from stdr_msgs/CO2Source.msg[0m
[  6%] [34m[1mGenerating Javascript code from stdr_msgs/SoundSensorMsg.msg[0m
[  7%] [34m[1mGenerating Javascript code from stdr_msgs/SpawnRobotActionFeedback.msg[0m
[  8%] [34m[1mGenerating Lisp code from stdr_msgs/DeleteRobotActionResult.msg[0m
[  9%] [34m[1mGenerating Python from MSG stdr_msgs/SoundSensorMeasurementMsg[0m
[  9%] [34m[1mGenerating EusLisp code from stdr_msgs/CO2Source.msg[0m
[  9%] [34m[1mGenerating Python from MSG stdr_msgs/RfidTag[0m
[  9%] [34m[1mGenerating Javascript code from stdr_msgs/SpawnRobotActionResult.msg[0m
[  9%] [34m[1mGenerating Lisp code from stdr_msgs/CO2SensorMeasurementMsg.msg[0m
[  9%] [34m[1mGenerating C++ code from stdr_msgs/SpawnRobotResult.msg[0m
[  9%] [34m[1mGenerating EusLisp code from stdr_msgs/DeleteRobotActionResult.msg[0m
[  9%] [34m[1mGenerating Lisp code from stdr_msgs/SoundSensorMsg.msg[0m
[  9%] [34m[1mGenerating Javascript code from stdr_msgs/DeleteRobotActionGoal.msg[0m
[  9%] [34m[1mGenerating Python from MSG stdr_msgs/CO2Source[0m
[ 10%] [34m[1mGenerating Lisp code from stdr_msgs/SpawnRobotActionFeedback.msg[0m
[ 11%] [34m[1mGenerating Javascript code from stdr_msgs/SpawnRobotAction.msg[0m
[ 12%] [34m[1mGenerating EusLisp code from stdr_msgs/CO2SensorMeasurementMsg.msg[0m
[ 12%] [34m[1mGenerating C++ code from stdr_msgs/SoundSensorMeasurementMsg.msg[0m
[ 12%] [34m[1mGenerating Javascript code from stdr_msgs/RobotIndexedVectorMsg.msg[0m
[ 12%] [34m[1mGenerating Lisp code from stdr_msgs/SpawnRobotActionResult.msg[0m
[ 12%] [34m[1mGenerating EusLisp code from stdr_msgs/SoundSensorMsg.msg[0m
[ 13%] [34m[1mGenerating Python from MSG stdr_msgs/DeleteRobotActionResult[0m
[ 13%] [34m[1mGenerating Lisp code from stdr_msgs/DeleteRobotActionGoal.msg[0m
[ 13%] [34m[1mGenerating Javascript code from stdr_msgs/CO2SourceVector.msg[0m
[ 14%] [34m[1mGenerating Lisp code from stdr_msgs/SpawnRobotAction.msg[0m
[ 14%] [34m[1mGenerating EusLisp code from stdr_msgs/SpawnRobotActionFeedback.msg[0m
[ 15%] [34m[1mGenerating Javascript code from stdr_msgs/DeleteRobotFeedback.msg[0m
[ 16%] [34m[1mGenerating C++ code from stdr_msgs/RfidTag.msg[0m
[ 16%] [34m[1mGenerating Python from MSG stdr_msgs/CO2SensorMeasurementMsg[0m
[ 16%] [34m[1mGenerating Lisp code from stdr_msgs/RobotIndexedVectorMsg.msg[0m
[ 16%] [34m[1mGenerating Javascript code from stdr_msgs/SpawnRobotFeedback.msg[0m
[ 17%] [34m[1mGenerating EusLisp code from stdr_msgs/SpawnRobotActionResult.msg[0m
[ 17%] [34m[1mGenerating Lisp code from stdr_msgs/CO2SourceVector.msg[0m
[ 17%] [34m[1mGenerating Javascript code from stdr_msgs/RegisterRobotActionResult.msg[0m
[ 17%] [34m[1mGenerating EusLisp code from stdr_msgs/DeleteRobotActionGoal.msg[0m
[ 17%] [34m[1mGenerating Python from MSG stdr_msgs/SoundSensorMsg[0m
[ 18%] [34m[1mGenerating Lisp code from stdr_msgs/DeleteRobotFeedback.msg[0m
[ 19%] [34m[1mGenerating Javascript code from stdr_msgs/SoundSource.msg[0m
[ 19%] [34m[1mGenerating C++ code from stdr_msgs/CO2Source.msg[0m
[ 19%] [34m[1mGenerating Lisp code from stdr_msgs/SpawnRobotFeedback.msg[0m
[ 19%] [34m[1mGenerating Javascript code from stdr_msgs/SoundSourceVector.msg[0m
[ 19%] [34m[1mGenerating EusLisp code from stdr_msgs/SpawnRobotAction.msg[0m
[ 19%] [34m[1mGenerating Javascript code from stdr_msgs/DeleteRobotResult.msg[0m
[ 19%] [34m[1mGenerating Lisp code from stdr_msgs/RegisterRobotActionResult.msg[0m
[ 20%] [34m[1mGenerating Python from MSG stdr_msgs/SpawnRobotActionFeedback[0m
[ 21%] [34m[1mGenerating Javascript code from stdr_msgs/SpawnRobotActionGoal.msg[0m
[ 22%] [34m[1mGenerating EusLisp code from stdr_msgs/RobotIndexedVectorMsg.msg[0m
[ 23%] [34m[1mGenerating Lisp code from stdr_msgs/SoundSource.msg[0m
[ 23%] [34m[1mGenerating C++ code from stdr_msgs/DeleteRobotActionResult.msg[0m
[ 23%] [34m[1mGenerating Python from MSG stdr_msgs/SpawnRobotActionResult[0m
[ 23%] [34m[1mGenerating Javascript code from stdr_msgs/RfidSensorMsg.msg[0m
[ 23%] [34m[1mGenerating Lisp code from stdr_msgs/SoundSourceVector.msg[0m
[ 23%] [34m[1mGenerating EusLisp code from stdr_msgs/CO2SourceVector.msg[0m
[ 23%] [34m[1mGenerating Lisp code from stdr_msgs/DeleteRobotResult.msg[0m
[ 23%] [34m[1mGenerating Javascript code from stdr_msgs/DeleteRobotAction.msg[0m
[ 23%] [34m[1mGenerating EusLisp code from stdr_msgs/DeleteRobotFeedback.msg[0m
[ 24%] [34m[1mGenerating C++ code from stdr_msgs/CO2SensorMeasurementMsg.msg[0m
[ 25%] [34m[1mGenerating Lisp code from stdr_msgs/SpawnRobotActionGoal.msg[0m
[ 25%] [34m[1mGenerating Python from MSG stdr_msgs/DeleteRobotActionGoal[0m
[ 26%] [34m[1mGenerating Javascript code from stdr_msgs/RobotIndexedMsg.msg[0m
[ 27%] [34m[1mGenerating EusLisp code from stdr_msgs/SpawnRobotFeedback.msg[0m
[ 27%] [34m[1mGenerating Lisp code from stdr_msgs/RfidSensorMsg.msg[0m
[ 27%] [34m[1mGenerating Javascript code from stdr_msgs/RegisterRobotFeedback.msg[0m
[ 27%] [34m[1mGenerating Lisp code from stdr_msgs/DeleteRobotAction.msg[0m
[ 27%] [34m[1mGenerating Javascript code from stdr_msgs/ThermalSensorMeasurementMsg.msg[0m
[ 28%] [34m[1mGenerating C++ code from stdr_msgs/SoundSensorMsg.msg[0m
[ 28%] [34m[1mGenerating Python from MSG stdr_msgs/SpawnRobotAction[0m
[ 28%] [34m[1mGenerating EusLisp code from stdr_msgs/RegisterRobotActionResult.msg[0m
[ 29%] [34m[1mGenerating Lisp code from stdr_msgs/RobotIndexedMsg.msg[0m
[ 30%] [34m[1mGenerating Javascript code from stdr_msgs/RegisterRobotActionGoal.msg[0m
[ 30%] [34m[1mGenerating EusLisp code from stdr_msgs/SoundSource.msg[0m
[ 30%] [34m[1mGenerating Lisp code from stdr_msgs/RegisterRobotFeedback.msg[0m
[ 30%] [34m[1mGenerating Javascript code from stdr_msgs/SpawnRobotGoal.msg[0m
[ 30%] [34m[1mGenerating Python from MSG stdr_msgs/RobotIndexedVectorMsg[0m
[ 30%] [34m[1mGenerating C++ code from stdr_msgs/SpawnRobotActionFeedback.msg[0m
[ 30%] [34m[1mGenerating Lisp code from stdr_msgs/ThermalSensorMeasurementMsg.msg[0m
[ 30%] [34m[1mGenerating Javascript code from stdr_msgs/KinematicMsg.msg[0m
[ 31%] [34m[1mGenerating EusLisp code from stdr_msgs/SoundSourceVector.msg[0m
[ 34%] [34m[1mGenerating Lisp code from stdr_msgs/RegisterRobotActionGoal.msg[0m
[ 34%] [34m[1mGenerating Javascript code from stdr_msgs/DeleteRobotGoal.msg[0m
[ 34%] [34m[1mGenerating EusLisp code from stdr_msgs/DeleteRobotResult.msg[0m
[ 34%] [34m[1mGenerating Python from MSG stdr_msgs/CO2SourceVector[0m
[ 34%] [34m[1mGenerating Javascript code from stdr_msgs/DeleteRobotActionFeedback.msg[0m
[ 34%] [34m[1mGenerating Lisp code from stdr_msgs/SpawnRobotGoal.msg[0m
[ 35%] [34m[1mGenerating C++ code from stdr_msgs/SpawnRobotActionResult.msg[0m
[ 35%] [34m[1mGenerating Lisp code from stdr_msgs/KinematicMsg.msg[0m
[ 35%] [34m[1mGenerating Javascript code from stdr_msgs/RobotMsg.msg[0m
[ 35%] [34m[1mGenerating EusLisp code from stdr_msgs/SpawnRobotActionGoal.msg[0m
[ 36%] [34m[1mGenerating Python from MSG stdr_msgs/DeleteRobotFeedback[0m
[ 37%] [34m[1mGenerating Lisp code from stdr_msgs/DeleteRobotGoal.msg[0m
[ 38%] [34m[1mGenerating Javascript code from stdr_msgs/Noise.msg[0m
[ 39%] [34m[1mGenerating EusLisp code from stdr_msgs/RfidSensorMsg.msg[0m
[ 39%] [34m[1mGenerating Lisp code from stdr_msgs/DeleteRobotActionFeedback.msg[0m
[ 39%] [34m[1mGenerating Javascript code from stdr_msgs/ThermalSensorMsg.msg[0m
[ 39%] [34m[1mGenerating C++ code from stdr_msgs/DeleteRobotActionGoal.msg[0m
[ 39%] [34m[1mGenerating Lisp code from stdr_msgs/RobotMsg.msg[0m
[ 39%] [34m[1mGenerating EusLisp code from stdr_msgs/DeleteRobotAction.msg[0m
[ 39%] [34m[1mGenerating Python from MSG stdr_msgs/SpawnRobotFeedback[0m
[ 39%] [34m[1mGenerating Javascript code from stdr_msgs/ThermalSourceVector.msg[0m
[ 41%] [34m[1mGenerating Javascript code from stdr_msgs/FootprintMsg.msg[0m
[ 41%] [34m[1mGenerating Lisp code from stdr_msgs/Noise.msg[0m
[ 41%] [34m[1mGenerating EusLisp code from stdr_msgs/RobotIndexedMsg.msg[0m
[ 41%] [34m[1mGenerating Lisp code from stdr_msgs/ThermalSensorMsg.msg[0m
[ 41%] [34m[1mGenerating Javascript code from stdr_msgs/CO2SensorMsg.msg[0m
[ 41%] [34m[1mGenerating C++ code from stdr_msgs/SpawnRobotAction.msg[0m
[ 41%] [34m[1mGenerating Python from MSG stdr_msgs/RegisterRobotActionResult[0m
[ 41%] [34m[1mGenerating Lisp code from stdr_msgs/ThermalSourceVector.msg[0m
[ 41%] [34m[1mGenerating Javascript code from stdr_msgs/SonarSensorMsg.msg[0m
[ 42%] [34m[1mGenerating EusLisp code from stdr_msgs/RegisterRobotFeedback.msg[0m
[ 43%] [34m[1mGenerating Javascript code from stdr_msgs/RfidTagVector.msg[0m
[ 44%] [34m[1mGenerating Lisp code from stdr_msgs/FootprintMsg.msg[0m
[ 45%] [34m[1mGenerating Python from MSG stdr_msgs/SoundSource[0m
[ 45%] [34m[1mGenerating EusLisp code from stdr_msgs/ThermalSensorMeasurementMsg.msg[0m
[ 46%] [34m[1mGenerating Lisp code from stdr_msgs/CO2SensorMsg.msg[0m
[ 46%] [34m[1mGenerating C++ code from stdr_msgs/RobotIndexedVectorMsg.msg[0m
[ 46%] [34m[1mGenerating Javascript code from stdr_msgs/ThermalSource.msg[0m
[ 46%] [34m[1mGenerating Lisp code from stdr_msgs/SonarSensorMsg.msg[0m
[ 46%] [34m[1mGenerating Javascript code from stdr_msgs/RegisterRobotAction.msg[0m
[ 46%] [34m[1mGenerating EusLisp code from stdr_msgs/RegisterRobotActionGoal.msg[0m
[ 46%] [34m[1mGenerating Python from MSG stdr_msgs/SoundSourceVector[0m
[ 47%] [34m[1mGenerating Lisp code from stdr_msgs/RfidTagVector.msg[0m
[ 48%] [34m[1mGenerating Javascript code from stdr_msgs/RegisterRobotGoal.msg[0m
[ 48%] [34m[1mGenerating Javascript code from stdr_msgs/LaserSensorMsg.msg[0m
[ 49%] [34m[1mGenerating EusLisp code from stdr_msgs/SpawnRobotGoal.msg[0m
[ 49%] [34m[1mGenerating C++ code from stdr_msgs/CO2SourceVector.msg[0m
[ 49%] [34m[1mGenerating Lisp code from stdr_msgs/ThermalSource.msg[0m
[ 49%] [34m[1mGenerating Javascript code from stdr_msgs/RegisterRobotResult.msg[0m
[ 49%] [34m[1mGenerating Python from MSG stdr_msgs/DeleteRobotResult[0m
[ 50%] [34m[1mGenerating Javascript code from stdr_msgs/RfidSensorMeasurementMsg.msg[0m
[ 51%] [34m[1mGenerating Python from MSG stdr_msgs/SpawnRobotActionGoal[0m
[ 51%] [34m[1mGenerating Lisp code from stdr_msgs/RegisterRobotAction.msg[0m
[ 51%] [34m[1mGenerating EusLisp code from stdr_msgs/KinematicMsg.msg[0m
[ 51%] [34m[1mGenerating Javascript code from stdr_msgs/MoveRobot.srv[0m
[ 52%] [34m[1mGenerating Lisp code from stdr_msgs/RegisterRobotGoal.msg[0m
[ 52%] [34m[1mGenerating C++ code from stdr_msgs/DeleteRobotFeedback.msg[0m
[ 52%] [34m[1mGenerating Javascript code from stdr_msgs/AddRfidTag.srv[0m
[ 53%] [34m[1mGenerating Javascript code from stdr_msgs/RegisterGui.srv[0m
[ 53%] [34m[1mGenerating EusLisp code from stdr_msgs/DeleteRobotGoal.msg[0m
[ 53%] [34m[1mGenerating Lisp code from stdr_msgs/LaserSensorMsg.msg[0m
[ 53%] [34m[1mGenerating Javascript code from stdr_msgs/DeleteSoundSource.srv[0m
[ 53%] [34m[1mGenerating Python from MSG stdr_msgs/RfidSensorMsg[0m
[ 53%] [34m[1mGenerating Python from MSG stdr_msgs/DeleteRobotAction[0m
[ 53%] [34m[1mGenerating Lisp code from stdr_msgs/RegisterRobotResult.msg[0m
[ 53%] [34m[1mGenerating Javascript code from stdr_msgs/AddThermalSource.srv[0m
[ 54%] [34m[1mGenerating EusLisp code from stdr_msgs/DeleteRobotActionFeedback.msg[0m
[ 55%] [34m[1mGenerating C++ code from stdr_msgs/SpawnRobotFeedback.msg[0m
[ 56%] [34m[1mGenerating Lisp code from stdr_msgs/RfidSensorMeasurementMsg.msg[0m
[ 57%] [34m[1mGenerating Javascript code from stdr_msgs/DeleteCO2Source.srv[0m
[ 57%] [34m[1mGenerating Javascript code from stdr_msgs/LoadMap.srv[0m
[ 57%] [34m[1mGenerating EusLisp code from stdr_msgs/RobotMsg.msg[0m
[ 57%] [34m[1mGenerating Lisp code from stdr_msgs/MoveRobot.srv[0m
[ 57%] [34m[1mGenerating Lisp code from stdr_msgs/AddRfidTag.srv[0m
[ 58%] [34m[1mGenerating Python from MSG stdr_msgs/RobotIndexedMsg[0m
[ 58%] [34m[1mGenerating Javascript code from stdr_msgs/AddCO2Source.srv[0m
[ 59%] [34m[1mGenerating Javascript code from stdr_msgs/LoadExternalMap.srv[0m
[ 60%] [34m[1mGenerating Lisp code from stdr_msgs/RegisterGui.srv[0m
[ 60%] [34m[1mGenerating Javascript code from stdr_msgs/AddSoundSource.srv[0m
[ 60%] [34m[1mGenerating EusLisp code from stdr_msgs/Noise.msg[0m
[ 60%] [34m[1mGenerating C++ code from stdr_msgs/RegisterRobotActionResult.msg[0m
[ 60%] [34m[1mGenerating C++ code from stdr_msgs/SoundSource.msg[0m
[ 60%] [34m[1mGenerating Lisp code from stdr_msgs/DeleteSoundSource.srv[0m
[ 60%] [34m[1mGenerating Javascript code from stdr_msgs/DeleteThermalSource.srv[0m
[ 60%] [34m[1mGenerating Python from MSG stdr_msgs/RegisterRobotFeedback[0m
[ 61%] [34m[1mGenerating EusLisp code from stdr_msgs/ThermalSensorMsg.msg[0m
[ 61%] [34m[1mGenerating Lisp code from stdr_msgs/AddThermalSource.srv[0m
[ 62%] [34m[1mGenerating Javascript code from stdr_msgs/DeleteRfidTag.srv[0m
[ 63%] [34m[1mGenerating Lisp code from stdr_msgs/DeleteCO2Source.srv[0m
[ 63%] Built target stdr_msgs_generate_messages_nodejs
[ 63%] [34m[1mGenerating Lisp code from stdr_msgs/LoadMap.srv[0m
[ 63%] [34m[1mGenerating EusLisp code from stdr_msgs/ThermalSourceVector.msg[0m
[ 63%] [34m[1mGenerating EusLisp code from stdr_msgs/FootprintMsg.msg[0m
[ 63%] [34m[1mGenerating Python from MSG stdr_msgs/ThermalSensorMeasurementMsg[0m
[ 64%] [34m[1mGenerating C++ code from stdr_msgs/DeleteRobotResult.msg[0m
[ 64%] [34m[1mGenerating C++ code from stdr_msgs/SoundSourceVector.msg[0m
[ 64%] [34m[1mGenerating Lisp code from stdr_msgs/AddCO2Source.srv[0m
[ 64%] [34m[1mGenerating C++ code from stdr_msgs/SpawnRobotActionGoal.msg[0m
[ 65%] [34m[1mGenerating EusLisp code from stdr_msgs/CO2SensorMsg.msg[0m
[ 67%] [34m[1mGenerating Lisp code from stdr_msgs/LoadExternalMap.srv[0m
[ 68%] [34m[1mGenerating Python from MSG stdr_msgs/RegisterRobotActionGoal[0m
[ 68%] [34m[1mGenerating Lisp code from stdr_msgs/AddSoundSource.srv[0m
[ 68%] [34m[1mGenerating EusLisp code from stdr_msgs/SonarSensorMsg.msg[0m
[ 69%] [34m[1mGenerating C++ code from stdr_msgs/RfidSensorMsg.msg[0m
[ 69%] [34m[1mGenerating Python from MSG stdr_msgs/SpawnRobotGoal[0m
[ 69%] [34m[1mGenerating Lisp code from stdr_msgs/DeleteThermalSource.srv[0m
[ 69%] [34m[1mGenerating C++ code from stdr_msgs/DeleteRobotAction.msg[0m
[ 69%] [34m[1mGenerating C++ code from stdr_msgs/RobotIndexedMsg.msg[0m
[ 69%] [34m[1mGenerating EusLisp code from stdr_msgs/RfidTagVector.msg[0m
[ 70%] [34m[1mGenerating Lisp code from stdr_msgs/DeleteRfidTag.srv[0m
[ 70%] [34m[1mGenerating Python from MSG stdr_msgs/KinematicMsg[0m
[ 70%] Built target stdr_msgs_generate_messages_lisp
[ 71%] [34m[1mGenerating Python from MSG stdr_msgs/DeleteRobotGoal[0m
[ 72%] [34m[1mGenerating EusLisp code from stdr_msgs/ThermalSource.msg[0m
[ 72%] [34m[1mGenerating Python from MSG stdr_msgs/DeleteRobotActionFeedback[0m
[ 73%] [34m[1mGenerating C++ code from stdr_msgs/RegisterRobotFeedback.msg[0m
[ 73%] [34m[1mGenerating C++ code from stdr_msgs/ThermalSensorMeasurementMsg.msg[0m
[ 73%] [34m[1mGenerating EusLisp code from stdr_msgs/RegisterRobotAction.msg[0m
[ 73%] [34m[1mGenerating EusLisp code from stdr_msgs/RegisterRobotGoal.msg[0m
[ 74%] [34m[1mGenerating EusLisp code from stdr_msgs/LaserSensorMsg.msg[0m
[ 74%] [34m[1mGenerating EusLisp code from stdr_msgs/RegisterRobotResult.msg[0m
[ 74%] [34m[1mGenerating Python from MSG stdr_msgs/RobotMsg[0m
[ 75%] [34m[1mGenerating Python from MSG stdr_msgs/Noise[0m
[ 75%] [34m[1mGenerating Python from MSG stdr_msgs/ThermalSensorMsg[0m
[ 75%] [34m[1mGenerating Python from MSG stdr_msgs/ThermalSourceVector[0m
[ 75%] [34m[1mGenerating EusLisp code from stdr_msgs/RfidSensorMeasurementMsg.msg[0m
[ 75%] [34m[1mGenerating C++ code from stdr_msgs/RegisterRobotActionGoal.msg[0m
[ 76%] [34m[1mGenerating C++ code from stdr_msgs/SpawnRobotGoal.msg[0m
[ 76%] [34m[1mGenerating C++ code from stdr_msgs/KinematicMsg.msg[0m
[ 76%] [34m[1mGenerating C++ code from stdr_msgs/DeleteRobotGoal.msg[0m
[ 77%] [34m[1mGenerating EusLisp code from stdr_msgs/MoveRobot.srv[0m
[ 78%] [34m[1mGenerating Python from MSG stdr_msgs/FootprintMsg[0m
[ 79%] [34m[1mGenerating C++ code from stdr_msgs/DeleteRobotActionFeedback.msg[0m
[ 79%] [34m[1mGenerating EusLisp code from stdr_msgs/AddRfidTag.srv[0m
[ 79%] [34m[1mGenerating C++ code from stdr_msgs/RobotMsg.msg[0m
[ 79%] [34m[1mGenerating C++ code from stdr_msgs/Noise.msg[0m
[ 80%] [34m[1mGenerating C++ code from stdr_msgs/ThermalSensorMsg.msg[0m
[ 80%] [34m[1mGenerating Python from MSG stdr_msgs/CO2SensorMsg[0m
[ 80%] [34m[1mGenerating C++ code from stdr_msgs/ThermalSourceVector.msg[0m
[ 80%] [34m[1mGenerating EusLisp code from stdr_msgs/RegisterGui.srv[0m
[ 80%] [34m[1mGenerating C++ code from stdr_msgs/FootprintMsg.msg[0m
[ 81%] [34m[1mGenerating EusLisp code from stdr_msgs/DeleteSoundSource.srv[0m
[ 82%] [34m[1mGenerating C++ code from stdr_msgs/CO2SensorMsg.msg[0m
[ 82%] [34m[1mGenerating Python from MSG stdr_msgs/SonarSensorMsg[0m
[ 82%] [34m[1mGenerating C++ code from stdr_msgs/SonarSensorMsg.msg[0m
[ 82%] [34m[1mGenerating C++ code from stdr_msgs/RfidTagVector.msg[0m
[ 83%] [34m[1mGenerating C++ code from stdr_msgs/ThermalSource.msg[0m
[ 83%] [34m[1mGenerating EusLisp code from stdr_msgs/AddThermalSource.srv[0m
[ 83%] [34m[1mGenerating C++ code from stdr_msgs/RegisterRobotAction.msg[0m
[ 84%] [34m[1mGenerating Python from MSG stdr_msgs/RfidTagVector[0m
[ 84%] [34m[1mGenerating EusLisp code from stdr_msgs/DeleteCO2Source.srv[0m
[ 84%] [34m[1mGenerating C++ code from stdr_msgs/RegisterRobotGoal.msg[0m
[ 85%] [34m[1mGenerating C++ code from stdr_msgs/LaserSensorMsg.msg[0m
[ 85%] [34m[1mGenerating C++ code from stdr_msgs/RegisterRobotResult.msg[0m
[ 86%] [34m[1mGenerating EusLisp code from stdr_msgs/LoadMap.srv[0m
[ 86%] [34m[1mGenerating C++ code from stdr_msgs/RfidSensorMeasurementMsg.msg[0m
[ 86%] [34m[1mGenerating Python from MSG stdr_msgs/ThermalSource[0m
[ 87%] [34m[1mGenerating C++ code from stdr_msgs/MoveRobot.srv[0m
[ 87%] [34m[1mGenerating EusLisp code from stdr_msgs/AddCO2Source.srv[0m
[ 87%] [34m[1mGenerating C++ code from stdr_msgs/AddRfidTag.srv[0m
[ 87%] [34m[1mGenerating C++ code from stdr_msgs/RegisterGui.srv[0m
[ 88%] [34m[1mGenerating C++ code from stdr_msgs/DeleteSoundSource.srv[0m
[ 88%] [34m[1mGenerating C++ code from stdr_msgs/AddThermalSource.srv[0m
[ 88%] [34m[1mGenerating Python from MSG stdr_msgs/RegisterRobotAction[0m
[ 88%] [34m[1mGenerating C++ code from stdr_msgs/DeleteCO2Source.srv[0m
[ 88%] [34m[1mGenerating EusLisp code from stdr_msgs/LoadExternalMap.srv[0m
[ 89%] [34m[1mGenerating EusLisp code from stdr_msgs/AddSoundSource.srv[0m
[ 90%] [34m[1mGenerating Python from MSG stdr_msgs/RegisterRobotGoal[0m
[ 91%] [34m[1mGenerating C++ code from stdr_msgs/LoadMap.srv[0m
[ 91%] [34m[1mGenerating EusLisp code from stdr_msgs/DeleteThermalSource.srv[0m
[ 91%] [34m[1mGenerating C++ code from stdr_msgs/AddCO2Source.srv[0m
[ 91%] [34m[1mGenerating Python from MSG stdr_msgs/LaserSensorMsg[0m
[ 91%] [34m[1mGenerating EusLisp code from stdr_msgs/DeleteRfidTag.srv[0m
[ 91%] [34m[1mGenerating C++ code from stdr_msgs/LoadExternalMap.srv[0m
[ 92%] [34m[1mGenerating Python from MSG stdr_msgs/RegisterRobotResult[0m
[ 92%] [34m[1mGenerating C++ code from stdr_msgs/AddSoundSource.srv[0m
[ 92%] [34m[1mGenerating C++ code from stdr_msgs/DeleteThermalSource.srv[0m
[ 93%] [34m[1mGenerating EusLisp manifest code for stdr_msgs[0m
[ 93%] [34m[1mGenerating C++ code from stdr_msgs/DeleteRfidTag.srv[0m
[ 94%] [34m[1mGenerating Python from MSG stdr_msgs/RfidSensorMeasurementMsg[0m
[ 94%] [34m[1mGenerating Python code from SRV stdr_msgs/MoveRobot[0m
[ 94%] [34m[1mGenerating Python code from SRV stdr_msgs/AddRfidTag[0m
[ 95%] [34m[1mGenerating Python code from SRV stdr_msgs/RegisterGui[0m
[ 95%] [34m[1mGenerating Python code from SRV stdr_msgs/AddThermalSource[0m
[ 95%] [34m[1mGenerating Python code from SRV stdr_msgs/DeleteSoundSource[0m
[ 96%] [34m[1mGenerating Python code from SRV stdr_msgs/DeleteCO2Source[0m
[ 96%] [34m[1mGenerating Python code from SRV stdr_msgs/LoadMap[0m
[ 96%] [34m[1mGenerating Python code from SRV stdr_msgs/AddCO2Source[0m
[ 96%] Built target stdr_msgs_generate_messages_cpp
[ 97%] [34m[1mGenerating Python code from SRV stdr_msgs/LoadExternalMap[0m
[ 97%] [34m[1mGenerating Python code from SRV stdr_msgs/AddSoundSource[0m
[ 97%] [34m[1mGenerating Python code from SRV stdr_msgs/DeleteThermalSource[0m
[ 98%] [34m[1mGenerating Python code from SRV stdr_msgs/DeleteRfidTag[0m
[100%] [34m[1mGenerating Python srv __init__.py for stdr_msgs[0m
[100%] [34m[1mGenerating Python msg __init__.py for stdr_msgs[0m
[100%] Built target stdr_msgs_generate_messages_py
[100%] Built target stdr_msgs_generate_messages_eus
[35m[1mScanning dependencies of target stdr_msgs_generate_messages[0m
[100%] Built target stdr_msgs_generate_messages
