[  0%] Built target _stdr_msgs_generate_messages_check_deps_SpawnRobotFeedback
[  0%] Built target _stdr_msgs_generate_messages_check_deps_RegisterRobotAction
[  0%] Built target _stdr_msgs_generate_messages_check_deps_Noise
[  0%] Built target _stdr_msgs_generate_messages_check_deps_ThermalSource
[  0%] Built target _stdr_msgs_generate_messages_check_deps_AddRfidTag
[  0%] Built target _stdr_msgs_generate_messages_check_deps_DeleteRobotActionGoal
[  0%] Built target _stdr_msgs_generate_messages_check_deps_AddThermalSource
[  0%] Built target _stdr_msgs_generate_messages_check_deps_RegisterGui
[  0%] Built target _stdr_msgs_generate_messages_check_deps_DeleteRobotActionResult
[  0%] Built target nav_msgs_generate_messages_py
[  0%] Built target std_msgs_generate_messages_py
[  0%] Built target _stdr_msgs_generate_messages_check_deps_AddSoundSource
[  0%] Built target _stdr_msgs_generate_messages_check_deps_SoundSensorMeasurementMsg
[  0%] Built target _stdr_msgs_generate_messages_check_deps_SpawnRobotActionResult
[  0%] Built target _stdr_msgs_generate_messages_check_deps_RegisterRobotFeedback
[  0%] Built target _stdr_msgs_generate_messages_check_deps_FootprintMsg
[  0%] Built target geometry_msgs_generate_messages_py
[  0%] Built target _stdr_msgs_generate_messages_check_deps_CO2SensorMeasurementMsg
[  0%] Built target _stdr_msgs_generate_messages_check_deps_SpawnRobotResult
[  0%] Built target _stdr_msgs_generate_messages_check_deps_RobotMsg
[  0%] Built target _stdr_msgs_generate_messages_check_deps_LaserSensorMsg
[  0%] Built target _stdr_msgs_generate_messages_check_deps_AddCO2Source
[  0%] Built target _stdr_msgs_generate_messages_check_deps_SoundSource
[  0%] Built target _stdr_msgs_generate_messages_check_deps_RegisterRobotResult
[  0%] Built target _stdr_msgs_generate_messages_check_deps_SoundSourceVector
[  0%] Built target actionlib_msgs_generate_messages_py
[  0%] Built target _stdr_msgs_generate_messages_check_deps_RfidTag
[  0%] Built target _stdr_msgs_generate_messages_check_deps_RegisterRobotActionFeedback
[  0%] Built target _stdr_msgs_generate_messages_check_deps_DeleteRobotResult
[  0%] Built target _stdr_msgs_generate_messages_check_deps_RegisterRobotGoal
[  0%] Built target _stdr_msgs_generate_messages_check_deps_MoveRobot
[  0%] Built target _stdr_msgs_generate_messages_check_deps_SpawnRobotActionGoal
[  0%] Built target _stdr_msgs_generate_messages_check_deps_DeleteCO2Source
[  0%] Built target _stdr_msgs_generate_messages_check_deps_SoundSensorMsg
[  0%] Built target _stdr_msgs_generate_messages_check_deps_SpawnRobotActionFeedback
[  0%] Built target _stdr_msgs_generate_messages_check_deps_KinematicMsg
[  0%] Built target _stdr_msgs_generate_messages_check_deps_SpawnRobotAction
[  0%] Built target _stdr_msgs_generate_messages_check_deps_DeleteRfidTag
[  0%] Built target _stdr_msgs_generate_messages_check_deps_DeleteRobotFeedback
[  0%] Built target _stdr_msgs_generate_messages_check_deps_RobotIndexedVectorMsg
[  0%] Built target _stdr_msgs_generate_messages_check_deps_CO2SourceVector
[  0%] Built target _stdr_msgs_generate_messages_check_deps_ThermalSourceVector
[  0%] Built target _stdr_msgs_generate_messages_check_deps_LoadExternalMap
[  0%] Built target _stdr_msgs_generate_messages_check_deps_LoadMap
[  0%] Built target _stdr_msgs_generate_messages_check_deps_RegisterRobotActionResult
[  0%] Built target _stdr_msgs_generate_messages_check_deps_DeleteRobotAction
[  0%] Built target _stdr_msgs_generate_messages_check_deps_SpawnRobotGoal
[  0%] Built target _stdr_msgs_generate_messages_check_deps_CO2SensorMsg
[  0%] Built target _stdr_msgs_generate_messages_check_deps_DeleteRobotGoal
[  0%] Built target _stdr_msgs_generate_messages_check_deps_CO2Source
[  0%] Built target _stdr_msgs_generate_messages_check_deps_ThermalSensorMeasurementMsg
[  0%] Built target _stdr_msgs_generate_messages_check_deps_RegisterRobotActionGoal
[  0%] Built target _stdr_msgs_generate_messages_check_deps_DeleteRobotActionFeedback
[  0%] Built target _stdr_msgs_generate_messages_check_deps_RobotIndexedMsg
[  0%] Built target _stdr_msgs_generate_messages_check_deps_DeleteThermalSource
[  0%] Built target _stdr_msgs_generate_messages_check_deps_RfidSensorMeasurementMsg
[  0%] Built target _stdr_msgs_generate_messages_check_deps_ThermalSensorMsg
[  0%] Built target _stdr_msgs_generate_messages_check_deps_DeleteSoundSource
[  0%] Built target nav_msgs_generate_messages_nodejs
[  0%] Built target geometry_msgs_generate_messages_nodejs
[  0%] Built target std_msgs_generate_messages_nodejs
[  0%] Built target _stdr_msgs_generate_messages_check_deps_RfidTagVector
[  0%] Built target _stdr_msgs_generate_messages_check_deps_SonarSensorMsg
[  0%] Built target actionlib_msgs_generate_messages_nodejs
[  0%] Built target actionlib_msgs_generate_messages_lisp
[  0%] Built target _stdr_msgs_generate_messages_check_deps_RfidSensorMsg
[  0%] Built target geometry_msgs_generate_messages_lisp
[  0%] Built target nav_msgs_generate_messages_lisp
[  0%] Built target nav_msgs_generate_messages_eus
[  0%] Built target std_msgs_generate_messages_lisp
[  0%] Built target std_msgs_generate_messages_eus
[  0%] Built target geometry_msgs_generate_messages_eus
[  0%] Built target actionlib_msgs_generate_messages_eus
[  0%] Built target geometry_msgs_generate_messages_cpp
[  0%] Built target actionlib_msgs_generate_messages_cpp
[  0%] Built target std_msgs_generate_messages_cpp
[  0%] Built target nav_msgs_generate_messages_cpp
[ 20%] Built target stdr_msgs_generate_messages_py
[ 41%] Built target stdr_msgs_generate_messages_eus
[ 80%] Built target stdr_msgs_generate_messages_nodejs
[ 80%] Built target stdr_msgs_generate_messages_lisp
[100%] Built target stdr_msgs_generate_messages_cpp
[100%] Built target stdr_msgs_generate_messages
