Symlinking /home/timur/mkr_tm_ws/devel/share/stdr_msgs/cmake/stdr_msgs-msg-extras.cmake
Symlinking /home/timur/mkr_tm_ws/devel/share/stdr_msgs/cmake/stdr_msgs-msg-paths.cmake
Symlinking /home/timur/mkr_tm_ws/devel/share/stdr_msgs/cmake/stdr_msgsConfig.cmake
Symlinking /home/timur/mkr_tm_ws/devel/share/stdr_msgs/cmake/stdr_msgsConfig-version.cmake
Symlinking /home/timur/mkr_tm_ws/devel/share/stdr_msgs/msg/SpawnRobotFeedback.msg
Symlinking /home/timur/mkr_tm_ws/devel/share/stdr_msgs/msg/DeleteRobotAction.msg
Symlinking /home/timur/mkr_tm_ws/devel/share/stdr_msgs/msg/RegisterRobotActionGoal.msg
Symlinking /home/timur/mkr_tm_ws/devel/share/stdr_msgs/msg/DeleteRobotActionGoal.msg
Symlinking /home/timur/mkr_tm_ws/devel/share/stdr_msgs/msg/DeleteRobotActionResult.msg
Symlinking /home/timur/mkr_tm_ws/devel/share/stdr_msgs/msg/RegisterRobotActionFeedback.msg
Symlinking /home/timur/mkr_tm_ws/devel/share/stdr_msgs/msg/DeleteRobotFeedback.msg
Symlinking /home/timur/mkr_tm_ws/devel/share/stdr_msgs/msg/RegisterRobotAction.msg
Symlinking /home/timur/mkr_tm_ws/devel/share/stdr_msgs/msg/DeleteRobotGoal.msg
Symlinking /home/timur/mkr_tm_ws/devel/share/stdr_msgs/msg/RegisterRobotActionResult.msg
Symlinking /home/timur/mkr_tm_ws/devel/share/stdr_msgs/msg/SpawnRobotActionGoal.msg
Symlinking /home/timur/mkr_tm_ws/devel/share/stdr_msgs/msg/RegisterRobotResult.msg
Symlinking /home/timur/mkr_tm_ws/devel/share/stdr_msgs/msg/RegisterRobotFeedback.msg
Symlinking /home/timur/mkr_tm_ws/devel/share/stdr_msgs/msg/SpawnRobotActionFeedback.msg
Symlinking /home/timur/mkr_tm_ws/devel/share/stdr_msgs/msg/SpawnRobotAction.msg
Symlinking /home/timur/mkr_tm_ws/devel/share/stdr_msgs/msg/RegisterRobotGoal.msg
Symlinking /home/timur/mkr_tm_ws/devel/share/stdr_msgs/msg/SpawnRobotGoal.msg
Symlinking /home/timur/mkr_tm_ws/devel/share/stdr_msgs/msg/DeleteRobotActionFeedback.msg
Symlinking /home/timur/mkr_tm_ws/devel/share/stdr_msgs/msg/SpawnRobotActionResult.msg
Symlinking /home/timur/mkr_tm_ws/devel/share/stdr_msgs/msg/DeleteRobotResult.msg
Symlinking /home/timur/mkr_tm_ws/devel/share/stdr_msgs/msg/SpawnRobotResult.msg
Symlinking /home/timur/mkr_tm_ws/devel/share/common-lisp/ros/stdr_msgs/srv/_package_AddThermalSource.lisp
Symlinking /home/timur/mkr_tm_ws/devel/share/common-lisp/ros/stdr_msgs/srv/_package_AddSoundSource.lisp
Symlinking /home/timur/mkr_tm_ws/devel/share/common-lisp/ros/stdr_msgs/srv/_package_RegisterGui.lisp
Symlinking /home/timur/mkr_tm_ws/devel/share/common-lisp/ros/stdr_msgs/srv/AddRfidTag.lisp
Symlinking /home/timur/mkr_tm_ws/devel/share/common-lisp/ros/stdr_msgs/srv/DeleteThermalSource.lisp
Symlinking /home/timur/mkr_tm_ws/devel/share/common-lisp/ros/stdr_msgs/srv/LoadMap.lisp
Symlinking /home/timur/mkr_tm_ws/devel/share/common-lisp/ros/stdr_msgs/srv/DeleteSoundSource.lisp
Symlinking /home/timur/mkr_tm_ws/devel/share/common-lisp/ros/stdr_msgs/srv/LoadExternalMap.lisp
Symlinking /home/timur/mkr_tm_ws/devel/share/common-lisp/ros/stdr_msgs/srv/AddThermalSource.lisp
Symlinking /home/timur/mkr_tm_ws/devel/share/common-lisp/ros/stdr_msgs/srv/_package_MoveRobot.lisp
Symlinking /home/timur/mkr_tm_ws/devel/share/common-lisp/ros/stdr_msgs/srv/_package.lisp
Symlinking /home/timur/mkr_tm_ws/devel/share/common-lisp/ros/stdr_msgs/srv/_package_DeleteRfidTag.lisp
Symlinking /home/timur/mkr_tm_ws/devel/share/common-lisp/ros/stdr_msgs/srv/stdr_msgs-srv.asd
Symlinking /home/timur/mkr_tm_ws/devel/share/common-lisp/ros/stdr_msgs/srv/DeleteCO2Source.lisp
Symlinking /home/timur/mkr_tm_ws/devel/share/common-lisp/ros/stdr_msgs/srv/_package_LoadExternalMap.lisp
Symlinking /home/timur/mkr_tm_ws/devel/share/common-lisp/ros/stdr_msgs/srv/AddSoundSource.lisp
Symlinking /home/timur/mkr_tm_ws/devel/share/common-lisp/ros/stdr_msgs/srv/_package_AddCO2Source.lisp
Symlinking /home/timur/mkr_tm_ws/devel/share/common-lisp/ros/stdr_msgs/srv/_package_DeleteThermalSource.lisp
Symlinking /home/timur/mkr_tm_ws/devel/share/common-lisp/ros/stdr_msgs/srv/AddCO2Source.lisp
Symlinking /home/timur/mkr_tm_ws/devel/share/common-lisp/ros/stdr_msgs/srv/_package_LoadMap.lisp
Symlinking /home/timur/mkr_tm_ws/devel/share/common-lisp/ros/stdr_msgs/srv/_package_DeleteSoundSource.lisp
Symlinking /home/timur/mkr_tm_ws/devel/share/common-lisp/ros/stdr_msgs/srv/MoveRobot.lisp
Symlinking /home/timur/mkr_tm_ws/devel/share/common-lisp/ros/stdr_msgs/srv/_package_AddRfidTag.lisp
Symlinking /home/timur/mkr_tm_ws/devel/share/common-lisp/ros/stdr_msgs/srv/_package_DeleteCO2Source.lisp
Symlinking /home/timur/mkr_tm_ws/devel/share/common-lisp/ros/stdr_msgs/srv/RegisterGui.lisp
Symlinking /home/timur/mkr_tm_ws/devel/share/common-lisp/ros/stdr_msgs/srv/DeleteRfidTag.lisp
Symlinking /home/timur/mkr_tm_ws/devel/share/common-lisp/ros/stdr_msgs/msg/stdr_msgs-msg.asd
Symlinking /home/timur/mkr_tm_ws/devel/share/common-lisp/ros/stdr_msgs/msg/ThermalSensorMeasurementMsg.lisp
Symlinking /home/timur/mkr_tm_ws/devel/share/common-lisp/ros/stdr_msgs/msg/RfidTag.lisp
Symlinking /home/timur/mkr_tm_ws/devel/share/common-lisp/ros/stdr_msgs/msg/RegisterRobotGoal.lisp
Symlinking /home/timur/mkr_tm_ws/devel/share/common-lisp/ros/stdr_msgs/msg/FootprintMsg.lisp
Symlinking /home/timur/mkr_tm_ws/devel/share/common-lisp/ros/stdr_msgs/msg/_package_RfidTagVector.lisp
Symlinking /home/timur/mkr_tm_ws/devel/share/common-lisp/ros/stdr_msgs/msg/Noise.lisp
Symlinking /home/timur/mkr_tm_ws/devel/share/common-lisp/ros/stdr_msgs/msg/_package_RegisterRobotActionFeedback.lisp
Symlinking /home/timur/mkr_tm_ws/devel/share/common-lisp/ros/stdr_msgs/msg/_package_SpawnRobotActionResult.lisp
Symlinking /home/timur/mkr_tm_ws/devel/share/common-lisp/ros/stdr_msgs/msg/_package_RfidSensorMsg.lisp
Symlinking /home/timur/mkr_tm_ws/devel/share/common-lisp/ros/stdr_msgs/msg/SpawnRobotFeedback.lisp
Symlinking /home/timur/mkr_tm_ws/devel/share/common-lisp/ros/stdr_msgs/msg/_package_RfidTag.lisp
Symlinking /home/timur/mkr_tm_ws/devel/share/common-lisp/ros/stdr_msgs/msg/_package_SonarSensorMsg.lisp
Symlinking /home/timur/mkr_tm_ws/devel/share/common-lisp/ros/stdr_msgs/msg/RfidSensorMsg.lisp
Symlinking /home/timur/mkr_tm_ws/devel/share/common-lisp/ros/stdr_msgs/msg/ThermalSensorMsg.lisp
Symlinking /home/timur/mkr_tm_ws/devel/share/common-lisp/ros/stdr_msgs/msg/DeleteRobotActionGoal.lisp
Symlinking /home/timur/mkr_tm_ws/devel/share/common-lisp/ros/stdr_msgs/msg/RegisterRobotActionResult.lisp
Symlinking /home/timur/mkr_tm_ws/devel/share/common-lisp/ros/stdr_msgs/msg/SpawnRobotActionFeedback.lisp
Symlinking /home/timur/mkr_tm_ws/devel/share/common-lisp/ros/stdr_msgs/msg/_package_CO2SourceVector.lisp
Symlinking /home/timur/mkr_tm_ws/devel/share/common-lisp/ros/stdr_msgs/msg/_package_DeleteRobotGoal.lisp
Symlinking /home/timur/mkr_tm_ws/devel/share/common-lisp/ros/stdr_msgs/msg/_package_RfidSensorMeasurementMsg.lisp
Symlinking /home/timur/mkr_tm_ws/devel/share/common-lisp/ros/stdr_msgs/msg/_package_SpawnRobotActionFeedback.lisp
Symlinking /home/timur/mkr_tm_ws/devel/share/common-lisp/ros/stdr_msgs/msg/_package_RegisterRobotGoal.lisp
Symlinking /home/timur/mkr_tm_ws/devel/share/common-lisp/ros/stdr_msgs/msg/_package_RegisterRobotActionGoal.lisp
Symlinking /home/timur/mkr_tm_ws/devel/share/common-lisp/ros/stdr_msgs/msg/_package_RegisterRobotFeedback.lisp
Symlinking /home/timur/mkr_tm_ws/devel/share/common-lisp/ros/stdr_msgs/msg/RfidTagVector.lisp
Symlinking /home/timur/mkr_tm_ws/devel/share/common-lisp/ros/stdr_msgs/msg/DeleteRobotActionFeedback.lisp
Symlinking /home/timur/mkr_tm_ws/devel/share/common-lisp/ros/stdr_msgs/msg/RegisterRobotAction.lisp
Symlinking /home/timur/mkr_tm_ws/devel/share/common-lisp/ros/stdr_msgs/msg/CO2SourceVector.lisp
Symlinking /home/timur/mkr_tm_ws/devel/share/common-lisp/ros/stdr_msgs/msg/ThermalSourceVector.lisp
Symlinking /home/timur/mkr_tm_ws/devel/share/common-lisp/ros/stdr_msgs/msg/RegisterRobotActionFeedback.lisp
Symlinking /home/timur/mkr_tm_ws/devel/share/common-lisp/ros/stdr_msgs/msg/RegisterRobotFeedback.lisp
Symlinking /home/timur/mkr_tm_ws/devel/share/common-lisp/ros/stdr_msgs/msg/RobotIndexedMsg.lisp
Symlinking /home/timur/mkr_tm_ws/devel/share/common-lisp/ros/stdr_msgs/msg/_package_SpawnRobotFeedback.lisp
Symlinking /home/timur/mkr_tm_ws/devel/share/common-lisp/ros/stdr_msgs/msg/_package_DeleteRobotActionGoal.lisp
Symlinking /home/timur/mkr_tm_ws/devel/share/common-lisp/ros/stdr_msgs/msg/SpawnRobotActionGoal.lisp
Symlinking /home/timur/mkr_tm_ws/devel/share/common-lisp/ros/stdr_msgs/msg/_package_ThermalSource.lisp
Symlinking /home/timur/mkr_tm_ws/devel/share/common-lisp/ros/stdr_msgs/msg/RobotMsg.lisp
Symlinking /home/timur/mkr_tm_ws/devel/share/common-lisp/ros/stdr_msgs/msg/_package_ThermalSensorMeasurementMsg.lisp
Symlinking /home/timur/mkr_tm_ws/devel/share/common-lisp/ros/stdr_msgs/msg/_package_RegisterRobotAction.lisp
Symlinking /home/timur/mkr_tm_ws/devel/share/common-lisp/ros/stdr_msgs/msg/_package_SpawnRobotActionGoal.lisp
Symlinking /home/timur/mkr_tm_ws/devel/share/common-lisp/ros/stdr_msgs/msg/SoundSource.lisp
Symlinking /home/timur/mkr_tm_ws/devel/share/common-lisp/ros/stdr_msgs/msg/_package_SoundSourceVector.lisp
Symlinking /home/timur/mkr_tm_ws/devel/share/common-lisp/ros/stdr_msgs/msg/SoundSourceVector.lisp
Symlinking /home/timur/mkr_tm_ws/devel/share/common-lisp/ros/stdr_msgs/msg/_package.lisp
Symlinking /home/timur/mkr_tm_ws/devel/share/common-lisp/ros/stdr_msgs/msg/SpawnRobotActionResult.lisp
Symlinking /home/timur/mkr_tm_ws/devel/share/common-lisp/ros/stdr_msgs/msg/_package_CO2SensorMeasurementMsg.lisp
Symlinking /home/timur/mkr_tm_ws/devel/share/common-lisp/ros/stdr_msgs/msg/_package_FootprintMsg.lisp
Symlinking /home/timur/mkr_tm_ws/devel/share/common-lisp/ros/stdr_msgs/msg/SpawnRobotResult.lisp
Symlinking /home/timur/mkr_tm_ws/devel/share/common-lisp/ros/stdr_msgs/msg/_package_SoundSensorMeasurementMsg.lisp
Symlinking /home/timur/mkr_tm_ws/devel/share/common-lisp/ros/stdr_msgs/msg/_package_SoundSource.lisp
Symlinking /home/timur/mkr_tm_ws/devel/share/common-lisp/ros/stdr_msgs/msg/_package_Noise.lisp
Symlinking /home/timur/mkr_tm_ws/devel/share/common-lisp/ros/stdr_msgs/msg/_package_CO2SensorMsg.lisp
Symlinking /home/timur/mkr_tm_ws/devel/share/common-lisp/ros/stdr_msgs/msg/CO2Source.lisp
Symlinking /home/timur/mkr_tm_ws/devel/share/common-lisp/ros/stdr_msgs/msg/_package_RegisterRobotActionResult.lisp
Symlinking /home/timur/mkr_tm_ws/devel/share/common-lisp/ros/stdr_msgs/msg/SpawnRobotAction.lisp
Symlinking /home/timur/mkr_tm_ws/devel/share/common-lisp/ros/stdr_msgs/msg/DeleteRobotActionResult.lisp
Symlinking /home/timur/mkr_tm_ws/devel/share/common-lisp/ros/stdr_msgs/msg/RegisterRobotResult.lisp
Symlinking /home/timur/mkr_tm_ws/devel/share/common-lisp/ros/stdr_msgs/msg/_package_LaserSensorMsg.lisp
Symlinking /home/timur/mkr_tm_ws/devel/share/common-lisp/ros/stdr_msgs/msg/SoundSensorMeasurementMsg.lisp
Symlinking /home/timur/mkr_tm_ws/devel/share/common-lisp/ros/stdr_msgs/msg/_package_SpawnRobotAction.lisp
Symlinking /home/timur/mkr_tm_ws/devel/share/common-lisp/ros/stdr_msgs/msg/_package_RegisterRobotResult.lisp
Symlinking /home/timur/mkr_tm_ws/devel/share/common-lisp/ros/stdr_msgs/msg/RobotIndexedVectorMsg.lisp
Symlinking /home/timur/mkr_tm_ws/devel/share/common-lisp/ros/stdr_msgs/msg/DeleteRobotFeedback.lisp
Symlinking /home/timur/mkr_tm_ws/devel/share/common-lisp/ros/stdr_msgs/msg/DeleteRobotAction.lisp
Symlinking /home/timur/mkr_tm_ws/devel/share/common-lisp/ros/stdr_msgs/msg/_package_DeleteRobotActionResult.lisp
Symlinking /home/timur/mkr_tm_ws/devel/share/common-lisp/ros/stdr_msgs/msg/ThermalSource.lisp
Symlinking /home/timur/mkr_tm_ws/devel/share/common-lisp/ros/stdr_msgs/msg/CO2SensorMeasurementMsg.lisp
Symlinking /home/timur/mkr_tm_ws/devel/share/common-lisp/ros/stdr_msgs/msg/_package_SpawnRobotResult.lisp
Symlinking /home/timur/mkr_tm_ws/devel/share/common-lisp/ros/stdr_msgs/msg/_package_SpawnRobotGoal.lisp
Symlinking /home/timur/mkr_tm_ws/devel/share/common-lisp/ros/stdr_msgs/msg/DeleteRobotGoal.lisp
Symlinking /home/timur/mkr_tm_ws/devel/share/common-lisp/ros/stdr_msgs/msg/DeleteRobotResult.lisp
Symlinking /home/timur/mkr_tm_ws/devel/share/common-lisp/ros/stdr_msgs/msg/_package_CO2Source.lisp
Symlinking /home/timur/mkr_tm_ws/devel/share/common-lisp/ros/stdr_msgs/msg/_package_DeleteRobotAction.lisp
Symlinking /home/timur/mkr_tm_ws/devel/share/common-lisp/ros/stdr_msgs/msg/KinematicMsg.lisp
Symlinking /home/timur/mkr_tm_ws/devel/share/common-lisp/ros/stdr_msgs/msg/_package_DeleteRobotResult.lisp
Symlinking /home/timur/mkr_tm_ws/devel/share/common-lisp/ros/stdr_msgs/msg/_package_DeleteRobotFeedback.lisp
Symlinking /home/timur/mkr_tm_ws/devel/share/common-lisp/ros/stdr_msgs/msg/_package_RobotIndexedMsg.lisp
Symlinking /home/timur/mkr_tm_ws/devel/share/common-lisp/ros/stdr_msgs/msg/RfidSensorMeasurementMsg.lisp
Symlinking /home/timur/mkr_tm_ws/devel/share/common-lisp/ros/stdr_msgs/msg/CO2SensorMsg.lisp
Symlinking /home/timur/mkr_tm_ws/devel/share/common-lisp/ros/stdr_msgs/msg/LaserSensorMsg.lisp
Symlinking /home/timur/mkr_tm_ws/devel/share/common-lisp/ros/stdr_msgs/msg/SoundSensorMsg.lisp
Symlinking /home/timur/mkr_tm_ws/devel/share/common-lisp/ros/stdr_msgs/msg/_package_RobotIndexedVectorMsg.lisp
Symlinking /home/timur/mkr_tm_ws/devel/share/common-lisp/ros/stdr_msgs/msg/_package_SoundSensorMsg.lisp
Symlinking /home/timur/mkr_tm_ws/devel/share/common-lisp/ros/stdr_msgs/msg/_package_KinematicMsg.lisp
Symlinking /home/timur/mkr_tm_ws/devel/share/common-lisp/ros/stdr_msgs/msg/SpawnRobotGoal.lisp
Symlinking /home/timur/mkr_tm_ws/devel/share/common-lisp/ros/stdr_msgs/msg/_package_ThermalSensorMsg.lisp
Symlinking /home/timur/mkr_tm_ws/devel/share/common-lisp/ros/stdr_msgs/msg/SonarSensorMsg.lisp
Symlinking /home/timur/mkr_tm_ws/devel/share/common-lisp/ros/stdr_msgs/msg/_package_ThermalSourceVector.lisp
Symlinking /home/timur/mkr_tm_ws/devel/share/common-lisp/ros/stdr_msgs/msg/_package_RobotMsg.lisp
Symlinking /home/timur/mkr_tm_ws/devel/share/common-lisp/ros/stdr_msgs/msg/RegisterRobotActionGoal.lisp
Symlinking /home/timur/mkr_tm_ws/devel/share/common-lisp/ros/stdr_msgs/msg/_package_DeleteRobotActionFeedback.lisp
Symlinking /home/timur/mkr_tm_ws/devel/share/roseus/ros/stdr_msgs/manifest.l
Symlinking /home/timur/mkr_tm_ws/devel/share/roseus/ros/stdr_msgs/srv/AddCO2Source.l
Symlinking /home/timur/mkr_tm_ws/devel/share/roseus/ros/stdr_msgs/srv/MoveRobot.l
Symlinking /home/timur/mkr_tm_ws/devel/share/roseus/ros/stdr_msgs/srv/DeleteCO2Source.l
Symlinking /home/timur/mkr_tm_ws/devel/share/roseus/ros/stdr_msgs/srv/DeleteRfidTag.l
Symlinking /home/timur/mkr_tm_ws/devel/share/roseus/ros/stdr_msgs/srv/DeleteSoundSource.l
Symlinking /home/timur/mkr_tm_ws/devel/share/roseus/ros/stdr_msgs/srv/RegisterGui.l
Symlinking /home/timur/mkr_tm_ws/devel/share/roseus/ros/stdr_msgs/srv/DeleteThermalSource.l
Symlinking /home/timur/mkr_tm_ws/devel/share/roseus/ros/stdr_msgs/srv/LoadExternalMap.l
Symlinking /home/timur/mkr_tm_ws/devel/share/roseus/ros/stdr_msgs/srv/LoadMap.l
Symlinking /home/timur/mkr_tm_ws/devel/share/roseus/ros/stdr_msgs/srv/AddThermalSource.l
Symlinking /home/timur/mkr_tm_ws/devel/share/roseus/ros/stdr_msgs/srv/AddRfidTag.l
Symlinking /home/timur/mkr_tm_ws/devel/share/roseus/ros/stdr_msgs/srv/AddSoundSource.l
Symlinking /home/timur/mkr_tm_ws/devel/share/roseus/ros/stdr_msgs/msg/KinematicMsg.l
Symlinking /home/timur/mkr_tm_ws/devel/share/roseus/ros/stdr_msgs/msg/Noise.l
Symlinking /home/timur/mkr_tm_ws/devel/share/roseus/ros/stdr_msgs/msg/RegisterRobotAction.l
Symlinking /home/timur/mkr_tm_ws/devel/share/roseus/ros/stdr_msgs/msg/RegisterRobotGoal.l
Symlinking /home/timur/mkr_tm_ws/devel/share/roseus/ros/stdr_msgs/msg/RobotIndexedVectorMsg.l
Symlinking /home/timur/mkr_tm_ws/devel/share/roseus/ros/stdr_msgs/msg/DeleteRobotActionGoal.l
Symlinking /home/timur/mkr_tm_ws/devel/share/roseus/ros/stdr_msgs/msg/RfidTagVector.l
Symlinking /home/timur/mkr_tm_ws/devel/share/roseus/ros/stdr_msgs/msg/SpawnRobotAction.l
Symlinking /home/timur/mkr_tm_ws/devel/share/roseus/ros/stdr_msgs/msg/SpawnRobotGoal.l
Symlinking /home/timur/mkr_tm_ws/devel/share/roseus/ros/stdr_msgs/msg/RegisterRobotActionGoal.l
Symlinking /home/timur/mkr_tm_ws/devel/share/roseus/ros/stdr_msgs/msg/RfidTag.l
Symlinking /home/timur/mkr_tm_ws/devel/share/roseus/ros/stdr_msgs/msg/SpawnRobotActionResult.l
Symlinking /home/timur/mkr_tm_ws/devel/share/roseus/ros/stdr_msgs/msg/CO2Source.l
Symlinking /home/timur/mkr_tm_ws/devel/share/roseus/ros/stdr_msgs/msg/SpawnRobotFeedback.l
Symlinking /home/timur/mkr_tm_ws/devel/share/roseus/ros/stdr_msgs/msg/DeleteRobotGoal.l
Symlinking /home/timur/mkr_tm_ws/devel/share/roseus/ros/stdr_msgs/msg/SoundSensorMeasurementMsg.l
Symlinking /home/timur/mkr_tm_ws/devel/share/roseus/ros/stdr_msgs/msg/RfidSensorMeasurementMsg.l
Symlinking /home/timur/mkr_tm_ws/devel/share/roseus/ros/stdr_msgs/msg/SoundSensorMsg.l
Symlinking /home/timur/mkr_tm_ws/devel/share/roseus/ros/stdr_msgs/msg/SonarSensorMsg.l
Symlinking /home/timur/mkr_tm_ws/devel/share/roseus/ros/stdr_msgs/msg/DeleteRobotActionResult.l
Symlinking /home/timur/mkr_tm_ws/devel/share/roseus/ros/stdr_msgs/msg/RobotIndexedMsg.l
Symlinking /home/timur/mkr_tm_ws/devel/share/roseus/ros/stdr_msgs/msg/RegisterRobotResult.l
Symlinking /home/timur/mkr_tm_ws/devel/share/roseus/ros/stdr_msgs/msg/FootprintMsg.l
Symlinking /home/timur/mkr_tm_ws/devel/share/roseus/ros/stdr_msgs/msg/ThermalSensorMsg.l
Symlinking /home/timur/mkr_tm_ws/devel/share/roseus/ros/stdr_msgs/msg/DeleteRobotAction.l
Symlinking /home/timur/mkr_tm_ws/devel/share/roseus/ros/stdr_msgs/msg/SpawnRobotActionGoal.l
Symlinking /home/timur/mkr_tm_ws/devel/share/roseus/ros/stdr_msgs/msg/CO2SensorMeasurementMsg.l
Symlinking /home/timur/mkr_tm_ws/devel/share/roseus/ros/stdr_msgs/msg/SoundSource.l
Symlinking /home/timur/mkr_tm_ws/devel/share/roseus/ros/stdr_msgs/msg/DeleteRobotResult.l
Symlinking /home/timur/mkr_tm_ws/devel/share/roseus/ros/stdr_msgs/msg/RegisterRobotFeedback.l
Symlinking /home/timur/mkr_tm_ws/devel/share/roseus/ros/stdr_msgs/msg/DeleteRobotActionFeedback.l
Symlinking /home/timur/mkr_tm_ws/devel/share/roseus/ros/stdr_msgs/msg/CO2SourceVector.l
Symlinking /home/timur/mkr_tm_ws/devel/share/roseus/ros/stdr_msgs/msg/RegisterRobotActionFeedback.l
Symlinking /home/timur/mkr_tm_ws/devel/share/roseus/ros/stdr_msgs/msg/RobotMsg.l
Symlinking /home/timur/mkr_tm_ws/devel/share/roseus/ros/stdr_msgs/msg/CO2SensorMsg.l
Symlinking /home/timur/mkr_tm_ws/devel/share/roseus/ros/stdr_msgs/msg/SpawnRobotActionFeedback.l
Symlinking /home/timur/mkr_tm_ws/devel/share/roseus/ros/stdr_msgs/msg/SoundSourceVector.l
Symlinking /home/timur/mkr_tm_ws/devel/share/roseus/ros/stdr_msgs/msg/ThermalSourceVector.l
Symlinking /home/timur/mkr_tm_ws/devel/share/roseus/ros/stdr_msgs/msg/RfidSensorMsg.l
Symlinking /home/timur/mkr_tm_ws/devel/share/roseus/ros/stdr_msgs/msg/DeleteRobotFeedback.l
Symlinking /home/timur/mkr_tm_ws/devel/share/roseus/ros/stdr_msgs/msg/LaserSensorMsg.l
Symlinking /home/timur/mkr_tm_ws/devel/share/roseus/ros/stdr_msgs/msg/RegisterRobotActionResult.l
Symlinking /home/timur/mkr_tm_ws/devel/share/roseus/ros/stdr_msgs/msg/ThermalSource.l
Symlinking /home/timur/mkr_tm_ws/devel/share/roseus/ros/stdr_msgs/msg/ThermalSensorMeasurementMsg.l
Symlinking /home/timur/mkr_tm_ws/devel/share/roseus/ros/stdr_msgs/msg/SpawnRobotResult.l
Symlinking /home/timur/mkr_tm_ws/devel/share/gennodejs/ros/stdr_msgs/_index.js
Symlinking /home/timur/mkr_tm_ws/devel/share/gennodejs/ros/stdr_msgs/srv/AddSoundSource.js
Symlinking /home/timur/mkr_tm_ws/devel/share/gennodejs/ros/stdr_msgs/srv/DeleteCO2Source.js
Symlinking /home/timur/mkr_tm_ws/devel/share/gennodejs/ros/stdr_msgs/srv/DeleteRfidTag.js
Symlinking /home/timur/mkr_tm_ws/devel/share/gennodejs/ros/stdr_msgs/srv/DeleteSoundSource.js
Symlinking /home/timur/mkr_tm_ws/devel/share/gennodejs/ros/stdr_msgs/srv/RegisterGui.js
Symlinking /home/timur/mkr_tm_ws/devel/share/gennodejs/ros/stdr_msgs/srv/_index.js
Symlinking /home/timur/mkr_tm_ws/devel/share/gennodejs/ros/stdr_msgs/srv/LoadExternalMap.js
Symlinking /home/timur/mkr_tm_ws/devel/share/gennodejs/ros/stdr_msgs/srv/AddRfidTag.js
Symlinking /home/timur/mkr_tm_ws/devel/share/gennodejs/ros/stdr_msgs/srv/DeleteThermalSource.js
Symlinking /home/timur/mkr_tm_ws/devel/share/gennodejs/ros/stdr_msgs/srv/AddThermalSource.js
Symlinking /home/timur/mkr_tm_ws/devel/share/gennodejs/ros/stdr_msgs/srv/LoadMap.js
Symlinking /home/timur/mkr_tm_ws/devel/share/gennodejs/ros/stdr_msgs/srv/MoveRobot.js
Symlinking /home/timur/mkr_tm_ws/devel/share/gennodejs/ros/stdr_msgs/srv/AddCO2Source.js
Symlinking /home/timur/mkr_tm_ws/devel/share/gennodejs/ros/stdr_msgs/msg/RegisterRobotResult.js
Symlinking /home/timur/mkr_tm_ws/devel/share/gennodejs/ros/stdr_msgs/msg/RegisterRobotActionFeedback.js
Symlinking /home/timur/mkr_tm_ws/devel/share/gennodejs/ros/stdr_msgs/msg/RegisterRobotFeedback.js
Symlinking /home/timur/mkr_tm_ws/devel/share/gennodejs/ros/stdr_msgs/msg/RobotMsg.js
Symlinking /home/timur/mkr_tm_ws/devel/share/gennodejs/ros/stdr_msgs/msg/SpawnRobotActionGoal.js
Symlinking /home/timur/mkr_tm_ws/devel/share/gennodejs/ros/stdr_msgs/msg/SpawnRobotActionFeedback.js
Symlinking /home/timur/mkr_tm_ws/devel/share/gennodejs/ros/stdr_msgs/msg/SpawnRobotActionResult.js
Symlinking /home/timur/mkr_tm_ws/devel/share/gennodejs/ros/stdr_msgs/msg/RegisterRobotActionResult.js
Symlinking /home/timur/mkr_tm_ws/devel/share/gennodejs/ros/stdr_msgs/msg/CO2SourceVector.js
Symlinking /home/timur/mkr_tm_ws/devel/share/gennodejs/ros/stdr_msgs/msg/ThermalSource.js
Symlinking /home/timur/mkr_tm_ws/devel/share/gennodejs/ros/stdr_msgs/msg/RfidTag.js
Symlinking /home/timur/mkr_tm_ws/devel/share/gennodejs/ros/stdr_msgs/msg/RfidSensorMsg.js
Symlinking /home/timur/mkr_tm_ws/devel/share/gennodejs/ros/stdr_msgs/msg/SpawnRobotResult.js
Symlinking /home/timur/mkr_tm_ws/devel/share/gennodejs/ros/stdr_msgs/msg/SpawnRobotAction.js
Symlinking /home/timur/mkr_tm_ws/devel/share/gennodejs/ros/stdr_msgs/msg/CO2SensorMeasurementMsg.js
Symlinking /home/timur/mkr_tm_ws/devel/share/gennodejs/ros/stdr_msgs/msg/SoundSourceVector.js
Symlinking /home/timur/mkr_tm_ws/devel/share/gennodejs/ros/stdr_msgs/msg/RfidTagVector.js
Symlinking /home/timur/mkr_tm_ws/devel/share/gennodejs/ros/stdr_msgs/msg/SoundSensorMsg.js
Symlinking /home/timur/mkr_tm_ws/devel/share/gennodejs/ros/stdr_msgs/msg/DeleteRobotFeedback.js
Symlinking /home/timur/mkr_tm_ws/devel/share/gennodejs/ros/stdr_msgs/msg/SonarSensorMsg.js
Symlinking /home/timur/mkr_tm_ws/devel/share/gennodejs/ros/stdr_msgs/msg/SoundSensorMeasurementMsg.js
Symlinking /home/timur/mkr_tm_ws/devel/share/gennodejs/ros/stdr_msgs/msg/RobotIndexedMsg.js
Symlinking /home/timur/mkr_tm_ws/devel/share/gennodejs/ros/stdr_msgs/msg/_index.js
Symlinking /home/timur/mkr_tm_ws/devel/share/gennodejs/ros/stdr_msgs/msg/DeleteRobotActionFeedback.js
Symlinking /home/timur/mkr_tm_ws/devel/share/gennodejs/ros/stdr_msgs/msg/ThermalSourceVector.js
Symlinking /home/timur/mkr_tm_ws/devel/share/gennodejs/ros/stdr_msgs/msg/RegisterRobotAction.js
Symlinking /home/timur/mkr_tm_ws/devel/share/gennodejs/ros/stdr_msgs/msg/RegisterRobotActionGoal.js
Symlinking /home/timur/mkr_tm_ws/devel/share/gennodejs/ros/stdr_msgs/msg/RegisterRobotGoal.js
Symlinking /home/timur/mkr_tm_ws/devel/share/gennodejs/ros/stdr_msgs/msg/Noise.js
Symlinking /home/timur/mkr_tm_ws/devel/share/gennodejs/ros/stdr_msgs/msg/ThermalSensorMeasurementMsg.js
Symlinking /home/timur/mkr_tm_ws/devel/share/gennodejs/ros/stdr_msgs/msg/LaserSensorMsg.js
Symlinking /home/timur/mkr_tm_ws/devel/share/gennodejs/ros/stdr_msgs/msg/SoundSource.js
Symlinking /home/timur/mkr_tm_ws/devel/share/gennodejs/ros/stdr_msgs/msg/ThermalSensorMsg.js
Symlinking /home/timur/mkr_tm_ws/devel/share/gennodejs/ros/stdr_msgs/msg/CO2Source.js
Symlinking /home/timur/mkr_tm_ws/devel/share/gennodejs/ros/stdr_msgs/msg/KinematicMsg.js
Symlinking /home/timur/mkr_tm_ws/devel/share/gennodejs/ros/stdr_msgs/msg/DeleteRobotActionGoal.js
Symlinking /home/timur/mkr_tm_ws/devel/share/gennodejs/ros/stdr_msgs/msg/DeleteRobotAction.js
Symlinking /home/timur/mkr_tm_ws/devel/share/gennodejs/ros/stdr_msgs/msg/SpawnRobotGoal.js
Symlinking /home/timur/mkr_tm_ws/devel/share/gennodejs/ros/stdr_msgs/msg/FootprintMsg.js
Symlinking /home/timur/mkr_tm_ws/devel/share/gennodejs/ros/stdr_msgs/msg/SpawnRobotFeedback.js
Symlinking /home/timur/mkr_tm_ws/devel/share/gennodejs/ros/stdr_msgs/msg/DeleteRobotResult.js
Symlinking /home/timur/mkr_tm_ws/devel/share/gennodejs/ros/stdr_msgs/msg/CO2SensorMsg.js
Symlinking /home/timur/mkr_tm_ws/devel/share/gennodejs/ros/stdr_msgs/msg/DeleteRobotActionResult.js
Symlinking /home/timur/mkr_tm_ws/devel/share/gennodejs/ros/stdr_msgs/msg/RobotIndexedVectorMsg.js
Symlinking /home/timur/mkr_tm_ws/devel/share/gennodejs/ros/stdr_msgs/msg/RfidSensorMeasurementMsg.js
Symlinking /home/timur/mkr_tm_ws/devel/share/gennodejs/ros/stdr_msgs/msg/DeleteRobotGoal.js
Symlinking /home/timur/mkr_tm_ws/devel/lib/pkgconfig/stdr_msgs.pc
Symlinking /home/timur/mkr_tm_ws/devel/lib/python2.7/dist-packages/stdr_msgs/__init__.py
Symlinking /home/timur/mkr_tm_ws/devel/lib/python2.7/dist-packages/stdr_msgs/srv/__init__.py
Symlinking /home/timur/mkr_tm_ws/devel/lib/python2.7/dist-packages/stdr_msgs/srv/_LoadMap.py
Symlinking /home/timur/mkr_tm_ws/devel/lib/python2.7/dist-packages/stdr_msgs/srv/_AddThermalSource.py
Symlinking /home/timur/mkr_tm_ws/devel/lib/python2.7/dist-packages/stdr_msgs/srv/_DeleteThermalSource.py
Symlinking /home/timur/mkr_tm_ws/devel/lib/python2.7/dist-packages/stdr_msgs/srv/_DeleteSoundSource.py
Symlinking /home/timur/mkr_tm_ws/devel/lib/python2.7/dist-packages/stdr_msgs/srv/_AddRfidTag.py
Symlinking /home/timur/mkr_tm_ws/devel/lib/python2.7/dist-packages/stdr_msgs/srv/_AddCO2Source.py
Symlinking /home/timur/mkr_tm_ws/devel/lib/python2.7/dist-packages/stdr_msgs/srv/_LoadExternalMap.py
Symlinking /home/timur/mkr_tm_ws/devel/lib/python2.7/dist-packages/stdr_msgs/srv/_MoveRobot.py
Symlinking /home/timur/mkr_tm_ws/devel/lib/python2.7/dist-packages/stdr_msgs/srv/_DeleteRfidTag.py
Symlinking /home/timur/mkr_tm_ws/devel/lib/python2.7/dist-packages/stdr_msgs/srv/_RegisterGui.py
Symlinking /home/timur/mkr_tm_ws/devel/lib/python2.7/dist-packages/stdr_msgs/srv/_DeleteCO2Source.py
Symlinking /home/timur/mkr_tm_ws/devel/lib/python2.7/dist-packages/stdr_msgs/srv/_AddSoundSource.py
Symlinking /home/timur/mkr_tm_ws/devel/lib/python2.7/dist-packages/stdr_msgs/msg/__init__.py
Symlinking /home/timur/mkr_tm_ws/devel/lib/python2.7/dist-packages/stdr_msgs/msg/_RegisterRobotActionResult.py
Symlinking /home/timur/mkr_tm_ws/devel/lib/python2.7/dist-packages/stdr_msgs/msg/_DeleteRobotActionFeedback.py
Symlinking /home/timur/mkr_tm_ws/devel/lib/python2.7/dist-packages/stdr_msgs/msg/_CO2SensorMeasurementMsg.py
Symlinking /home/timur/mkr_tm_ws/devel/lib/python2.7/dist-packages/stdr_msgs/msg/_RfidSensorMsg.py
Symlinking /home/timur/mkr_tm_ws/devel/lib/python2.7/dist-packages/stdr_msgs/msg/_ThermalSensorMeasurementMsg.py
Symlinking /home/timur/mkr_tm_ws/devel/lib/python2.7/dist-packages/stdr_msgs/msg/_DeleteRobotFeedback.py
Symlinking /home/timur/mkr_tm_ws/devel/lib/python2.7/dist-packages/stdr_msgs/msg/_SonarSensorMsg.py
Symlinking /home/timur/mkr_tm_ws/devel/lib/python2.7/dist-packages/stdr_msgs/msg/_ThermalSource.py
Symlinking /home/timur/mkr_tm_ws/devel/lib/python2.7/dist-packages/stdr_msgs/msg/_RobotIndexedMsg.py
Symlinking /home/timur/mkr_tm_ws/devel/lib/python2.7/dist-packages/stdr_msgs/msg/_RobotMsg.py
Symlinking /home/timur/mkr_tm_ws/devel/lib/python2.7/dist-packages/stdr_msgs/msg/_SpawnRobotResult.py
Symlinking /home/timur/mkr_tm_ws/devel/lib/python2.7/dist-packages/stdr_msgs/msg/_DeleteRobotActionResult.py
Symlinking /home/timur/mkr_tm_ws/devel/lib/python2.7/dist-packages/stdr_msgs/msg/_SpawnRobotActionResult.py
Symlinking /home/timur/mkr_tm_ws/devel/lib/python2.7/dist-packages/stdr_msgs/msg/_RegisterRobotAction.py
Symlinking /home/timur/mkr_tm_ws/devel/lib/python2.7/dist-packages/stdr_msgs/msg/_SpawnRobotFeedback.py
Symlinking /home/timur/mkr_tm_ws/devel/lib/python2.7/dist-packages/stdr_msgs/msg/_RfidTag.py
Symlinking /home/timur/mkr_tm_ws/devel/lib/python2.7/dist-packages/stdr_msgs/msg/_RegisterRobotGoal.py
Symlinking /home/timur/mkr_tm_ws/devel/lib/python2.7/dist-packages/stdr_msgs/msg/_LaserSensorMsg.py
Symlinking /home/timur/mkr_tm_ws/devel/lib/python2.7/dist-packages/stdr_msgs/msg/_DeleteRobotGoal.py
Symlinking /home/timur/mkr_tm_ws/devel/lib/python2.7/dist-packages/stdr_msgs/msg/_SpawnRobotGoal.py
Symlinking /home/timur/mkr_tm_ws/devel/lib/python2.7/dist-packages/stdr_msgs/msg/_CO2Source.py
Symlinking /home/timur/mkr_tm_ws/devel/lib/python2.7/dist-packages/stdr_msgs/msg/_RegisterRobotResult.py
Symlinking /home/timur/mkr_tm_ws/devel/lib/python2.7/dist-packages/stdr_msgs/msg/_RfidTagVector.py
Symlinking /home/timur/mkr_tm_ws/devel/lib/python2.7/dist-packages/stdr_msgs/msg/_RegisterRobotActionFeedback.py
Symlinking /home/timur/mkr_tm_ws/devel/lib/python2.7/dist-packages/stdr_msgs/msg/_SpawnRobotActionFeedback.py
Symlinking /home/timur/mkr_tm_ws/devel/lib/python2.7/dist-packages/stdr_msgs/msg/_DeleteRobotResult.py
Symlinking /home/timur/mkr_tm_ws/devel/lib/python2.7/dist-packages/stdr_msgs/msg/_ThermalSensorMsg.py
Symlinking /home/timur/mkr_tm_ws/devel/lib/python2.7/dist-packages/stdr_msgs/msg/_CO2SensorMsg.py
Symlinking /home/timur/mkr_tm_ws/devel/lib/python2.7/dist-packages/stdr_msgs/msg/_DeleteRobotActionGoal.py
Symlinking /home/timur/mkr_tm_ws/devel/lib/python2.7/dist-packages/stdr_msgs/msg/_RegisterRobotActionGoal.py
Symlinking /home/timur/mkr_tm_ws/devel/lib/python2.7/dist-packages/stdr_msgs/msg/_SpawnRobotAction.py
Symlinking /home/timur/mkr_tm_ws/devel/lib/python2.7/dist-packages/stdr_msgs/msg/_SoundSensorMsg.py
Symlinking /home/timur/mkr_tm_ws/devel/lib/python2.7/dist-packages/stdr_msgs/msg/_SoundSensorMeasurementMsg.py
Symlinking /home/timur/mkr_tm_ws/devel/lib/python2.7/dist-packages/stdr_msgs/msg/_Noise.py
Symlinking /home/timur/mkr_tm_ws/devel/lib/python2.7/dist-packages/stdr_msgs/msg/_SpawnRobotActionGoal.py
Symlinking /home/timur/mkr_tm_ws/devel/lib/python2.7/dist-packages/stdr_msgs/msg/_RobotIndexedVectorMsg.py
Symlinking /home/timur/mkr_tm_ws/devel/lib/python2.7/dist-packages/stdr_msgs/msg/_SoundSourceVector.py
Symlinking /home/timur/mkr_tm_ws/devel/lib/python2.7/dist-packages/stdr_msgs/msg/_SoundSource.py
Symlinking /home/timur/mkr_tm_ws/devel/lib/python2.7/dist-packages/stdr_msgs/msg/_DeleteRobotAction.py
Symlinking /home/timur/mkr_tm_ws/devel/lib/python2.7/dist-packages/stdr_msgs/msg/_KinematicMsg.py
Symlinking /home/timur/mkr_tm_ws/devel/lib/python2.7/dist-packages/stdr_msgs/msg/_RegisterRobotFeedback.py
Symlinking /home/timur/mkr_tm_ws/devel/lib/python2.7/dist-packages/stdr_msgs/msg/_RfidSensorMeasurementMsg.py
Symlinking /home/timur/mkr_tm_ws/devel/lib/python2.7/dist-packages/stdr_msgs/msg/_CO2SourceVector.py
Symlinking /home/timur/mkr_tm_ws/devel/lib/python2.7/dist-packages/stdr_msgs/msg/_ThermalSourceVector.py
Symlinking /home/timur/mkr_tm_ws/devel/lib/python2.7/dist-packages/stdr_msgs/msg/_FootprintMsg.py
Symlinking /home/timur/mkr_tm_ws/devel/include/stdr_msgs/AddSoundSourceRequest.h
Symlinking /home/timur/mkr_tm_ws/devel/include/stdr_msgs/DeleteRfidTagRequest.h
Symlinking /home/timur/mkr_tm_ws/devel/include/stdr_msgs/DeleteSoundSource.h
Symlinking /home/timur/mkr_tm_ws/devel/include/stdr_msgs/DeleteThermalSource.h
Symlinking /home/timur/mkr_tm_ws/devel/include/stdr_msgs/DeleteRfidTagResponse.h
Symlinking /home/timur/mkr_tm_ws/devel/include/stdr_msgs/LoadExternalMapRequest.h
Symlinking /home/timur/mkr_tm_ws/devel/include/stdr_msgs/RegisterRobotGoal.h
Symlinking /home/timur/mkr_tm_ws/devel/include/stdr_msgs/AddCO2Source.h
Symlinking /home/timur/mkr_tm_ws/devel/include/stdr_msgs/FootprintMsg.h
Symlinking /home/timur/mkr_tm_ws/devel/include/stdr_msgs/ThermalSourceVector.h
Symlinking /home/timur/mkr_tm_ws/devel/include/stdr_msgs/SonarSensorMsg.h
Symlinking /home/timur/mkr_tm_ws/devel/include/stdr_msgs/AddCO2SourceRequest.h
Symlinking /home/timur/mkr_tm_ws/devel/include/stdr_msgs/RobotMsg.h
Symlinking /home/timur/mkr_tm_ws/devel/include/stdr_msgs/AddThermalSourceRequest.h
Symlinking /home/timur/mkr_tm_ws/devel/include/stdr_msgs/RegisterRobotResult.h
Symlinking /home/timur/mkr_tm_ws/devel/include/stdr_msgs/RfidSensorMsg.h
Symlinking /home/timur/mkr_tm_ws/devel/include/stdr_msgs/KinematicMsg.h
Symlinking /home/timur/mkr_tm_ws/devel/include/stdr_msgs/SpawnRobotGoal.h
Symlinking /home/timur/mkr_tm_ws/devel/include/stdr_msgs/RfidTagVector.h
Symlinking /home/timur/mkr_tm_ws/devel/include/stdr_msgs/DeleteRobotFeedback.h
Symlinking /home/timur/mkr_tm_ws/devel/include/stdr_msgs/AddRfidTagResponse.h
Symlinking /home/timur/mkr_tm_ws/devel/include/stdr_msgs/SpawnRobotActionGoal.h
Symlinking /home/timur/mkr_tm_ws/devel/include/stdr_msgs/SpawnRobotActionResult.h
Symlinking /home/timur/mkr_tm_ws/devel/include/stdr_msgs/RegisterRobotFeedback.h
Symlinking /home/timur/mkr_tm_ws/devel/include/stdr_msgs/SpawnRobotActionFeedback.h
Symlinking /home/timur/mkr_tm_ws/devel/include/stdr_msgs/RfidTag.h
Symlinking /home/timur/mkr_tm_ws/devel/include/stdr_msgs/AddRfidTagRequest.h
Symlinking /home/timur/mkr_tm_ws/devel/include/stdr_msgs/DeleteThermalSourceResponse.h
Symlinking /home/timur/mkr_tm_ws/devel/include/stdr_msgs/SpawnRobotFeedback.h
Symlinking /home/timur/mkr_tm_ws/devel/include/stdr_msgs/DeleteCO2SourceResponse.h
Symlinking /home/timur/mkr_tm_ws/devel/include/stdr_msgs/Noise.h
Symlinking /home/timur/mkr_tm_ws/devel/include/stdr_msgs/DeleteSoundSourceResponse.h
Symlinking /home/timur/mkr_tm_ws/devel/include/stdr_msgs/DeleteRobotActionFeedback.h
Symlinking /home/timur/mkr_tm_ws/devel/include/stdr_msgs/MoveRobot.h
Symlinking /home/timur/mkr_tm_ws/devel/include/stdr_msgs/LaserSensorMsg.h
Symlinking /home/timur/mkr_tm_ws/devel/include/stdr_msgs/RfidSensorMeasurementMsg.h
Symlinking /home/timur/mkr_tm_ws/devel/include/stdr_msgs/DeleteRfidTag.h
Symlinking /home/timur/mkr_tm_ws/devel/include/stdr_msgs/RegisterGui.h
Symlinking /home/timur/mkr_tm_ws/devel/include/stdr_msgs/DeleteSoundSourceRequest.h
Symlinking /home/timur/mkr_tm_ws/devel/include/stdr_msgs/LoadMapRequest.h
Symlinking /home/timur/mkr_tm_ws/devel/include/stdr_msgs/DeleteThermalSourceRequest.h
Symlinking /home/timur/mkr_tm_ws/devel/include/stdr_msgs/LoadExternalMap.h
Symlinking /home/timur/mkr_tm_ws/devel/include/stdr_msgs/SoundSource.h
Symlinking /home/timur/mkr_tm_ws/devel/include/stdr_msgs/DeleteRobotActionGoal.h
Symlinking /home/timur/mkr_tm_ws/devel/include/stdr_msgs/SoundSensorMsg.h
Symlinking /home/timur/mkr_tm_ws/devel/include/stdr_msgs/AddRfidTag.h
Symlinking /home/timur/mkr_tm_ws/devel/include/stdr_msgs/AddCO2SourceResponse.h
Symlinking /home/timur/mkr_tm_ws/devel/include/stdr_msgs/RobotIndexedMsg.h
Symlinking /home/timur/mkr_tm_ws/devel/include/stdr_msgs/RegisterGuiResponse.h
Symlinking /home/timur/mkr_tm_ws/devel/include/stdr_msgs/SpawnRobotAction.h
Symlinking /home/timur/mkr_tm_ws/devel/include/stdr_msgs/DeleteRobotAction.h
Symlinking /home/timur/mkr_tm_ws/devel/include/stdr_msgs/DeleteRobotGoal.h
Symlinking /home/timur/mkr_tm_ws/devel/include/stdr_msgs/MoveRobotRequest.h
Symlinking /home/timur/mkr_tm_ws/devel/include/stdr_msgs/DeleteRobotResult.h
Symlinking /home/timur/mkr_tm_ws/devel/include/stdr_msgs/RegisterRobotAction.h
Symlinking /home/timur/mkr_tm_ws/devel/include/stdr_msgs/LoadMap.h
Symlinking /home/timur/mkr_tm_ws/devel/include/stdr_msgs/AddSoundSource.h
Symlinking /home/timur/mkr_tm_ws/devel/include/stdr_msgs/AddThermalSource.h
Symlinking /home/timur/mkr_tm_ws/devel/include/stdr_msgs/MoveRobotResponse.h
Symlinking /home/timur/mkr_tm_ws/devel/include/stdr_msgs/RegisterGuiRequest.h
Symlinking /home/timur/mkr_tm_ws/devel/include/stdr_msgs/AddSoundSourceResponse.h
Symlinking /home/timur/mkr_tm_ws/devel/include/stdr_msgs/SpawnRobotResult.h
Symlinking /home/timur/mkr_tm_ws/devel/include/stdr_msgs/RobotIndexedVectorMsg.h
Symlinking /home/timur/mkr_tm_ws/devel/include/stdr_msgs/SoundSensorMeasurementMsg.h
Symlinking /home/timur/mkr_tm_ws/devel/include/stdr_msgs/CO2Source.h
Symlinking /home/timur/mkr_tm_ws/devel/include/stdr_msgs/LoadExternalMapResponse.h
Symlinking /home/timur/mkr_tm_ws/devel/include/stdr_msgs/AddThermalSourceResponse.h
Symlinking /home/timur/mkr_tm_ws/devel/include/stdr_msgs/RegisterRobotActionResult.h
Symlinking /home/timur/mkr_tm_ws/devel/include/stdr_msgs/DeleteCO2Source.h
Symlinking /home/timur/mkr_tm_ws/devel/include/stdr_msgs/RegisterRobotActionFeedback.h
Symlinking /home/timur/mkr_tm_ws/devel/include/stdr_msgs/CO2SensorMeasurementMsg.h
Symlinking /home/timur/mkr_tm_ws/devel/include/stdr_msgs/DeleteCO2SourceRequest.h
Symlinking /home/timur/mkr_tm_ws/devel/include/stdr_msgs/CO2SourceVector.h
Symlinking /home/timur/mkr_tm_ws/devel/include/stdr_msgs/ThermalSensorMeasurementMsg.h
Symlinking /home/timur/mkr_tm_ws/devel/include/stdr_msgs/ThermalSource.h
Symlinking /home/timur/mkr_tm_ws/devel/include/stdr_msgs/DeleteRobotActionResult.h
Symlinking /home/timur/mkr_tm_ws/devel/include/stdr_msgs/ThermalSensorMsg.h
Symlinking /home/timur/mkr_tm_ws/devel/include/stdr_msgs/CO2SensorMsg.h
Symlinking /home/timur/mkr_tm_ws/devel/include/stdr_msgs/LoadMapResponse.h
Symlinking /home/timur/mkr_tm_ws/devel/include/stdr_msgs/RegisterRobotActionGoal.h
Symlinking /home/timur/mkr_tm_ws/devel/include/stdr_msgs/SoundSourceVector.h
