Linked: (/home/timur/mkr_tm_ws/devel/.private/stdr_msgs/share/stdr_msgs/cmake/stdr_msgs-msg-extras.cmake, /home/timur/mkr_tm_ws/devel/share/stdr_msgs/cmake/stdr_msgs-msg-extras.cmake)
Linked: (/home/timur/mkr_tm_ws/devel/.private/stdr_msgs/share/stdr_msgs/cmake/stdr_msgs-msg-paths.cmake, /home/timur/mkr_tm_ws/devel/share/stdr_msgs/cmake/stdr_msgs-msg-paths.cmake)
Linked: (/home/timur/mkr_tm_ws/devel/.private/stdr_msgs/share/stdr_msgs/cmake/stdr_msgsConfig.cmake, /home/timur/mkr_tm_ws/devel/share/stdr_msgs/cmake/stdr_msgsConfig.cmake)
Linked: (/home/timur/mkr_tm_ws/devel/.private/stdr_msgs/share/stdr_msgs/cmake/stdr_msgsConfig-version.cmake, /home/timur/mkr_tm_ws/devel/share/stdr_msgs/cmake/stdr_msgsConfig-version.cmake)
Linked: (/home/timur/mkr_tm_ws/devel/.private/stdr_msgs/share/stdr_msgs/msg/SpawnRobotFeedback.msg, /home/timur/mkr_tm_ws/devel/share/stdr_msgs/msg/SpawnRobotFeedback.msg)
Linked: (/home/timur/mkr_tm_ws/devel/.private/stdr_msgs/share/stdr_msgs/msg/DeleteRobotAction.msg, /home/timur/mkr_tm_ws/devel/share/stdr_msgs/msg/DeleteRobotAction.msg)
Linked: (/home/timur/mkr_tm_ws/devel/.private/stdr_msgs/share/stdr_msgs/msg/RegisterRobotActionGoal.msg, /home/timur/mkr_tm_ws/devel/share/stdr_msgs/msg/RegisterRobotActionGoal.msg)
Linked: (/home/timur/mkr_tm_ws/devel/.private/stdr_msgs/share/stdr_msgs/msg/DeleteRobotActionGoal.msg, /home/timur/mkr_tm_ws/devel/share/stdr_msgs/msg/DeleteRobotActionGoal.msg)
Linked: (/home/timur/mkr_tm_ws/devel/.private/stdr_msgs/share/stdr_msgs/msg/DeleteRobotActionResult.msg, /home/timur/mkr_tm_ws/devel/share/stdr_msgs/msg/DeleteRobotActionResult.msg)
Linked: (/home/timur/mkr_tm_ws/devel/.private/stdr_msgs/share/stdr_msgs/msg/RegisterRobotActionFeedback.msg, /home/timur/mkr_tm_ws/devel/share/stdr_msgs/msg/RegisterRobotActionFeedback.msg)
Linked: (/home/timur/mkr_tm_ws/devel/.private/stdr_msgs/share/stdr_msgs/msg/DeleteRobotFeedback.msg, /home/timur/mkr_tm_ws/devel/share/stdr_msgs/msg/DeleteRobotFeedback.msg)
Linked: (/home/timur/mkr_tm_ws/devel/.private/stdr_msgs/share/stdr_msgs/msg/RegisterRobotAction.msg, /home/timur/mkr_tm_ws/devel/share/stdr_msgs/msg/RegisterRobotAction.msg)
Linked: (/home/timur/mkr_tm_ws/devel/.private/stdr_msgs/share/stdr_msgs/msg/DeleteRobotGoal.msg, /home/timur/mkr_tm_ws/devel/share/stdr_msgs/msg/DeleteRobotGoal.msg)
Linked: (/home/timur/mkr_tm_ws/devel/.private/stdr_msgs/share/stdr_msgs/msg/RegisterRobotActionResult.msg, /home/timur/mkr_tm_ws/devel/share/stdr_msgs/msg/RegisterRobotActionResult.msg)
Linked: (/home/timur/mkr_tm_ws/devel/.private/stdr_msgs/share/stdr_msgs/msg/SpawnRobotActionGoal.msg, /home/timur/mkr_tm_ws/devel/share/stdr_msgs/msg/SpawnRobotActionGoal.msg)
Linked: (/home/timur/mkr_tm_ws/devel/.private/stdr_msgs/share/stdr_msgs/msg/RegisterRobotResult.msg, /home/timur/mkr_tm_ws/devel/share/stdr_msgs/msg/RegisterRobotResult.msg)
Linked: (/home/timur/mkr_tm_ws/devel/.private/stdr_msgs/share/stdr_msgs/msg/RegisterRobotFeedback.msg, /home/timur/mkr_tm_ws/devel/share/stdr_msgs/msg/RegisterRobotFeedback.msg)
Linked: (/home/timur/mkr_tm_ws/devel/.private/stdr_msgs/share/stdr_msgs/msg/SpawnRobotActionFeedback.msg, /home/timur/mkr_tm_ws/devel/share/stdr_msgs/msg/SpawnRobotActionFeedback.msg)
Linked: (/home/timur/mkr_tm_ws/devel/.private/stdr_msgs/share/stdr_msgs/msg/SpawnRobotAction.msg, /home/timur/mkr_tm_ws/devel/share/stdr_msgs/msg/SpawnRobotAction.msg)
Linked: (/home/timur/mkr_tm_ws/devel/.private/stdr_msgs/share/stdr_msgs/msg/RegisterRobotGoal.msg, /home/timur/mkr_tm_ws/devel/share/stdr_msgs/msg/RegisterRobotGoal.msg)
Linked: (/home/timur/mkr_tm_ws/devel/.private/stdr_msgs/share/stdr_msgs/msg/SpawnRobotGoal.msg, /home/timur/mkr_tm_ws/devel/share/stdr_msgs/msg/SpawnRobotGoal.msg)
Linked: (/home/timur/mkr_tm_ws/devel/.private/stdr_msgs/share/stdr_msgs/msg/DeleteRobotActionFeedback.msg, /home/timur/mkr_tm_ws/devel/share/stdr_msgs/msg/DeleteRobotActionFeedback.msg)
Linked: (/home/timur/mkr_tm_ws/devel/.private/stdr_msgs/share/stdr_msgs/msg/SpawnRobotActionResult.msg, /home/timur/mkr_tm_ws/devel/share/stdr_msgs/msg/SpawnRobotActionResult.msg)
Linked: (/home/timur/mkr_tm_ws/devel/.private/stdr_msgs/share/stdr_msgs/msg/DeleteRobotResult.msg, /home/timur/mkr_tm_ws/devel/share/stdr_msgs/msg/DeleteRobotResult.msg)
Linked: (/home/timur/mkr_tm_ws/devel/.private/stdr_msgs/share/stdr_msgs/msg/SpawnRobotResult.msg, /home/timur/mkr_tm_ws/devel/share/stdr_msgs/msg/SpawnRobotResult.msg)
Linked: (/home/timur/mkr_tm_ws/devel/.private/stdr_msgs/share/common-lisp/ros/stdr_msgs/srv/_package_AddThermalSource.lisp, /home/timur/mkr_tm_ws/devel/share/common-lisp/ros/stdr_msgs/srv/_package_AddThermalSource.lisp)
Linked: (/home/timur/mkr_tm_ws/devel/.private/stdr_msgs/share/common-lisp/ros/stdr_msgs/srv/_package_AddSoundSource.lisp, /home/timur/mkr_tm_ws/devel/share/common-lisp/ros/stdr_msgs/srv/_package_AddSoundSource.lisp)
Linked: (/home/timur/mkr_tm_ws/devel/.private/stdr_msgs/share/common-lisp/ros/stdr_msgs/srv/_package_RegisterGui.lisp, /home/timur/mkr_tm_ws/devel/share/common-lisp/ros/stdr_msgs/srv/_package_RegisterGui.lisp)
Linked: (/home/timur/mkr_tm_ws/devel/.private/stdr_msgs/share/common-lisp/ros/stdr_msgs/srv/AddRfidTag.lisp, /home/timur/mkr_tm_ws/devel/share/common-lisp/ros/stdr_msgs/srv/AddRfidTag.lisp)
Linked: (/home/timur/mkr_tm_ws/devel/.private/stdr_msgs/share/common-lisp/ros/stdr_msgs/srv/DeleteThermalSource.lisp, /home/timur/mkr_tm_ws/devel/share/common-lisp/ros/stdr_msgs/srv/DeleteThermalSource.lisp)
Linked: (/home/timur/mkr_tm_ws/devel/.private/stdr_msgs/share/common-lisp/ros/stdr_msgs/srv/LoadMap.lisp, /home/timur/mkr_tm_ws/devel/share/common-lisp/ros/stdr_msgs/srv/LoadMap.lisp)
Linked: (/home/timur/mkr_tm_ws/devel/.private/stdr_msgs/share/common-lisp/ros/stdr_msgs/srv/DeleteSoundSource.lisp, /home/timur/mkr_tm_ws/devel/share/common-lisp/ros/stdr_msgs/srv/DeleteSoundSource.lisp)
Linked: (/home/timur/mkr_tm_ws/devel/.private/stdr_msgs/share/common-lisp/ros/stdr_msgs/srv/LoadExternalMap.lisp, /home/timur/mkr_tm_ws/devel/share/common-lisp/ros/stdr_msgs/srv/LoadExternalMap.lisp)
Linked: (/home/timur/mkr_tm_ws/devel/.private/stdr_msgs/share/common-lisp/ros/stdr_msgs/srv/AddThermalSource.lisp, /home/timur/mkr_tm_ws/devel/share/common-lisp/ros/stdr_msgs/srv/AddThermalSource.lisp)
Linked: (/home/timur/mkr_tm_ws/devel/.private/stdr_msgs/share/common-lisp/ros/stdr_msgs/srv/_package_MoveRobot.lisp, /home/timur/mkr_tm_ws/devel/share/common-lisp/ros/stdr_msgs/srv/_package_MoveRobot.lisp)
Linked: (/home/timur/mkr_tm_ws/devel/.private/stdr_msgs/share/common-lisp/ros/stdr_msgs/srv/_package.lisp, /home/timur/mkr_tm_ws/devel/share/common-lisp/ros/stdr_msgs/srv/_package.lisp)
Linked: (/home/timur/mkr_tm_ws/devel/.private/stdr_msgs/share/common-lisp/ros/stdr_msgs/srv/_package_DeleteRfidTag.lisp, /home/timur/mkr_tm_ws/devel/share/common-lisp/ros/stdr_msgs/srv/_package_DeleteRfidTag.lisp)
Linked: (/home/timur/mkr_tm_ws/devel/.private/stdr_msgs/share/common-lisp/ros/stdr_msgs/srv/stdr_msgs-srv.asd, /home/timur/mkr_tm_ws/devel/share/common-lisp/ros/stdr_msgs/srv/stdr_msgs-srv.asd)
Linked: (/home/timur/mkr_tm_ws/devel/.private/stdr_msgs/share/common-lisp/ros/stdr_msgs/srv/DeleteCO2Source.lisp, /home/timur/mkr_tm_ws/devel/share/common-lisp/ros/stdr_msgs/srv/DeleteCO2Source.lisp)
Linked: (/home/timur/mkr_tm_ws/devel/.private/stdr_msgs/share/common-lisp/ros/stdr_msgs/srv/_package_LoadExternalMap.lisp, /home/timur/mkr_tm_ws/devel/share/common-lisp/ros/stdr_msgs/srv/_package_LoadExternalMap.lisp)
Linked: (/home/timur/mkr_tm_ws/devel/.private/stdr_msgs/share/common-lisp/ros/stdr_msgs/srv/AddSoundSource.lisp, /home/timur/mkr_tm_ws/devel/share/common-lisp/ros/stdr_msgs/srv/AddSoundSource.lisp)
Linked: (/home/timur/mkr_tm_ws/devel/.private/stdr_msgs/share/common-lisp/ros/stdr_msgs/srv/_package_AddCO2Source.lisp, /home/timur/mkr_tm_ws/devel/share/common-lisp/ros/stdr_msgs/srv/_package_AddCO2Source.lisp)
Linked: (/home/timur/mkr_tm_ws/devel/.private/stdr_msgs/share/common-lisp/ros/stdr_msgs/srv/_package_DeleteThermalSource.lisp, /home/timur/mkr_tm_ws/devel/share/common-lisp/ros/stdr_msgs/srv/_package_DeleteThermalSource.lisp)
Linked: (/home/timur/mkr_tm_ws/devel/.private/stdr_msgs/share/common-lisp/ros/stdr_msgs/srv/AddCO2Source.lisp, /home/timur/mkr_tm_ws/devel/share/common-lisp/ros/stdr_msgs/srv/AddCO2Source.lisp)
Linked: (/home/timur/mkr_tm_ws/devel/.private/stdr_msgs/share/common-lisp/ros/stdr_msgs/srv/_package_LoadMap.lisp, /home/timur/mkr_tm_ws/devel/share/common-lisp/ros/stdr_msgs/srv/_package_LoadMap.lisp)
Linked: (/home/timur/mkr_tm_ws/devel/.private/stdr_msgs/share/common-lisp/ros/stdr_msgs/srv/_package_DeleteSoundSource.lisp, /home/timur/mkr_tm_ws/devel/share/common-lisp/ros/stdr_msgs/srv/_package_DeleteSoundSource.lisp)
Linked: (/home/timur/mkr_tm_ws/devel/.private/stdr_msgs/share/common-lisp/ros/stdr_msgs/srv/MoveRobot.lisp, /home/timur/mkr_tm_ws/devel/share/common-lisp/ros/stdr_msgs/srv/MoveRobot.lisp)
Linked: (/home/timur/mkr_tm_ws/devel/.private/stdr_msgs/share/common-lisp/ros/stdr_msgs/srv/_package_AddRfidTag.lisp, /home/timur/mkr_tm_ws/devel/share/common-lisp/ros/stdr_msgs/srv/_package_AddRfidTag.lisp)
Linked: (/home/timur/mkr_tm_ws/devel/.private/stdr_msgs/share/common-lisp/ros/stdr_msgs/srv/_package_DeleteCO2Source.lisp, /home/timur/mkr_tm_ws/devel/share/common-lisp/ros/stdr_msgs/srv/_package_DeleteCO2Source.lisp)
Linked: (/home/timur/mkr_tm_ws/devel/.private/stdr_msgs/share/common-lisp/ros/stdr_msgs/srv/RegisterGui.lisp, /home/timur/mkr_tm_ws/devel/share/common-lisp/ros/stdr_msgs/srv/RegisterGui.lisp)
Linked: (/home/timur/mkr_tm_ws/devel/.private/stdr_msgs/share/common-lisp/ros/stdr_msgs/srv/DeleteRfidTag.lisp, /home/timur/mkr_tm_ws/devel/share/common-lisp/ros/stdr_msgs/srv/DeleteRfidTag.lisp)
Linked: (/home/timur/mkr_tm_ws/devel/.private/stdr_msgs/share/common-lisp/ros/stdr_msgs/msg/stdr_msgs-msg.asd, /home/timur/mkr_tm_ws/devel/share/common-lisp/ros/stdr_msgs/msg/stdr_msgs-msg.asd)
Linked: (/home/timur/mkr_tm_ws/devel/.private/stdr_msgs/share/common-lisp/ros/stdr_msgs/msg/ThermalSensorMeasurementMsg.lisp, /home/timur/mkr_tm_ws/devel/share/common-lisp/ros/stdr_msgs/msg/ThermalSensorMeasurementMsg.lisp)
Linked: (/home/timur/mkr_tm_ws/devel/.private/stdr_msgs/share/common-lisp/ros/stdr_msgs/msg/RfidTag.lisp, /home/timur/mkr_tm_ws/devel/share/common-lisp/ros/stdr_msgs/msg/RfidTag.lisp)
Linked: (/home/timur/mkr_tm_ws/devel/.private/stdr_msgs/share/common-lisp/ros/stdr_msgs/msg/RegisterRobotGoal.lisp, /home/timur/mkr_tm_ws/devel/share/common-lisp/ros/stdr_msgs/msg/RegisterRobotGoal.lisp)
Linked: (/home/timur/mkr_tm_ws/devel/.private/stdr_msgs/share/common-lisp/ros/stdr_msgs/msg/FootprintMsg.lisp, /home/timur/mkr_tm_ws/devel/share/common-lisp/ros/stdr_msgs/msg/FootprintMsg.lisp)
Linked: (/home/timur/mkr_tm_ws/devel/.private/stdr_msgs/share/common-lisp/ros/stdr_msgs/msg/_package_RfidTagVector.lisp, /home/timur/mkr_tm_ws/devel/share/common-lisp/ros/stdr_msgs/msg/_package_RfidTagVector.lisp)
Linked: (/home/timur/mkr_tm_ws/devel/.private/stdr_msgs/share/common-lisp/ros/stdr_msgs/msg/Noise.lisp, /home/timur/mkr_tm_ws/devel/share/common-lisp/ros/stdr_msgs/msg/Noise.lisp)
Linked: (/home/timur/mkr_tm_ws/devel/.private/stdr_msgs/share/common-lisp/ros/stdr_msgs/msg/_package_RegisterRobotActionFeedback.lisp, /home/timur/mkr_tm_ws/devel/share/common-lisp/ros/stdr_msgs/msg/_package_RegisterRobotActionFeedback.lisp)
Linked: (/home/timur/mkr_tm_ws/devel/.private/stdr_msgs/share/common-lisp/ros/stdr_msgs/msg/_package_SpawnRobotActionResult.lisp, /home/timur/mkr_tm_ws/devel/share/common-lisp/ros/stdr_msgs/msg/_package_SpawnRobotActionResult.lisp)
Linked: (/home/timur/mkr_tm_ws/devel/.private/stdr_msgs/share/common-lisp/ros/stdr_msgs/msg/_package_RfidSensorMsg.lisp, /home/timur/mkr_tm_ws/devel/share/common-lisp/ros/stdr_msgs/msg/_package_RfidSensorMsg.lisp)
Linked: (/home/timur/mkr_tm_ws/devel/.private/stdr_msgs/share/common-lisp/ros/stdr_msgs/msg/SpawnRobotFeedback.lisp, /home/timur/mkr_tm_ws/devel/share/common-lisp/ros/stdr_msgs/msg/SpawnRobotFeedback.lisp)
Linked: (/home/timur/mkr_tm_ws/devel/.private/stdr_msgs/share/common-lisp/ros/stdr_msgs/msg/_package_RfidTag.lisp, /home/timur/mkr_tm_ws/devel/share/common-lisp/ros/stdr_msgs/msg/_package_RfidTag.lisp)
Linked: (/home/timur/mkr_tm_ws/devel/.private/stdr_msgs/share/common-lisp/ros/stdr_msgs/msg/_package_SonarSensorMsg.lisp, /home/timur/mkr_tm_ws/devel/share/common-lisp/ros/stdr_msgs/msg/_package_SonarSensorMsg.lisp)
Linked: (/home/timur/mkr_tm_ws/devel/.private/stdr_msgs/share/common-lisp/ros/stdr_msgs/msg/RfidSensorMsg.lisp, /home/timur/mkr_tm_ws/devel/share/common-lisp/ros/stdr_msgs/msg/RfidSensorMsg.lisp)
Linked: (/home/timur/mkr_tm_ws/devel/.private/stdr_msgs/share/common-lisp/ros/stdr_msgs/msg/ThermalSensorMsg.lisp, /home/timur/mkr_tm_ws/devel/share/common-lisp/ros/stdr_msgs/msg/ThermalSensorMsg.lisp)
Linked: (/home/timur/mkr_tm_ws/devel/.private/stdr_msgs/share/common-lisp/ros/stdr_msgs/msg/DeleteRobotActionGoal.lisp, /home/timur/mkr_tm_ws/devel/share/common-lisp/ros/stdr_msgs/msg/DeleteRobotActionGoal.lisp)
Linked: (/home/timur/mkr_tm_ws/devel/.private/stdr_msgs/share/common-lisp/ros/stdr_msgs/msg/RegisterRobotActionResult.lisp, /home/timur/mkr_tm_ws/devel/share/common-lisp/ros/stdr_msgs/msg/RegisterRobotActionResult.lisp)
Linked: (/home/timur/mkr_tm_ws/devel/.private/stdr_msgs/share/common-lisp/ros/stdr_msgs/msg/SpawnRobotActionFeedback.lisp, /home/timur/mkr_tm_ws/devel/share/common-lisp/ros/stdr_msgs/msg/SpawnRobotActionFeedback.lisp)
Linked: (/home/timur/mkr_tm_ws/devel/.private/stdr_msgs/share/common-lisp/ros/stdr_msgs/msg/_package_CO2SourceVector.lisp, /home/timur/mkr_tm_ws/devel/share/common-lisp/ros/stdr_msgs/msg/_package_CO2SourceVector.lisp)
Linked: (/home/timur/mkr_tm_ws/devel/.private/stdr_msgs/share/common-lisp/ros/stdr_msgs/msg/_package_DeleteRobotGoal.lisp, /home/timur/mkr_tm_ws/devel/share/common-lisp/ros/stdr_msgs/msg/_package_DeleteRobotGoal.lisp)
Linked: (/home/timur/mkr_tm_ws/devel/.private/stdr_msgs/share/common-lisp/ros/stdr_msgs/msg/_package_RfidSensorMeasurementMsg.lisp, /home/timur/mkr_tm_ws/devel/share/common-lisp/ros/stdr_msgs/msg/_package_RfidSensorMeasurementMsg.lisp)
Linked: (/home/timur/mkr_tm_ws/devel/.private/stdr_msgs/share/common-lisp/ros/stdr_msgs/msg/_package_SpawnRobotActionFeedback.lisp, /home/timur/mkr_tm_ws/devel/share/common-lisp/ros/stdr_msgs/msg/_package_SpawnRobotActionFeedback.lisp)
Linked: (/home/timur/mkr_tm_ws/devel/.private/stdr_msgs/share/common-lisp/ros/stdr_msgs/msg/_package_RegisterRobotGoal.lisp, /home/timur/mkr_tm_ws/devel/share/common-lisp/ros/stdr_msgs/msg/_package_RegisterRobotGoal.lisp)
Linked: (/home/timur/mkr_tm_ws/devel/.private/stdr_msgs/share/common-lisp/ros/stdr_msgs/msg/_package_RegisterRobotActionGoal.lisp, /home/timur/mkr_tm_ws/devel/share/common-lisp/ros/stdr_msgs/msg/_package_RegisterRobotActionGoal.lisp)
Linked: (/home/timur/mkr_tm_ws/devel/.private/stdr_msgs/share/common-lisp/ros/stdr_msgs/msg/_package_RegisterRobotFeedback.lisp, /home/timur/mkr_tm_ws/devel/share/common-lisp/ros/stdr_msgs/msg/_package_RegisterRobotFeedback.lisp)
Linked: (/home/timur/mkr_tm_ws/devel/.private/stdr_msgs/share/common-lisp/ros/stdr_msgs/msg/RfidTagVector.lisp, /home/timur/mkr_tm_ws/devel/share/common-lisp/ros/stdr_msgs/msg/RfidTagVector.lisp)
Linked: (/home/timur/mkr_tm_ws/devel/.private/stdr_msgs/share/common-lisp/ros/stdr_msgs/msg/DeleteRobotActionFeedback.lisp, /home/timur/mkr_tm_ws/devel/share/common-lisp/ros/stdr_msgs/msg/DeleteRobotActionFeedback.lisp)
Linked: (/home/timur/mkr_tm_ws/devel/.private/stdr_msgs/share/common-lisp/ros/stdr_msgs/msg/RegisterRobotAction.lisp, /home/timur/mkr_tm_ws/devel/share/common-lisp/ros/stdr_msgs/msg/RegisterRobotAction.lisp)
Linked: (/home/timur/mkr_tm_ws/devel/.private/stdr_msgs/share/common-lisp/ros/stdr_msgs/msg/CO2SourceVector.lisp, /home/timur/mkr_tm_ws/devel/share/common-lisp/ros/stdr_msgs/msg/CO2SourceVector.lisp)
Linked: (/home/timur/mkr_tm_ws/devel/.private/stdr_msgs/share/common-lisp/ros/stdr_msgs/msg/ThermalSourceVector.lisp, /home/timur/mkr_tm_ws/devel/share/common-lisp/ros/stdr_msgs/msg/ThermalSourceVector.lisp)
Linked: (/home/timur/mkr_tm_ws/devel/.private/stdr_msgs/share/common-lisp/ros/stdr_msgs/msg/RegisterRobotActionFeedback.lisp, /home/timur/mkr_tm_ws/devel/share/common-lisp/ros/stdr_msgs/msg/RegisterRobotActionFeedback.lisp)
Linked: (/home/timur/mkr_tm_ws/devel/.private/stdr_msgs/share/common-lisp/ros/stdr_msgs/msg/RegisterRobotFeedback.lisp, /home/timur/mkr_tm_ws/devel/share/common-lisp/ros/stdr_msgs/msg/RegisterRobotFeedback.lisp)
Linked: (/home/timur/mkr_tm_ws/devel/.private/stdr_msgs/share/common-lisp/ros/stdr_msgs/msg/RobotIndexedMsg.lisp, /home/timur/mkr_tm_ws/devel/share/common-lisp/ros/stdr_msgs/msg/RobotIndexedMsg.lisp)
Linked: (/home/timur/mkr_tm_ws/devel/.private/stdr_msgs/share/common-lisp/ros/stdr_msgs/msg/_package_SpawnRobotFeedback.lisp, /home/timur/mkr_tm_ws/devel/share/common-lisp/ros/stdr_msgs/msg/_package_SpawnRobotFeedback.lisp)
Linked: (/home/timur/mkr_tm_ws/devel/.private/stdr_msgs/share/common-lisp/ros/stdr_msgs/msg/_package_DeleteRobotActionGoal.lisp, /home/timur/mkr_tm_ws/devel/share/common-lisp/ros/stdr_msgs/msg/_package_DeleteRobotActionGoal.lisp)
Linked: (/home/timur/mkr_tm_ws/devel/.private/stdr_msgs/share/common-lisp/ros/stdr_msgs/msg/SpawnRobotActionGoal.lisp, /home/timur/mkr_tm_ws/devel/share/common-lisp/ros/stdr_msgs/msg/SpawnRobotActionGoal.lisp)
Linked: (/home/timur/mkr_tm_ws/devel/.private/stdr_msgs/share/common-lisp/ros/stdr_msgs/msg/_package_ThermalSource.lisp, /home/timur/mkr_tm_ws/devel/share/common-lisp/ros/stdr_msgs/msg/_package_ThermalSource.lisp)
Linked: (/home/timur/mkr_tm_ws/devel/.private/stdr_msgs/share/common-lisp/ros/stdr_msgs/msg/RobotMsg.lisp, /home/timur/mkr_tm_ws/devel/share/common-lisp/ros/stdr_msgs/msg/RobotMsg.lisp)
Linked: (/home/timur/mkr_tm_ws/devel/.private/stdr_msgs/share/common-lisp/ros/stdr_msgs/msg/_package_ThermalSensorMeasurementMsg.lisp, /home/timur/mkr_tm_ws/devel/share/common-lisp/ros/stdr_msgs/msg/_package_ThermalSensorMeasurementMsg.lisp)
Linked: (/home/timur/mkr_tm_ws/devel/.private/stdr_msgs/share/common-lisp/ros/stdr_msgs/msg/_package_RegisterRobotAction.lisp, /home/timur/mkr_tm_ws/devel/share/common-lisp/ros/stdr_msgs/msg/_package_RegisterRobotAction.lisp)
Linked: (/home/timur/mkr_tm_ws/devel/.private/stdr_msgs/share/common-lisp/ros/stdr_msgs/msg/_package_SpawnRobotActionGoal.lisp, /home/timur/mkr_tm_ws/devel/share/common-lisp/ros/stdr_msgs/msg/_package_SpawnRobotActionGoal.lisp)
Linked: (/home/timur/mkr_tm_ws/devel/.private/stdr_msgs/share/common-lisp/ros/stdr_msgs/msg/SoundSource.lisp, /home/timur/mkr_tm_ws/devel/share/common-lisp/ros/stdr_msgs/msg/SoundSource.lisp)
Linked: (/home/timur/mkr_tm_ws/devel/.private/stdr_msgs/share/common-lisp/ros/stdr_msgs/msg/_package_SoundSourceVector.lisp, /home/timur/mkr_tm_ws/devel/share/common-lisp/ros/stdr_msgs/msg/_package_SoundSourceVector.lisp)
Linked: (/home/timur/mkr_tm_ws/devel/.private/stdr_msgs/share/common-lisp/ros/stdr_msgs/msg/SoundSourceVector.lisp, /home/timur/mkr_tm_ws/devel/share/common-lisp/ros/stdr_msgs/msg/SoundSourceVector.lisp)
Linked: (/home/timur/mkr_tm_ws/devel/.private/stdr_msgs/share/common-lisp/ros/stdr_msgs/msg/_package.lisp, /home/timur/mkr_tm_ws/devel/share/common-lisp/ros/stdr_msgs/msg/_package.lisp)
Linked: (/home/timur/mkr_tm_ws/devel/.private/stdr_msgs/share/common-lisp/ros/stdr_msgs/msg/SpawnRobotActionResult.lisp, /home/timur/mkr_tm_ws/devel/share/common-lisp/ros/stdr_msgs/msg/SpawnRobotActionResult.lisp)
Linked: (/home/timur/mkr_tm_ws/devel/.private/stdr_msgs/share/common-lisp/ros/stdr_msgs/msg/_package_CO2SensorMeasurementMsg.lisp, /home/timur/mkr_tm_ws/devel/share/common-lisp/ros/stdr_msgs/msg/_package_CO2SensorMeasurementMsg.lisp)
Linked: (/home/timur/mkr_tm_ws/devel/.private/stdr_msgs/share/common-lisp/ros/stdr_msgs/msg/_package_FootprintMsg.lisp, /home/timur/mkr_tm_ws/devel/share/common-lisp/ros/stdr_msgs/msg/_package_FootprintMsg.lisp)
Linked: (/home/timur/mkr_tm_ws/devel/.private/stdr_msgs/share/common-lisp/ros/stdr_msgs/msg/SpawnRobotResult.lisp, /home/timur/mkr_tm_ws/devel/share/common-lisp/ros/stdr_msgs/msg/SpawnRobotResult.lisp)
Linked: (/home/timur/mkr_tm_ws/devel/.private/stdr_msgs/share/common-lisp/ros/stdr_msgs/msg/_package_SoundSensorMeasurementMsg.lisp, /home/timur/mkr_tm_ws/devel/share/common-lisp/ros/stdr_msgs/msg/_package_SoundSensorMeasurementMsg.lisp)
Linked: (/home/timur/mkr_tm_ws/devel/.private/stdr_msgs/share/common-lisp/ros/stdr_msgs/msg/_package_SoundSource.lisp, /home/timur/mkr_tm_ws/devel/share/common-lisp/ros/stdr_msgs/msg/_package_SoundSource.lisp)
Linked: (/home/timur/mkr_tm_ws/devel/.private/stdr_msgs/share/common-lisp/ros/stdr_msgs/msg/_package_Noise.lisp, /home/timur/mkr_tm_ws/devel/share/common-lisp/ros/stdr_msgs/msg/_package_Noise.lisp)
Linked: (/home/timur/mkr_tm_ws/devel/.private/stdr_msgs/share/common-lisp/ros/stdr_msgs/msg/_package_CO2SensorMsg.lisp, /home/timur/mkr_tm_ws/devel/share/common-lisp/ros/stdr_msgs/msg/_package_CO2SensorMsg.lisp)
Linked: (/home/timur/mkr_tm_ws/devel/.private/stdr_msgs/share/common-lisp/ros/stdr_msgs/msg/CO2Source.lisp, /home/timur/mkr_tm_ws/devel/share/common-lisp/ros/stdr_msgs/msg/CO2Source.lisp)
Linked: (/home/timur/mkr_tm_ws/devel/.private/stdr_msgs/share/common-lisp/ros/stdr_msgs/msg/_package_RegisterRobotActionResult.lisp, /home/timur/mkr_tm_ws/devel/share/common-lisp/ros/stdr_msgs/msg/_package_RegisterRobotActionResult.lisp)
Linked: (/home/timur/mkr_tm_ws/devel/.private/stdr_msgs/share/common-lisp/ros/stdr_msgs/msg/SpawnRobotAction.lisp, /home/timur/mkr_tm_ws/devel/share/common-lisp/ros/stdr_msgs/msg/SpawnRobotAction.lisp)
Linked: (/home/timur/mkr_tm_ws/devel/.private/stdr_msgs/share/common-lisp/ros/stdr_msgs/msg/DeleteRobotActionResult.lisp, /home/timur/mkr_tm_ws/devel/share/common-lisp/ros/stdr_msgs/msg/DeleteRobotActionResult.lisp)
Linked: (/home/timur/mkr_tm_ws/devel/.private/stdr_msgs/share/common-lisp/ros/stdr_msgs/msg/RegisterRobotResult.lisp, /home/timur/mkr_tm_ws/devel/share/common-lisp/ros/stdr_msgs/msg/RegisterRobotResult.lisp)
Linked: (/home/timur/mkr_tm_ws/devel/.private/stdr_msgs/share/common-lisp/ros/stdr_msgs/msg/_package_LaserSensorMsg.lisp, /home/timur/mkr_tm_ws/devel/share/common-lisp/ros/stdr_msgs/msg/_package_LaserSensorMsg.lisp)
Linked: (/home/timur/mkr_tm_ws/devel/.private/stdr_msgs/share/common-lisp/ros/stdr_msgs/msg/SoundSensorMeasurementMsg.lisp, /home/timur/mkr_tm_ws/devel/share/common-lisp/ros/stdr_msgs/msg/SoundSensorMeasurementMsg.lisp)
Linked: (/home/timur/mkr_tm_ws/devel/.private/stdr_msgs/share/common-lisp/ros/stdr_msgs/msg/_package_SpawnRobotAction.lisp, /home/timur/mkr_tm_ws/devel/share/common-lisp/ros/stdr_msgs/msg/_package_SpawnRobotAction.lisp)
Linked: (/home/timur/mkr_tm_ws/devel/.private/stdr_msgs/share/common-lisp/ros/stdr_msgs/msg/_package_RegisterRobotResult.lisp, /home/timur/mkr_tm_ws/devel/share/common-lisp/ros/stdr_msgs/msg/_package_RegisterRobotResult.lisp)
Linked: (/home/timur/mkr_tm_ws/devel/.private/stdr_msgs/share/common-lisp/ros/stdr_msgs/msg/RobotIndexedVectorMsg.lisp, /home/timur/mkr_tm_ws/devel/share/common-lisp/ros/stdr_msgs/msg/RobotIndexedVectorMsg.lisp)
Linked: (/home/timur/mkr_tm_ws/devel/.private/stdr_msgs/share/common-lisp/ros/stdr_msgs/msg/DeleteRobotFeedback.lisp, /home/timur/mkr_tm_ws/devel/share/common-lisp/ros/stdr_msgs/msg/DeleteRobotFeedback.lisp)
Linked: (/home/timur/mkr_tm_ws/devel/.private/stdr_msgs/share/common-lisp/ros/stdr_msgs/msg/DeleteRobotAction.lisp, /home/timur/mkr_tm_ws/devel/share/common-lisp/ros/stdr_msgs/msg/DeleteRobotAction.lisp)
Linked: (/home/timur/mkr_tm_ws/devel/.private/stdr_msgs/share/common-lisp/ros/stdr_msgs/msg/_package_DeleteRobotActionResult.lisp, /home/timur/mkr_tm_ws/devel/share/common-lisp/ros/stdr_msgs/msg/_package_DeleteRobotActionResult.lisp)
Linked: (/home/timur/mkr_tm_ws/devel/.private/stdr_msgs/share/common-lisp/ros/stdr_msgs/msg/ThermalSource.lisp, /home/timur/mkr_tm_ws/devel/share/common-lisp/ros/stdr_msgs/msg/ThermalSource.lisp)
Linked: (/home/timur/mkr_tm_ws/devel/.private/stdr_msgs/share/common-lisp/ros/stdr_msgs/msg/CO2SensorMeasurementMsg.lisp, /home/timur/mkr_tm_ws/devel/share/common-lisp/ros/stdr_msgs/msg/CO2SensorMeasurementMsg.lisp)
Linked: (/home/timur/mkr_tm_ws/devel/.private/stdr_msgs/share/common-lisp/ros/stdr_msgs/msg/_package_SpawnRobotResult.lisp, /home/timur/mkr_tm_ws/devel/share/common-lisp/ros/stdr_msgs/msg/_package_SpawnRobotResult.lisp)
Linked: (/home/timur/mkr_tm_ws/devel/.private/stdr_msgs/share/common-lisp/ros/stdr_msgs/msg/_package_SpawnRobotGoal.lisp, /home/timur/mkr_tm_ws/devel/share/common-lisp/ros/stdr_msgs/msg/_package_SpawnRobotGoal.lisp)
Linked: (/home/timur/mkr_tm_ws/devel/.private/stdr_msgs/share/common-lisp/ros/stdr_msgs/msg/DeleteRobotGoal.lisp, /home/timur/mkr_tm_ws/devel/share/common-lisp/ros/stdr_msgs/msg/DeleteRobotGoal.lisp)
Linked: (/home/timur/mkr_tm_ws/devel/.private/stdr_msgs/share/common-lisp/ros/stdr_msgs/msg/DeleteRobotResult.lisp, /home/timur/mkr_tm_ws/devel/share/common-lisp/ros/stdr_msgs/msg/DeleteRobotResult.lisp)
Linked: (/home/timur/mkr_tm_ws/devel/.private/stdr_msgs/share/common-lisp/ros/stdr_msgs/msg/_package_CO2Source.lisp, /home/timur/mkr_tm_ws/devel/share/common-lisp/ros/stdr_msgs/msg/_package_CO2Source.lisp)
Linked: (/home/timur/mkr_tm_ws/devel/.private/stdr_msgs/share/common-lisp/ros/stdr_msgs/msg/_package_DeleteRobotAction.lisp, /home/timur/mkr_tm_ws/devel/share/common-lisp/ros/stdr_msgs/msg/_package_DeleteRobotAction.lisp)
Linked: (/home/timur/mkr_tm_ws/devel/.private/stdr_msgs/share/common-lisp/ros/stdr_msgs/msg/KinematicMsg.lisp, /home/timur/mkr_tm_ws/devel/share/common-lisp/ros/stdr_msgs/msg/KinematicMsg.lisp)
Linked: (/home/timur/mkr_tm_ws/devel/.private/stdr_msgs/share/common-lisp/ros/stdr_msgs/msg/_package_DeleteRobotResult.lisp, /home/timur/mkr_tm_ws/devel/share/common-lisp/ros/stdr_msgs/msg/_package_DeleteRobotResult.lisp)
Linked: (/home/timur/mkr_tm_ws/devel/.private/stdr_msgs/share/common-lisp/ros/stdr_msgs/msg/_package_DeleteRobotFeedback.lisp, /home/timur/mkr_tm_ws/devel/share/common-lisp/ros/stdr_msgs/msg/_package_DeleteRobotFeedback.lisp)
Linked: (/home/timur/mkr_tm_ws/devel/.private/stdr_msgs/share/common-lisp/ros/stdr_msgs/msg/_package_RobotIndexedMsg.lisp, /home/timur/mkr_tm_ws/devel/share/common-lisp/ros/stdr_msgs/msg/_package_RobotIndexedMsg.lisp)
Linked: (/home/timur/mkr_tm_ws/devel/.private/stdr_msgs/share/common-lisp/ros/stdr_msgs/msg/RfidSensorMeasurementMsg.lisp, /home/timur/mkr_tm_ws/devel/share/common-lisp/ros/stdr_msgs/msg/RfidSensorMeasurementMsg.lisp)
Linked: (/home/timur/mkr_tm_ws/devel/.private/stdr_msgs/share/common-lisp/ros/stdr_msgs/msg/CO2SensorMsg.lisp, /home/timur/mkr_tm_ws/devel/share/common-lisp/ros/stdr_msgs/msg/CO2SensorMsg.lisp)
Linked: (/home/timur/mkr_tm_ws/devel/.private/stdr_msgs/share/common-lisp/ros/stdr_msgs/msg/LaserSensorMsg.lisp, /home/timur/mkr_tm_ws/devel/share/common-lisp/ros/stdr_msgs/msg/LaserSensorMsg.lisp)
Linked: (/home/timur/mkr_tm_ws/devel/.private/stdr_msgs/share/common-lisp/ros/stdr_msgs/msg/SoundSensorMsg.lisp, /home/timur/mkr_tm_ws/devel/share/common-lisp/ros/stdr_msgs/msg/SoundSensorMsg.lisp)
Linked: (/home/timur/mkr_tm_ws/devel/.private/stdr_msgs/share/common-lisp/ros/stdr_msgs/msg/_package_RobotIndexedVectorMsg.lisp, /home/timur/mkr_tm_ws/devel/share/common-lisp/ros/stdr_msgs/msg/_package_RobotIndexedVectorMsg.lisp)
Linked: (/home/timur/mkr_tm_ws/devel/.private/stdr_msgs/share/common-lisp/ros/stdr_msgs/msg/_package_SoundSensorMsg.lisp, /home/timur/mkr_tm_ws/devel/share/common-lisp/ros/stdr_msgs/msg/_package_SoundSensorMsg.lisp)
Linked: (/home/timur/mkr_tm_ws/devel/.private/stdr_msgs/share/common-lisp/ros/stdr_msgs/msg/_package_KinematicMsg.lisp, /home/timur/mkr_tm_ws/devel/share/common-lisp/ros/stdr_msgs/msg/_package_KinematicMsg.lisp)
Linked: (/home/timur/mkr_tm_ws/devel/.private/stdr_msgs/share/common-lisp/ros/stdr_msgs/msg/SpawnRobotGoal.lisp, /home/timur/mkr_tm_ws/devel/share/common-lisp/ros/stdr_msgs/msg/SpawnRobotGoal.lisp)
Linked: (/home/timur/mkr_tm_ws/devel/.private/stdr_msgs/share/common-lisp/ros/stdr_msgs/msg/_package_ThermalSensorMsg.lisp, /home/timur/mkr_tm_ws/devel/share/common-lisp/ros/stdr_msgs/msg/_package_ThermalSensorMsg.lisp)
Linked: (/home/timur/mkr_tm_ws/devel/.private/stdr_msgs/share/common-lisp/ros/stdr_msgs/msg/SonarSensorMsg.lisp, /home/timur/mkr_tm_ws/devel/share/common-lisp/ros/stdr_msgs/msg/SonarSensorMsg.lisp)
Linked: (/home/timur/mkr_tm_ws/devel/.private/stdr_msgs/share/common-lisp/ros/stdr_msgs/msg/_package_ThermalSourceVector.lisp, /home/timur/mkr_tm_ws/devel/share/common-lisp/ros/stdr_msgs/msg/_package_ThermalSourceVector.lisp)
Linked: (/home/timur/mkr_tm_ws/devel/.private/stdr_msgs/share/common-lisp/ros/stdr_msgs/msg/_package_RobotMsg.lisp, /home/timur/mkr_tm_ws/devel/share/common-lisp/ros/stdr_msgs/msg/_package_RobotMsg.lisp)
Linked: (/home/timur/mkr_tm_ws/devel/.private/stdr_msgs/share/common-lisp/ros/stdr_msgs/msg/RegisterRobotActionGoal.lisp, /home/timur/mkr_tm_ws/devel/share/common-lisp/ros/stdr_msgs/msg/RegisterRobotActionGoal.lisp)
Linked: (/home/timur/mkr_tm_ws/devel/.private/stdr_msgs/share/common-lisp/ros/stdr_msgs/msg/_package_DeleteRobotActionFeedback.lisp, /home/timur/mkr_tm_ws/devel/share/common-lisp/ros/stdr_msgs/msg/_package_DeleteRobotActionFeedback.lisp)
Linked: (/home/timur/mkr_tm_ws/devel/.private/stdr_msgs/share/roseus/ros/stdr_msgs/manifest.l, /home/timur/mkr_tm_ws/devel/share/roseus/ros/stdr_msgs/manifest.l)
Linked: (/home/timur/mkr_tm_ws/devel/.private/stdr_msgs/share/roseus/ros/stdr_msgs/srv/AddCO2Source.l, /home/timur/mkr_tm_ws/devel/share/roseus/ros/stdr_msgs/srv/AddCO2Source.l)
Linked: (/home/timur/mkr_tm_ws/devel/.private/stdr_msgs/share/roseus/ros/stdr_msgs/srv/MoveRobot.l, /home/timur/mkr_tm_ws/devel/share/roseus/ros/stdr_msgs/srv/MoveRobot.l)
Linked: (/home/timur/mkr_tm_ws/devel/.private/stdr_msgs/share/roseus/ros/stdr_msgs/srv/DeleteCO2Source.l, /home/timur/mkr_tm_ws/devel/share/roseus/ros/stdr_msgs/srv/DeleteCO2Source.l)
Linked: (/home/timur/mkr_tm_ws/devel/.private/stdr_msgs/share/roseus/ros/stdr_msgs/srv/DeleteRfidTag.l, /home/timur/mkr_tm_ws/devel/share/roseus/ros/stdr_msgs/srv/DeleteRfidTag.l)
Linked: (/home/timur/mkr_tm_ws/devel/.private/stdr_msgs/share/roseus/ros/stdr_msgs/srv/DeleteSoundSource.l, /home/timur/mkr_tm_ws/devel/share/roseus/ros/stdr_msgs/srv/DeleteSoundSource.l)
Linked: (/home/timur/mkr_tm_ws/devel/.private/stdr_msgs/share/roseus/ros/stdr_msgs/srv/RegisterGui.l, /home/timur/mkr_tm_ws/devel/share/roseus/ros/stdr_msgs/srv/RegisterGui.l)
Linked: (/home/timur/mkr_tm_ws/devel/.private/stdr_msgs/share/roseus/ros/stdr_msgs/srv/DeleteThermalSource.l, /home/timur/mkr_tm_ws/devel/share/roseus/ros/stdr_msgs/srv/DeleteThermalSource.l)
Linked: (/home/timur/mkr_tm_ws/devel/.private/stdr_msgs/share/roseus/ros/stdr_msgs/srv/LoadExternalMap.l, /home/timur/mkr_tm_ws/devel/share/roseus/ros/stdr_msgs/srv/LoadExternalMap.l)
Linked: (/home/timur/mkr_tm_ws/devel/.private/stdr_msgs/share/roseus/ros/stdr_msgs/srv/LoadMap.l, /home/timur/mkr_tm_ws/devel/share/roseus/ros/stdr_msgs/srv/LoadMap.l)
Linked: (/home/timur/mkr_tm_ws/devel/.private/stdr_msgs/share/roseus/ros/stdr_msgs/srv/AddThermalSource.l, /home/timur/mkr_tm_ws/devel/share/roseus/ros/stdr_msgs/srv/AddThermalSource.l)
Linked: (/home/timur/mkr_tm_ws/devel/.private/stdr_msgs/share/roseus/ros/stdr_msgs/srv/AddRfidTag.l, /home/timur/mkr_tm_ws/devel/share/roseus/ros/stdr_msgs/srv/AddRfidTag.l)
Linked: (/home/timur/mkr_tm_ws/devel/.private/stdr_msgs/share/roseus/ros/stdr_msgs/srv/AddSoundSource.l, /home/timur/mkr_tm_ws/devel/share/roseus/ros/stdr_msgs/srv/AddSoundSource.l)
Linked: (/home/timur/mkr_tm_ws/devel/.private/stdr_msgs/share/roseus/ros/stdr_msgs/msg/KinematicMsg.l, /home/timur/mkr_tm_ws/devel/share/roseus/ros/stdr_msgs/msg/KinematicMsg.l)
Linked: (/home/timur/mkr_tm_ws/devel/.private/stdr_msgs/share/roseus/ros/stdr_msgs/msg/Noise.l, /home/timur/mkr_tm_ws/devel/share/roseus/ros/stdr_msgs/msg/Noise.l)
Linked: (/home/timur/mkr_tm_ws/devel/.private/stdr_msgs/share/roseus/ros/stdr_msgs/msg/RegisterRobotAction.l, /home/timur/mkr_tm_ws/devel/share/roseus/ros/stdr_msgs/msg/RegisterRobotAction.l)
Linked: (/home/timur/mkr_tm_ws/devel/.private/stdr_msgs/share/roseus/ros/stdr_msgs/msg/RegisterRobotGoal.l, /home/timur/mkr_tm_ws/devel/share/roseus/ros/stdr_msgs/msg/RegisterRobotGoal.l)
Linked: (/home/timur/mkr_tm_ws/devel/.private/stdr_msgs/share/roseus/ros/stdr_msgs/msg/RobotIndexedVectorMsg.l, /home/timur/mkr_tm_ws/devel/share/roseus/ros/stdr_msgs/msg/RobotIndexedVectorMsg.l)
Linked: (/home/timur/mkr_tm_ws/devel/.private/stdr_msgs/share/roseus/ros/stdr_msgs/msg/DeleteRobotActionGoal.l, /home/timur/mkr_tm_ws/devel/share/roseus/ros/stdr_msgs/msg/DeleteRobotActionGoal.l)
Linked: (/home/timur/mkr_tm_ws/devel/.private/stdr_msgs/share/roseus/ros/stdr_msgs/msg/RfidTagVector.l, /home/timur/mkr_tm_ws/devel/share/roseus/ros/stdr_msgs/msg/RfidTagVector.l)
Linked: (/home/timur/mkr_tm_ws/devel/.private/stdr_msgs/share/roseus/ros/stdr_msgs/msg/SpawnRobotAction.l, /home/timur/mkr_tm_ws/devel/share/roseus/ros/stdr_msgs/msg/SpawnRobotAction.l)
Linked: (/home/timur/mkr_tm_ws/devel/.private/stdr_msgs/share/roseus/ros/stdr_msgs/msg/SpawnRobotGoal.l, /home/timur/mkr_tm_ws/devel/share/roseus/ros/stdr_msgs/msg/SpawnRobotGoal.l)
Linked: (/home/timur/mkr_tm_ws/devel/.private/stdr_msgs/share/roseus/ros/stdr_msgs/msg/RegisterRobotActionGoal.l, /home/timur/mkr_tm_ws/devel/share/roseus/ros/stdr_msgs/msg/RegisterRobotActionGoal.l)
Linked: (/home/timur/mkr_tm_ws/devel/.private/stdr_msgs/share/roseus/ros/stdr_msgs/msg/RfidTag.l, /home/timur/mkr_tm_ws/devel/share/roseus/ros/stdr_msgs/msg/RfidTag.l)
Linked: (/home/timur/mkr_tm_ws/devel/.private/stdr_msgs/share/roseus/ros/stdr_msgs/msg/SpawnRobotActionResult.l, /home/timur/mkr_tm_ws/devel/share/roseus/ros/stdr_msgs/msg/SpawnRobotActionResult.l)
Linked: (/home/timur/mkr_tm_ws/devel/.private/stdr_msgs/share/roseus/ros/stdr_msgs/msg/CO2Source.l, /home/timur/mkr_tm_ws/devel/share/roseus/ros/stdr_msgs/msg/CO2Source.l)
Linked: (/home/timur/mkr_tm_ws/devel/.private/stdr_msgs/share/roseus/ros/stdr_msgs/msg/SpawnRobotFeedback.l, /home/timur/mkr_tm_ws/devel/share/roseus/ros/stdr_msgs/msg/SpawnRobotFeedback.l)
Linked: (/home/timur/mkr_tm_ws/devel/.private/stdr_msgs/share/roseus/ros/stdr_msgs/msg/DeleteRobotGoal.l, /home/timur/mkr_tm_ws/devel/share/roseus/ros/stdr_msgs/msg/DeleteRobotGoal.l)
Linked: (/home/timur/mkr_tm_ws/devel/.private/stdr_msgs/share/roseus/ros/stdr_msgs/msg/SoundSensorMeasurementMsg.l, /home/timur/mkr_tm_ws/devel/share/roseus/ros/stdr_msgs/msg/SoundSensorMeasurementMsg.l)
Linked: (/home/timur/mkr_tm_ws/devel/.private/stdr_msgs/share/roseus/ros/stdr_msgs/msg/RfidSensorMeasurementMsg.l, /home/timur/mkr_tm_ws/devel/share/roseus/ros/stdr_msgs/msg/RfidSensorMeasurementMsg.l)
Linked: (/home/timur/mkr_tm_ws/devel/.private/stdr_msgs/share/roseus/ros/stdr_msgs/msg/SoundSensorMsg.l, /home/timur/mkr_tm_ws/devel/share/roseus/ros/stdr_msgs/msg/SoundSensorMsg.l)
Linked: (/home/timur/mkr_tm_ws/devel/.private/stdr_msgs/share/roseus/ros/stdr_msgs/msg/SonarSensorMsg.l, /home/timur/mkr_tm_ws/devel/share/roseus/ros/stdr_msgs/msg/SonarSensorMsg.l)
Linked: (/home/timur/mkr_tm_ws/devel/.private/stdr_msgs/share/roseus/ros/stdr_msgs/msg/DeleteRobotActionResult.l, /home/timur/mkr_tm_ws/devel/share/roseus/ros/stdr_msgs/msg/DeleteRobotActionResult.l)
Linked: (/home/timur/mkr_tm_ws/devel/.private/stdr_msgs/share/roseus/ros/stdr_msgs/msg/RobotIndexedMsg.l, /home/timur/mkr_tm_ws/devel/share/roseus/ros/stdr_msgs/msg/RobotIndexedMsg.l)
Linked: (/home/timur/mkr_tm_ws/devel/.private/stdr_msgs/share/roseus/ros/stdr_msgs/msg/RegisterRobotResult.l, /home/timur/mkr_tm_ws/devel/share/roseus/ros/stdr_msgs/msg/RegisterRobotResult.l)
Linked: (/home/timur/mkr_tm_ws/devel/.private/stdr_msgs/share/roseus/ros/stdr_msgs/msg/FootprintMsg.l, /home/timur/mkr_tm_ws/devel/share/roseus/ros/stdr_msgs/msg/FootprintMsg.l)
Linked: (/home/timur/mkr_tm_ws/devel/.private/stdr_msgs/share/roseus/ros/stdr_msgs/msg/ThermalSensorMsg.l, /home/timur/mkr_tm_ws/devel/share/roseus/ros/stdr_msgs/msg/ThermalSensorMsg.l)
Linked: (/home/timur/mkr_tm_ws/devel/.private/stdr_msgs/share/roseus/ros/stdr_msgs/msg/DeleteRobotAction.l, /home/timur/mkr_tm_ws/devel/share/roseus/ros/stdr_msgs/msg/DeleteRobotAction.l)
Linked: (/home/timur/mkr_tm_ws/devel/.private/stdr_msgs/share/roseus/ros/stdr_msgs/msg/SpawnRobotActionGoal.l, /home/timur/mkr_tm_ws/devel/share/roseus/ros/stdr_msgs/msg/SpawnRobotActionGoal.l)
Linked: (/home/timur/mkr_tm_ws/devel/.private/stdr_msgs/share/roseus/ros/stdr_msgs/msg/CO2SensorMeasurementMsg.l, /home/timur/mkr_tm_ws/devel/share/roseus/ros/stdr_msgs/msg/CO2SensorMeasurementMsg.l)
Linked: (/home/timur/mkr_tm_ws/devel/.private/stdr_msgs/share/roseus/ros/stdr_msgs/msg/SoundSource.l, /home/timur/mkr_tm_ws/devel/share/roseus/ros/stdr_msgs/msg/SoundSource.l)
Linked: (/home/timur/mkr_tm_ws/devel/.private/stdr_msgs/share/roseus/ros/stdr_msgs/msg/DeleteRobotResult.l, /home/timur/mkr_tm_ws/devel/share/roseus/ros/stdr_msgs/msg/DeleteRobotResult.l)
Linked: (/home/timur/mkr_tm_ws/devel/.private/stdr_msgs/share/roseus/ros/stdr_msgs/msg/RegisterRobotFeedback.l, /home/timur/mkr_tm_ws/devel/share/roseus/ros/stdr_msgs/msg/RegisterRobotFeedback.l)
Linked: (/home/timur/mkr_tm_ws/devel/.private/stdr_msgs/share/roseus/ros/stdr_msgs/msg/DeleteRobotActionFeedback.l, /home/timur/mkr_tm_ws/devel/share/roseus/ros/stdr_msgs/msg/DeleteRobotActionFeedback.l)
Linked: (/home/timur/mkr_tm_ws/devel/.private/stdr_msgs/share/roseus/ros/stdr_msgs/msg/CO2SourceVector.l, /home/timur/mkr_tm_ws/devel/share/roseus/ros/stdr_msgs/msg/CO2SourceVector.l)
Linked: (/home/timur/mkr_tm_ws/devel/.private/stdr_msgs/share/roseus/ros/stdr_msgs/msg/RegisterRobotActionFeedback.l, /home/timur/mkr_tm_ws/devel/share/roseus/ros/stdr_msgs/msg/RegisterRobotActionFeedback.l)
Linked: (/home/timur/mkr_tm_ws/devel/.private/stdr_msgs/share/roseus/ros/stdr_msgs/msg/RobotMsg.l, /home/timur/mkr_tm_ws/devel/share/roseus/ros/stdr_msgs/msg/RobotMsg.l)
Linked: (/home/timur/mkr_tm_ws/devel/.private/stdr_msgs/share/roseus/ros/stdr_msgs/msg/CO2SensorMsg.l, /home/timur/mkr_tm_ws/devel/share/roseus/ros/stdr_msgs/msg/CO2SensorMsg.l)
Linked: (/home/timur/mkr_tm_ws/devel/.private/stdr_msgs/share/roseus/ros/stdr_msgs/msg/SpawnRobotActionFeedback.l, /home/timur/mkr_tm_ws/devel/share/roseus/ros/stdr_msgs/msg/SpawnRobotActionFeedback.l)
Linked: (/home/timur/mkr_tm_ws/devel/.private/stdr_msgs/share/roseus/ros/stdr_msgs/msg/SoundSourceVector.l, /home/timur/mkr_tm_ws/devel/share/roseus/ros/stdr_msgs/msg/SoundSourceVector.l)
Linked: (/home/timur/mkr_tm_ws/devel/.private/stdr_msgs/share/roseus/ros/stdr_msgs/msg/ThermalSourceVector.l, /home/timur/mkr_tm_ws/devel/share/roseus/ros/stdr_msgs/msg/ThermalSourceVector.l)
Linked: (/home/timur/mkr_tm_ws/devel/.private/stdr_msgs/share/roseus/ros/stdr_msgs/msg/RfidSensorMsg.l, /home/timur/mkr_tm_ws/devel/share/roseus/ros/stdr_msgs/msg/RfidSensorMsg.l)
Linked: (/home/timur/mkr_tm_ws/devel/.private/stdr_msgs/share/roseus/ros/stdr_msgs/msg/DeleteRobotFeedback.l, /home/timur/mkr_tm_ws/devel/share/roseus/ros/stdr_msgs/msg/DeleteRobotFeedback.l)
Linked: (/home/timur/mkr_tm_ws/devel/.private/stdr_msgs/share/roseus/ros/stdr_msgs/msg/LaserSensorMsg.l, /home/timur/mkr_tm_ws/devel/share/roseus/ros/stdr_msgs/msg/LaserSensorMsg.l)
Linked: (/home/timur/mkr_tm_ws/devel/.private/stdr_msgs/share/roseus/ros/stdr_msgs/msg/RegisterRobotActionResult.l, /home/timur/mkr_tm_ws/devel/share/roseus/ros/stdr_msgs/msg/RegisterRobotActionResult.l)
Linked: (/home/timur/mkr_tm_ws/devel/.private/stdr_msgs/share/roseus/ros/stdr_msgs/msg/ThermalSource.l, /home/timur/mkr_tm_ws/devel/share/roseus/ros/stdr_msgs/msg/ThermalSource.l)
Linked: (/home/timur/mkr_tm_ws/devel/.private/stdr_msgs/share/roseus/ros/stdr_msgs/msg/ThermalSensorMeasurementMsg.l, /home/timur/mkr_tm_ws/devel/share/roseus/ros/stdr_msgs/msg/ThermalSensorMeasurementMsg.l)
Linked: (/home/timur/mkr_tm_ws/devel/.private/stdr_msgs/share/roseus/ros/stdr_msgs/msg/SpawnRobotResult.l, /home/timur/mkr_tm_ws/devel/share/roseus/ros/stdr_msgs/msg/SpawnRobotResult.l)
Linked: (/home/timur/mkr_tm_ws/devel/.private/stdr_msgs/share/gennodejs/ros/stdr_msgs/_index.js, /home/timur/mkr_tm_ws/devel/share/gennodejs/ros/stdr_msgs/_index.js)
Linked: (/home/timur/mkr_tm_ws/devel/.private/stdr_msgs/share/gennodejs/ros/stdr_msgs/srv/AddSoundSource.js, /home/timur/mkr_tm_ws/devel/share/gennodejs/ros/stdr_msgs/srv/AddSoundSource.js)
Linked: (/home/timur/mkr_tm_ws/devel/.private/stdr_msgs/share/gennodejs/ros/stdr_msgs/srv/DeleteCO2Source.js, /home/timur/mkr_tm_ws/devel/share/gennodejs/ros/stdr_msgs/srv/DeleteCO2Source.js)
Linked: (/home/timur/mkr_tm_ws/devel/.private/stdr_msgs/share/gennodejs/ros/stdr_msgs/srv/DeleteRfidTag.js, /home/timur/mkr_tm_ws/devel/share/gennodejs/ros/stdr_msgs/srv/DeleteRfidTag.js)
Linked: (/home/timur/mkr_tm_ws/devel/.private/stdr_msgs/share/gennodejs/ros/stdr_msgs/srv/DeleteSoundSource.js, /home/timur/mkr_tm_ws/devel/share/gennodejs/ros/stdr_msgs/srv/DeleteSoundSource.js)
Linked: (/home/timur/mkr_tm_ws/devel/.private/stdr_msgs/share/gennodejs/ros/stdr_msgs/srv/RegisterGui.js, /home/timur/mkr_tm_ws/devel/share/gennodejs/ros/stdr_msgs/srv/RegisterGui.js)
Linked: (/home/timur/mkr_tm_ws/devel/.private/stdr_msgs/share/gennodejs/ros/stdr_msgs/srv/_index.js, /home/timur/mkr_tm_ws/devel/share/gennodejs/ros/stdr_msgs/srv/_index.js)
Linked: (/home/timur/mkr_tm_ws/devel/.private/stdr_msgs/share/gennodejs/ros/stdr_msgs/srv/LoadExternalMap.js, /home/timur/mkr_tm_ws/devel/share/gennodejs/ros/stdr_msgs/srv/LoadExternalMap.js)
Linked: (/home/timur/mkr_tm_ws/devel/.private/stdr_msgs/share/gennodejs/ros/stdr_msgs/srv/AddRfidTag.js, /home/timur/mkr_tm_ws/devel/share/gennodejs/ros/stdr_msgs/srv/AddRfidTag.js)
Linked: (/home/timur/mkr_tm_ws/devel/.private/stdr_msgs/share/gennodejs/ros/stdr_msgs/srv/DeleteThermalSource.js, /home/timur/mkr_tm_ws/devel/share/gennodejs/ros/stdr_msgs/srv/DeleteThermalSource.js)
Linked: (/home/timur/mkr_tm_ws/devel/.private/stdr_msgs/share/gennodejs/ros/stdr_msgs/srv/AddThermalSource.js, /home/timur/mkr_tm_ws/devel/share/gennodejs/ros/stdr_msgs/srv/AddThermalSource.js)
Linked: (/home/timur/mkr_tm_ws/devel/.private/stdr_msgs/share/gennodejs/ros/stdr_msgs/srv/LoadMap.js, /home/timur/mkr_tm_ws/devel/share/gennodejs/ros/stdr_msgs/srv/LoadMap.js)
Linked: (/home/timur/mkr_tm_ws/devel/.private/stdr_msgs/share/gennodejs/ros/stdr_msgs/srv/MoveRobot.js, /home/timur/mkr_tm_ws/devel/share/gennodejs/ros/stdr_msgs/srv/MoveRobot.js)
Linked: (/home/timur/mkr_tm_ws/devel/.private/stdr_msgs/share/gennodejs/ros/stdr_msgs/srv/AddCO2Source.js, /home/timur/mkr_tm_ws/devel/share/gennodejs/ros/stdr_msgs/srv/AddCO2Source.js)
Linked: (/home/timur/mkr_tm_ws/devel/.private/stdr_msgs/share/gennodejs/ros/stdr_msgs/msg/RegisterRobotResult.js, /home/timur/mkr_tm_ws/devel/share/gennodejs/ros/stdr_msgs/msg/RegisterRobotResult.js)
Linked: (/home/timur/mkr_tm_ws/devel/.private/stdr_msgs/share/gennodejs/ros/stdr_msgs/msg/RegisterRobotActionFeedback.js, /home/timur/mkr_tm_ws/devel/share/gennodejs/ros/stdr_msgs/msg/RegisterRobotActionFeedback.js)
Linked: (/home/timur/mkr_tm_ws/devel/.private/stdr_msgs/share/gennodejs/ros/stdr_msgs/msg/RegisterRobotFeedback.js, /home/timur/mkr_tm_ws/devel/share/gennodejs/ros/stdr_msgs/msg/RegisterRobotFeedback.js)
Linked: (/home/timur/mkr_tm_ws/devel/.private/stdr_msgs/share/gennodejs/ros/stdr_msgs/msg/RobotMsg.js, /home/timur/mkr_tm_ws/devel/share/gennodejs/ros/stdr_msgs/msg/RobotMsg.js)
Linked: (/home/timur/mkr_tm_ws/devel/.private/stdr_msgs/share/gennodejs/ros/stdr_msgs/msg/SpawnRobotActionGoal.js, /home/timur/mkr_tm_ws/devel/share/gennodejs/ros/stdr_msgs/msg/SpawnRobotActionGoal.js)
Linked: (/home/timur/mkr_tm_ws/devel/.private/stdr_msgs/share/gennodejs/ros/stdr_msgs/msg/SpawnRobotActionFeedback.js, /home/timur/mkr_tm_ws/devel/share/gennodejs/ros/stdr_msgs/msg/SpawnRobotActionFeedback.js)
Linked: (/home/timur/mkr_tm_ws/devel/.private/stdr_msgs/share/gennodejs/ros/stdr_msgs/msg/SpawnRobotActionResult.js, /home/timur/mkr_tm_ws/devel/share/gennodejs/ros/stdr_msgs/msg/SpawnRobotActionResult.js)
Linked: (/home/timur/mkr_tm_ws/devel/.private/stdr_msgs/share/gennodejs/ros/stdr_msgs/msg/RegisterRobotActionResult.js, /home/timur/mkr_tm_ws/devel/share/gennodejs/ros/stdr_msgs/msg/RegisterRobotActionResult.js)
Linked: (/home/timur/mkr_tm_ws/devel/.private/stdr_msgs/share/gennodejs/ros/stdr_msgs/msg/CO2SourceVector.js, /home/timur/mkr_tm_ws/devel/share/gennodejs/ros/stdr_msgs/msg/CO2SourceVector.js)
Linked: (/home/timur/mkr_tm_ws/devel/.private/stdr_msgs/share/gennodejs/ros/stdr_msgs/msg/ThermalSource.js, /home/timur/mkr_tm_ws/devel/share/gennodejs/ros/stdr_msgs/msg/ThermalSource.js)
Linked: (/home/timur/mkr_tm_ws/devel/.private/stdr_msgs/share/gennodejs/ros/stdr_msgs/msg/RfidTag.js, /home/timur/mkr_tm_ws/devel/share/gennodejs/ros/stdr_msgs/msg/RfidTag.js)
Linked: (/home/timur/mkr_tm_ws/devel/.private/stdr_msgs/share/gennodejs/ros/stdr_msgs/msg/RfidSensorMsg.js, /home/timur/mkr_tm_ws/devel/share/gennodejs/ros/stdr_msgs/msg/RfidSensorMsg.js)
Linked: (/home/timur/mkr_tm_ws/devel/.private/stdr_msgs/share/gennodejs/ros/stdr_msgs/msg/SpawnRobotResult.js, /home/timur/mkr_tm_ws/devel/share/gennodejs/ros/stdr_msgs/msg/SpawnRobotResult.js)
Linked: (/home/timur/mkr_tm_ws/devel/.private/stdr_msgs/share/gennodejs/ros/stdr_msgs/msg/SpawnRobotAction.js, /home/timur/mkr_tm_ws/devel/share/gennodejs/ros/stdr_msgs/msg/SpawnRobotAction.js)
Linked: (/home/timur/mkr_tm_ws/devel/.private/stdr_msgs/share/gennodejs/ros/stdr_msgs/msg/CO2SensorMeasurementMsg.js, /home/timur/mkr_tm_ws/devel/share/gennodejs/ros/stdr_msgs/msg/CO2SensorMeasurementMsg.js)
Linked: (/home/timur/mkr_tm_ws/devel/.private/stdr_msgs/share/gennodejs/ros/stdr_msgs/msg/SoundSourceVector.js, /home/timur/mkr_tm_ws/devel/share/gennodejs/ros/stdr_msgs/msg/SoundSourceVector.js)
Linked: (/home/timur/mkr_tm_ws/devel/.private/stdr_msgs/share/gennodejs/ros/stdr_msgs/msg/RfidTagVector.js, /home/timur/mkr_tm_ws/devel/share/gennodejs/ros/stdr_msgs/msg/RfidTagVector.js)
Linked: (/home/timur/mkr_tm_ws/devel/.private/stdr_msgs/share/gennodejs/ros/stdr_msgs/msg/SoundSensorMsg.js, /home/timur/mkr_tm_ws/devel/share/gennodejs/ros/stdr_msgs/msg/SoundSensorMsg.js)
Linked: (/home/timur/mkr_tm_ws/devel/.private/stdr_msgs/share/gennodejs/ros/stdr_msgs/msg/DeleteRobotFeedback.js, /home/timur/mkr_tm_ws/devel/share/gennodejs/ros/stdr_msgs/msg/DeleteRobotFeedback.js)
Linked: (/home/timur/mkr_tm_ws/devel/.private/stdr_msgs/share/gennodejs/ros/stdr_msgs/msg/SonarSensorMsg.js, /home/timur/mkr_tm_ws/devel/share/gennodejs/ros/stdr_msgs/msg/SonarSensorMsg.js)
Linked: (/home/timur/mkr_tm_ws/devel/.private/stdr_msgs/share/gennodejs/ros/stdr_msgs/msg/SoundSensorMeasurementMsg.js, /home/timur/mkr_tm_ws/devel/share/gennodejs/ros/stdr_msgs/msg/SoundSensorMeasurementMsg.js)
Linked: (/home/timur/mkr_tm_ws/devel/.private/stdr_msgs/share/gennodejs/ros/stdr_msgs/msg/RobotIndexedMsg.js, /home/timur/mkr_tm_ws/devel/share/gennodejs/ros/stdr_msgs/msg/RobotIndexedMsg.js)
Linked: (/home/timur/mkr_tm_ws/devel/.private/stdr_msgs/share/gennodejs/ros/stdr_msgs/msg/_index.js, /home/timur/mkr_tm_ws/devel/share/gennodejs/ros/stdr_msgs/msg/_index.js)
Linked: (/home/timur/mkr_tm_ws/devel/.private/stdr_msgs/share/gennodejs/ros/stdr_msgs/msg/DeleteRobotActionFeedback.js, /home/timur/mkr_tm_ws/devel/share/gennodejs/ros/stdr_msgs/msg/DeleteRobotActionFeedback.js)
Linked: (/home/timur/mkr_tm_ws/devel/.private/stdr_msgs/share/gennodejs/ros/stdr_msgs/msg/ThermalSourceVector.js, /home/timur/mkr_tm_ws/devel/share/gennodejs/ros/stdr_msgs/msg/ThermalSourceVector.js)
Linked: (/home/timur/mkr_tm_ws/devel/.private/stdr_msgs/share/gennodejs/ros/stdr_msgs/msg/RegisterRobotAction.js, /home/timur/mkr_tm_ws/devel/share/gennodejs/ros/stdr_msgs/msg/RegisterRobotAction.js)
Linked: (/home/timur/mkr_tm_ws/devel/.private/stdr_msgs/share/gennodejs/ros/stdr_msgs/msg/RegisterRobotActionGoal.js, /home/timur/mkr_tm_ws/devel/share/gennodejs/ros/stdr_msgs/msg/RegisterRobotActionGoal.js)
Linked: (/home/timur/mkr_tm_ws/devel/.private/stdr_msgs/share/gennodejs/ros/stdr_msgs/msg/RegisterRobotGoal.js, /home/timur/mkr_tm_ws/devel/share/gennodejs/ros/stdr_msgs/msg/RegisterRobotGoal.js)
Linked: (/home/timur/mkr_tm_ws/devel/.private/stdr_msgs/share/gennodejs/ros/stdr_msgs/msg/Noise.js, /home/timur/mkr_tm_ws/devel/share/gennodejs/ros/stdr_msgs/msg/Noise.js)
Linked: (/home/timur/mkr_tm_ws/devel/.private/stdr_msgs/share/gennodejs/ros/stdr_msgs/msg/ThermalSensorMeasurementMsg.js, /home/timur/mkr_tm_ws/devel/share/gennodejs/ros/stdr_msgs/msg/ThermalSensorMeasurementMsg.js)
Linked: (/home/timur/mkr_tm_ws/devel/.private/stdr_msgs/share/gennodejs/ros/stdr_msgs/msg/LaserSensorMsg.js, /home/timur/mkr_tm_ws/devel/share/gennodejs/ros/stdr_msgs/msg/LaserSensorMsg.js)
Linked: (/home/timur/mkr_tm_ws/devel/.private/stdr_msgs/share/gennodejs/ros/stdr_msgs/msg/SoundSource.js, /home/timur/mkr_tm_ws/devel/share/gennodejs/ros/stdr_msgs/msg/SoundSource.js)
Linked: (/home/timur/mkr_tm_ws/devel/.private/stdr_msgs/share/gennodejs/ros/stdr_msgs/msg/ThermalSensorMsg.js, /home/timur/mkr_tm_ws/devel/share/gennodejs/ros/stdr_msgs/msg/ThermalSensorMsg.js)
Linked: (/home/timur/mkr_tm_ws/devel/.private/stdr_msgs/share/gennodejs/ros/stdr_msgs/msg/CO2Source.js, /home/timur/mkr_tm_ws/devel/share/gennodejs/ros/stdr_msgs/msg/CO2Source.js)
Linked: (/home/timur/mkr_tm_ws/devel/.private/stdr_msgs/share/gennodejs/ros/stdr_msgs/msg/KinematicMsg.js, /home/timur/mkr_tm_ws/devel/share/gennodejs/ros/stdr_msgs/msg/KinematicMsg.js)
Linked: (/home/timur/mkr_tm_ws/devel/.private/stdr_msgs/share/gennodejs/ros/stdr_msgs/msg/DeleteRobotActionGoal.js, /home/timur/mkr_tm_ws/devel/share/gennodejs/ros/stdr_msgs/msg/DeleteRobotActionGoal.js)
Linked: (/home/timur/mkr_tm_ws/devel/.private/stdr_msgs/share/gennodejs/ros/stdr_msgs/msg/DeleteRobotAction.js, /home/timur/mkr_tm_ws/devel/share/gennodejs/ros/stdr_msgs/msg/DeleteRobotAction.js)
Linked: (/home/timur/mkr_tm_ws/devel/.private/stdr_msgs/share/gennodejs/ros/stdr_msgs/msg/SpawnRobotGoal.js, /home/timur/mkr_tm_ws/devel/share/gennodejs/ros/stdr_msgs/msg/SpawnRobotGoal.js)
Linked: (/home/timur/mkr_tm_ws/devel/.private/stdr_msgs/share/gennodejs/ros/stdr_msgs/msg/FootprintMsg.js, /home/timur/mkr_tm_ws/devel/share/gennodejs/ros/stdr_msgs/msg/FootprintMsg.js)
Linked: (/home/timur/mkr_tm_ws/devel/.private/stdr_msgs/share/gennodejs/ros/stdr_msgs/msg/SpawnRobotFeedback.js, /home/timur/mkr_tm_ws/devel/share/gennodejs/ros/stdr_msgs/msg/SpawnRobotFeedback.js)
Linked: (/home/timur/mkr_tm_ws/devel/.private/stdr_msgs/share/gennodejs/ros/stdr_msgs/msg/DeleteRobotResult.js, /home/timur/mkr_tm_ws/devel/share/gennodejs/ros/stdr_msgs/msg/DeleteRobotResult.js)
Linked: (/home/timur/mkr_tm_ws/devel/.private/stdr_msgs/share/gennodejs/ros/stdr_msgs/msg/CO2SensorMsg.js, /home/timur/mkr_tm_ws/devel/share/gennodejs/ros/stdr_msgs/msg/CO2SensorMsg.js)
Linked: (/home/timur/mkr_tm_ws/devel/.private/stdr_msgs/share/gennodejs/ros/stdr_msgs/msg/DeleteRobotActionResult.js, /home/timur/mkr_tm_ws/devel/share/gennodejs/ros/stdr_msgs/msg/DeleteRobotActionResult.js)
Linked: (/home/timur/mkr_tm_ws/devel/.private/stdr_msgs/share/gennodejs/ros/stdr_msgs/msg/RobotIndexedVectorMsg.js, /home/timur/mkr_tm_ws/devel/share/gennodejs/ros/stdr_msgs/msg/RobotIndexedVectorMsg.js)
Linked: (/home/timur/mkr_tm_ws/devel/.private/stdr_msgs/share/gennodejs/ros/stdr_msgs/msg/RfidSensorMeasurementMsg.js, /home/timur/mkr_tm_ws/devel/share/gennodejs/ros/stdr_msgs/msg/RfidSensorMeasurementMsg.js)
Linked: (/home/timur/mkr_tm_ws/devel/.private/stdr_msgs/share/gennodejs/ros/stdr_msgs/msg/DeleteRobotGoal.js, /home/timur/mkr_tm_ws/devel/share/gennodejs/ros/stdr_msgs/msg/DeleteRobotGoal.js)
Linked: (/home/timur/mkr_tm_ws/devel/.private/stdr_msgs/lib/pkgconfig/stdr_msgs.pc, /home/timur/mkr_tm_ws/devel/lib/pkgconfig/stdr_msgs.pc)
Linked: (/home/timur/mkr_tm_ws/devel/.private/stdr_msgs/lib/python2.7/dist-packages/stdr_msgs/__init__.py, /home/timur/mkr_tm_ws/devel/lib/python2.7/dist-packages/stdr_msgs/__init__.py)
Linked: (/home/timur/mkr_tm_ws/devel/.private/stdr_msgs/lib/python2.7/dist-packages/stdr_msgs/srv/__init__.py, /home/timur/mkr_tm_ws/devel/lib/python2.7/dist-packages/stdr_msgs/srv/__init__.py)
Linked: (/home/timur/mkr_tm_ws/devel/.private/stdr_msgs/lib/python2.7/dist-packages/stdr_msgs/srv/_LoadMap.py, /home/timur/mkr_tm_ws/devel/lib/python2.7/dist-packages/stdr_msgs/srv/_LoadMap.py)
Linked: (/home/timur/mkr_tm_ws/devel/.private/stdr_msgs/lib/python2.7/dist-packages/stdr_msgs/srv/_AddThermalSource.py, /home/timur/mkr_tm_ws/devel/lib/python2.7/dist-packages/stdr_msgs/srv/_AddThermalSource.py)
Linked: (/home/timur/mkr_tm_ws/devel/.private/stdr_msgs/lib/python2.7/dist-packages/stdr_msgs/srv/_DeleteThermalSource.py, /home/timur/mkr_tm_ws/devel/lib/python2.7/dist-packages/stdr_msgs/srv/_DeleteThermalSource.py)
Linked: (/home/timur/mkr_tm_ws/devel/.private/stdr_msgs/lib/python2.7/dist-packages/stdr_msgs/srv/_DeleteSoundSource.py, /home/timur/mkr_tm_ws/devel/lib/python2.7/dist-packages/stdr_msgs/srv/_DeleteSoundSource.py)
Linked: (/home/timur/mkr_tm_ws/devel/.private/stdr_msgs/lib/python2.7/dist-packages/stdr_msgs/srv/_AddRfidTag.py, /home/timur/mkr_tm_ws/devel/lib/python2.7/dist-packages/stdr_msgs/srv/_AddRfidTag.py)
Linked: (/home/timur/mkr_tm_ws/devel/.private/stdr_msgs/lib/python2.7/dist-packages/stdr_msgs/srv/_AddCO2Source.py, /home/timur/mkr_tm_ws/devel/lib/python2.7/dist-packages/stdr_msgs/srv/_AddCO2Source.py)
Linked: (/home/timur/mkr_tm_ws/devel/.private/stdr_msgs/lib/python2.7/dist-packages/stdr_msgs/srv/_LoadExternalMap.py, /home/timur/mkr_tm_ws/devel/lib/python2.7/dist-packages/stdr_msgs/srv/_LoadExternalMap.py)
Linked: (/home/timur/mkr_tm_ws/devel/.private/stdr_msgs/lib/python2.7/dist-packages/stdr_msgs/srv/_MoveRobot.py, /home/timur/mkr_tm_ws/devel/lib/python2.7/dist-packages/stdr_msgs/srv/_MoveRobot.py)
Linked: (/home/timur/mkr_tm_ws/devel/.private/stdr_msgs/lib/python2.7/dist-packages/stdr_msgs/srv/_DeleteRfidTag.py, /home/timur/mkr_tm_ws/devel/lib/python2.7/dist-packages/stdr_msgs/srv/_DeleteRfidTag.py)
Linked: (/home/timur/mkr_tm_ws/devel/.private/stdr_msgs/lib/python2.7/dist-packages/stdr_msgs/srv/_RegisterGui.py, /home/timur/mkr_tm_ws/devel/lib/python2.7/dist-packages/stdr_msgs/srv/_RegisterGui.py)
Linked: (/home/timur/mkr_tm_ws/devel/.private/stdr_msgs/lib/python2.7/dist-packages/stdr_msgs/srv/_DeleteCO2Source.py, /home/timur/mkr_tm_ws/devel/lib/python2.7/dist-packages/stdr_msgs/srv/_DeleteCO2Source.py)
Linked: (/home/timur/mkr_tm_ws/devel/.private/stdr_msgs/lib/python2.7/dist-packages/stdr_msgs/srv/_AddSoundSource.py, /home/timur/mkr_tm_ws/devel/lib/python2.7/dist-packages/stdr_msgs/srv/_AddSoundSource.py)
Linked: (/home/timur/mkr_tm_ws/devel/.private/stdr_msgs/lib/python2.7/dist-packages/stdr_msgs/msg/__init__.py, /home/timur/mkr_tm_ws/devel/lib/python2.7/dist-packages/stdr_msgs/msg/__init__.py)
Linked: (/home/timur/mkr_tm_ws/devel/.private/stdr_msgs/lib/python2.7/dist-packages/stdr_msgs/msg/_RegisterRobotActionResult.py, /home/timur/mkr_tm_ws/devel/lib/python2.7/dist-packages/stdr_msgs/msg/_RegisterRobotActionResult.py)
Linked: (/home/timur/mkr_tm_ws/devel/.private/stdr_msgs/lib/python2.7/dist-packages/stdr_msgs/msg/_DeleteRobotActionFeedback.py, /home/timur/mkr_tm_ws/devel/lib/python2.7/dist-packages/stdr_msgs/msg/_DeleteRobotActionFeedback.py)
Linked: (/home/timur/mkr_tm_ws/devel/.private/stdr_msgs/lib/python2.7/dist-packages/stdr_msgs/msg/_CO2SensorMeasurementMsg.py, /home/timur/mkr_tm_ws/devel/lib/python2.7/dist-packages/stdr_msgs/msg/_CO2SensorMeasurementMsg.py)
Linked: (/home/timur/mkr_tm_ws/devel/.private/stdr_msgs/lib/python2.7/dist-packages/stdr_msgs/msg/_RfidSensorMsg.py, /home/timur/mkr_tm_ws/devel/lib/python2.7/dist-packages/stdr_msgs/msg/_RfidSensorMsg.py)
Linked: (/home/timur/mkr_tm_ws/devel/.private/stdr_msgs/lib/python2.7/dist-packages/stdr_msgs/msg/_ThermalSensorMeasurementMsg.py, /home/timur/mkr_tm_ws/devel/lib/python2.7/dist-packages/stdr_msgs/msg/_ThermalSensorMeasurementMsg.py)
Linked: (/home/timur/mkr_tm_ws/devel/.private/stdr_msgs/lib/python2.7/dist-packages/stdr_msgs/msg/_DeleteRobotFeedback.py, /home/timur/mkr_tm_ws/devel/lib/python2.7/dist-packages/stdr_msgs/msg/_DeleteRobotFeedback.py)
Linked: (/home/timur/mkr_tm_ws/devel/.private/stdr_msgs/lib/python2.7/dist-packages/stdr_msgs/msg/_SonarSensorMsg.py, /home/timur/mkr_tm_ws/devel/lib/python2.7/dist-packages/stdr_msgs/msg/_SonarSensorMsg.py)
Linked: (/home/timur/mkr_tm_ws/devel/.private/stdr_msgs/lib/python2.7/dist-packages/stdr_msgs/msg/_ThermalSource.py, /home/timur/mkr_tm_ws/devel/lib/python2.7/dist-packages/stdr_msgs/msg/_ThermalSource.py)
Linked: (/home/timur/mkr_tm_ws/devel/.private/stdr_msgs/lib/python2.7/dist-packages/stdr_msgs/msg/_RobotIndexedMsg.py, /home/timur/mkr_tm_ws/devel/lib/python2.7/dist-packages/stdr_msgs/msg/_RobotIndexedMsg.py)
Linked: (/home/timur/mkr_tm_ws/devel/.private/stdr_msgs/lib/python2.7/dist-packages/stdr_msgs/msg/_RobotMsg.py, /home/timur/mkr_tm_ws/devel/lib/python2.7/dist-packages/stdr_msgs/msg/_RobotMsg.py)
Linked: (/home/timur/mkr_tm_ws/devel/.private/stdr_msgs/lib/python2.7/dist-packages/stdr_msgs/msg/_SpawnRobotResult.py, /home/timur/mkr_tm_ws/devel/lib/python2.7/dist-packages/stdr_msgs/msg/_SpawnRobotResult.py)
Linked: (/home/timur/mkr_tm_ws/devel/.private/stdr_msgs/lib/python2.7/dist-packages/stdr_msgs/msg/_DeleteRobotActionResult.py, /home/timur/mkr_tm_ws/devel/lib/python2.7/dist-packages/stdr_msgs/msg/_DeleteRobotActionResult.py)
Linked: (/home/timur/mkr_tm_ws/devel/.private/stdr_msgs/lib/python2.7/dist-packages/stdr_msgs/msg/_SpawnRobotActionResult.py, /home/timur/mkr_tm_ws/devel/lib/python2.7/dist-packages/stdr_msgs/msg/_SpawnRobotActionResult.py)
Linked: (/home/timur/mkr_tm_ws/devel/.private/stdr_msgs/lib/python2.7/dist-packages/stdr_msgs/msg/_RegisterRobotAction.py, /home/timur/mkr_tm_ws/devel/lib/python2.7/dist-packages/stdr_msgs/msg/_RegisterRobotAction.py)
Linked: (/home/timur/mkr_tm_ws/devel/.private/stdr_msgs/lib/python2.7/dist-packages/stdr_msgs/msg/_SpawnRobotFeedback.py, /home/timur/mkr_tm_ws/devel/lib/python2.7/dist-packages/stdr_msgs/msg/_SpawnRobotFeedback.py)
Linked: (/home/timur/mkr_tm_ws/devel/.private/stdr_msgs/lib/python2.7/dist-packages/stdr_msgs/msg/_RfidTag.py, /home/timur/mkr_tm_ws/devel/lib/python2.7/dist-packages/stdr_msgs/msg/_RfidTag.py)
Linked: (/home/timur/mkr_tm_ws/devel/.private/stdr_msgs/lib/python2.7/dist-packages/stdr_msgs/msg/_RegisterRobotGoal.py, /home/timur/mkr_tm_ws/devel/lib/python2.7/dist-packages/stdr_msgs/msg/_RegisterRobotGoal.py)
Linked: (/home/timur/mkr_tm_ws/devel/.private/stdr_msgs/lib/python2.7/dist-packages/stdr_msgs/msg/_LaserSensorMsg.py, /home/timur/mkr_tm_ws/devel/lib/python2.7/dist-packages/stdr_msgs/msg/_LaserSensorMsg.py)
Linked: (/home/timur/mkr_tm_ws/devel/.private/stdr_msgs/lib/python2.7/dist-packages/stdr_msgs/msg/_DeleteRobotGoal.py, /home/timur/mkr_tm_ws/devel/lib/python2.7/dist-packages/stdr_msgs/msg/_DeleteRobotGoal.py)
Linked: (/home/timur/mkr_tm_ws/devel/.private/stdr_msgs/lib/python2.7/dist-packages/stdr_msgs/msg/_SpawnRobotGoal.py, /home/timur/mkr_tm_ws/devel/lib/python2.7/dist-packages/stdr_msgs/msg/_SpawnRobotGoal.py)
Linked: (/home/timur/mkr_tm_ws/devel/.private/stdr_msgs/lib/python2.7/dist-packages/stdr_msgs/msg/_CO2Source.py, /home/timur/mkr_tm_ws/devel/lib/python2.7/dist-packages/stdr_msgs/msg/_CO2Source.py)
Linked: (/home/timur/mkr_tm_ws/devel/.private/stdr_msgs/lib/python2.7/dist-packages/stdr_msgs/msg/_RegisterRobotResult.py, /home/timur/mkr_tm_ws/devel/lib/python2.7/dist-packages/stdr_msgs/msg/_RegisterRobotResult.py)
Linked: (/home/timur/mkr_tm_ws/devel/.private/stdr_msgs/lib/python2.7/dist-packages/stdr_msgs/msg/_RfidTagVector.py, /home/timur/mkr_tm_ws/devel/lib/python2.7/dist-packages/stdr_msgs/msg/_RfidTagVector.py)
Linked: (/home/timur/mkr_tm_ws/devel/.private/stdr_msgs/lib/python2.7/dist-packages/stdr_msgs/msg/_RegisterRobotActionFeedback.py, /home/timur/mkr_tm_ws/devel/lib/python2.7/dist-packages/stdr_msgs/msg/_RegisterRobotActionFeedback.py)
Linked: (/home/timur/mkr_tm_ws/devel/.private/stdr_msgs/lib/python2.7/dist-packages/stdr_msgs/msg/_SpawnRobotActionFeedback.py, /home/timur/mkr_tm_ws/devel/lib/python2.7/dist-packages/stdr_msgs/msg/_SpawnRobotActionFeedback.py)
Linked: (/home/timur/mkr_tm_ws/devel/.private/stdr_msgs/lib/python2.7/dist-packages/stdr_msgs/msg/_DeleteRobotResult.py, /home/timur/mkr_tm_ws/devel/lib/python2.7/dist-packages/stdr_msgs/msg/_DeleteRobotResult.py)
Linked: (/home/timur/mkr_tm_ws/devel/.private/stdr_msgs/lib/python2.7/dist-packages/stdr_msgs/msg/_ThermalSensorMsg.py, /home/timur/mkr_tm_ws/devel/lib/python2.7/dist-packages/stdr_msgs/msg/_ThermalSensorMsg.py)
Linked: (/home/timur/mkr_tm_ws/devel/.private/stdr_msgs/lib/python2.7/dist-packages/stdr_msgs/msg/_CO2SensorMsg.py, /home/timur/mkr_tm_ws/devel/lib/python2.7/dist-packages/stdr_msgs/msg/_CO2SensorMsg.py)
Linked: (/home/timur/mkr_tm_ws/devel/.private/stdr_msgs/lib/python2.7/dist-packages/stdr_msgs/msg/_DeleteRobotActionGoal.py, /home/timur/mkr_tm_ws/devel/lib/python2.7/dist-packages/stdr_msgs/msg/_DeleteRobotActionGoal.py)
Linked: (/home/timur/mkr_tm_ws/devel/.private/stdr_msgs/lib/python2.7/dist-packages/stdr_msgs/msg/_RegisterRobotActionGoal.py, /home/timur/mkr_tm_ws/devel/lib/python2.7/dist-packages/stdr_msgs/msg/_RegisterRobotActionGoal.py)
Linked: (/home/timur/mkr_tm_ws/devel/.private/stdr_msgs/lib/python2.7/dist-packages/stdr_msgs/msg/_SpawnRobotAction.py, /home/timur/mkr_tm_ws/devel/lib/python2.7/dist-packages/stdr_msgs/msg/_SpawnRobotAction.py)
Linked: (/home/timur/mkr_tm_ws/devel/.private/stdr_msgs/lib/python2.7/dist-packages/stdr_msgs/msg/_SoundSensorMsg.py, /home/timur/mkr_tm_ws/devel/lib/python2.7/dist-packages/stdr_msgs/msg/_SoundSensorMsg.py)
Linked: (/home/timur/mkr_tm_ws/devel/.private/stdr_msgs/lib/python2.7/dist-packages/stdr_msgs/msg/_SoundSensorMeasurementMsg.py, /home/timur/mkr_tm_ws/devel/lib/python2.7/dist-packages/stdr_msgs/msg/_SoundSensorMeasurementMsg.py)
Linked: (/home/timur/mkr_tm_ws/devel/.private/stdr_msgs/lib/python2.7/dist-packages/stdr_msgs/msg/_Noise.py, /home/timur/mkr_tm_ws/devel/lib/python2.7/dist-packages/stdr_msgs/msg/_Noise.py)
Linked: (/home/timur/mkr_tm_ws/devel/.private/stdr_msgs/lib/python2.7/dist-packages/stdr_msgs/msg/_SpawnRobotActionGoal.py, /home/timur/mkr_tm_ws/devel/lib/python2.7/dist-packages/stdr_msgs/msg/_SpawnRobotActionGoal.py)
Linked: (/home/timur/mkr_tm_ws/devel/.private/stdr_msgs/lib/python2.7/dist-packages/stdr_msgs/msg/_RobotIndexedVectorMsg.py, /home/timur/mkr_tm_ws/devel/lib/python2.7/dist-packages/stdr_msgs/msg/_RobotIndexedVectorMsg.py)
Linked: (/home/timur/mkr_tm_ws/devel/.private/stdr_msgs/lib/python2.7/dist-packages/stdr_msgs/msg/_SoundSourceVector.py, /home/timur/mkr_tm_ws/devel/lib/python2.7/dist-packages/stdr_msgs/msg/_SoundSourceVector.py)
Linked: (/home/timur/mkr_tm_ws/devel/.private/stdr_msgs/lib/python2.7/dist-packages/stdr_msgs/msg/_SoundSource.py, /home/timur/mkr_tm_ws/devel/lib/python2.7/dist-packages/stdr_msgs/msg/_SoundSource.py)
Linked: (/home/timur/mkr_tm_ws/devel/.private/stdr_msgs/lib/python2.7/dist-packages/stdr_msgs/msg/_DeleteRobotAction.py, /home/timur/mkr_tm_ws/devel/lib/python2.7/dist-packages/stdr_msgs/msg/_DeleteRobotAction.py)
Linked: (/home/timur/mkr_tm_ws/devel/.private/stdr_msgs/lib/python2.7/dist-packages/stdr_msgs/msg/_KinematicMsg.py, /home/timur/mkr_tm_ws/devel/lib/python2.7/dist-packages/stdr_msgs/msg/_KinematicMsg.py)
Linked: (/home/timur/mkr_tm_ws/devel/.private/stdr_msgs/lib/python2.7/dist-packages/stdr_msgs/msg/_RegisterRobotFeedback.py, /home/timur/mkr_tm_ws/devel/lib/python2.7/dist-packages/stdr_msgs/msg/_RegisterRobotFeedback.py)
Linked: (/home/timur/mkr_tm_ws/devel/.private/stdr_msgs/lib/python2.7/dist-packages/stdr_msgs/msg/_RfidSensorMeasurementMsg.py, /home/timur/mkr_tm_ws/devel/lib/python2.7/dist-packages/stdr_msgs/msg/_RfidSensorMeasurementMsg.py)
Linked: (/home/timur/mkr_tm_ws/devel/.private/stdr_msgs/lib/python2.7/dist-packages/stdr_msgs/msg/_CO2SourceVector.py, /home/timur/mkr_tm_ws/devel/lib/python2.7/dist-packages/stdr_msgs/msg/_CO2SourceVector.py)
Linked: (/home/timur/mkr_tm_ws/devel/.private/stdr_msgs/lib/python2.7/dist-packages/stdr_msgs/msg/_ThermalSourceVector.py, /home/timur/mkr_tm_ws/devel/lib/python2.7/dist-packages/stdr_msgs/msg/_ThermalSourceVector.py)
Linked: (/home/timur/mkr_tm_ws/devel/.private/stdr_msgs/lib/python2.7/dist-packages/stdr_msgs/msg/_FootprintMsg.py, /home/timur/mkr_tm_ws/devel/lib/python2.7/dist-packages/stdr_msgs/msg/_FootprintMsg.py)
Linked: (/home/timur/mkr_tm_ws/devel/.private/stdr_msgs/include/stdr_msgs/AddSoundSourceRequest.h, /home/timur/mkr_tm_ws/devel/include/stdr_msgs/AddSoundSourceRequest.h)
Linked: (/home/timur/mkr_tm_ws/devel/.private/stdr_msgs/include/stdr_msgs/DeleteRfidTagRequest.h, /home/timur/mkr_tm_ws/devel/include/stdr_msgs/DeleteRfidTagRequest.h)
Linked: (/home/timur/mkr_tm_ws/devel/.private/stdr_msgs/include/stdr_msgs/DeleteSoundSource.h, /home/timur/mkr_tm_ws/devel/include/stdr_msgs/DeleteSoundSource.h)
Linked: (/home/timur/mkr_tm_ws/devel/.private/stdr_msgs/include/stdr_msgs/DeleteThermalSource.h, /home/timur/mkr_tm_ws/devel/include/stdr_msgs/DeleteThermalSource.h)
Linked: (/home/timur/mkr_tm_ws/devel/.private/stdr_msgs/include/stdr_msgs/DeleteRfidTagResponse.h, /home/timur/mkr_tm_ws/devel/include/stdr_msgs/DeleteRfidTagResponse.h)
Linked: (/home/timur/mkr_tm_ws/devel/.private/stdr_msgs/include/stdr_msgs/LoadExternalMapRequest.h, /home/timur/mkr_tm_ws/devel/include/stdr_msgs/LoadExternalMapRequest.h)
Linked: (/home/timur/mkr_tm_ws/devel/.private/stdr_msgs/include/stdr_msgs/RegisterRobotGoal.h, /home/timur/mkr_tm_ws/devel/include/stdr_msgs/RegisterRobotGoal.h)
Linked: (/home/timur/mkr_tm_ws/devel/.private/stdr_msgs/include/stdr_msgs/AddCO2Source.h, /home/timur/mkr_tm_ws/devel/include/stdr_msgs/AddCO2Source.h)
Linked: (/home/timur/mkr_tm_ws/devel/.private/stdr_msgs/include/stdr_msgs/FootprintMsg.h, /home/timur/mkr_tm_ws/devel/include/stdr_msgs/FootprintMsg.h)
Linked: (/home/timur/mkr_tm_ws/devel/.private/stdr_msgs/include/stdr_msgs/ThermalSourceVector.h, /home/timur/mkr_tm_ws/devel/include/stdr_msgs/ThermalSourceVector.h)
Linked: (/home/timur/mkr_tm_ws/devel/.private/stdr_msgs/include/stdr_msgs/SonarSensorMsg.h, /home/timur/mkr_tm_ws/devel/include/stdr_msgs/SonarSensorMsg.h)
Linked: (/home/timur/mkr_tm_ws/devel/.private/stdr_msgs/include/stdr_msgs/AddCO2SourceRequest.h, /home/timur/mkr_tm_ws/devel/include/stdr_msgs/AddCO2SourceRequest.h)
Linked: (/home/timur/mkr_tm_ws/devel/.private/stdr_msgs/include/stdr_msgs/RobotMsg.h, /home/timur/mkr_tm_ws/devel/include/stdr_msgs/RobotMsg.h)
Linked: (/home/timur/mkr_tm_ws/devel/.private/stdr_msgs/include/stdr_msgs/AddThermalSourceRequest.h, /home/timur/mkr_tm_ws/devel/include/stdr_msgs/AddThermalSourceRequest.h)
Linked: (/home/timur/mkr_tm_ws/devel/.private/stdr_msgs/include/stdr_msgs/RegisterRobotResult.h, /home/timur/mkr_tm_ws/devel/include/stdr_msgs/RegisterRobotResult.h)
Linked: (/home/timur/mkr_tm_ws/devel/.private/stdr_msgs/include/stdr_msgs/RfidSensorMsg.h, /home/timur/mkr_tm_ws/devel/include/stdr_msgs/RfidSensorMsg.h)
Linked: (/home/timur/mkr_tm_ws/devel/.private/stdr_msgs/include/stdr_msgs/KinematicMsg.h, /home/timur/mkr_tm_ws/devel/include/stdr_msgs/KinematicMsg.h)
Linked: (/home/timur/mkr_tm_ws/devel/.private/stdr_msgs/include/stdr_msgs/SpawnRobotGoal.h, /home/timur/mkr_tm_ws/devel/include/stdr_msgs/SpawnRobotGoal.h)
Linked: (/home/timur/mkr_tm_ws/devel/.private/stdr_msgs/include/stdr_msgs/RfidTagVector.h, /home/timur/mkr_tm_ws/devel/include/stdr_msgs/RfidTagVector.h)
Linked: (/home/timur/mkr_tm_ws/devel/.private/stdr_msgs/include/stdr_msgs/DeleteRobotFeedback.h, /home/timur/mkr_tm_ws/devel/include/stdr_msgs/DeleteRobotFeedback.h)
Linked: (/home/timur/mkr_tm_ws/devel/.private/stdr_msgs/include/stdr_msgs/AddRfidTagResponse.h, /home/timur/mkr_tm_ws/devel/include/stdr_msgs/AddRfidTagResponse.h)
Linked: (/home/timur/mkr_tm_ws/devel/.private/stdr_msgs/include/stdr_msgs/SpawnRobotActionGoal.h, /home/timur/mkr_tm_ws/devel/include/stdr_msgs/SpawnRobotActionGoal.h)
Linked: (/home/timur/mkr_tm_ws/devel/.private/stdr_msgs/include/stdr_msgs/SpawnRobotActionResult.h, /home/timur/mkr_tm_ws/devel/include/stdr_msgs/SpawnRobotActionResult.h)
Linked: (/home/timur/mkr_tm_ws/devel/.private/stdr_msgs/include/stdr_msgs/RegisterRobotFeedback.h, /home/timur/mkr_tm_ws/devel/include/stdr_msgs/RegisterRobotFeedback.h)
Linked: (/home/timur/mkr_tm_ws/devel/.private/stdr_msgs/include/stdr_msgs/SpawnRobotActionFeedback.h, /home/timur/mkr_tm_ws/devel/include/stdr_msgs/SpawnRobotActionFeedback.h)
Linked: (/home/timur/mkr_tm_ws/devel/.private/stdr_msgs/include/stdr_msgs/RfidTag.h, /home/timur/mkr_tm_ws/devel/include/stdr_msgs/RfidTag.h)
Linked: (/home/timur/mkr_tm_ws/devel/.private/stdr_msgs/include/stdr_msgs/AddRfidTagRequest.h, /home/timur/mkr_tm_ws/devel/include/stdr_msgs/AddRfidTagRequest.h)
Linked: (/home/timur/mkr_tm_ws/devel/.private/stdr_msgs/include/stdr_msgs/DeleteThermalSourceResponse.h, /home/timur/mkr_tm_ws/devel/include/stdr_msgs/DeleteThermalSourceResponse.h)
Linked: (/home/timur/mkr_tm_ws/devel/.private/stdr_msgs/include/stdr_msgs/SpawnRobotFeedback.h, /home/timur/mkr_tm_ws/devel/include/stdr_msgs/SpawnRobotFeedback.h)
Linked: (/home/timur/mkr_tm_ws/devel/.private/stdr_msgs/include/stdr_msgs/DeleteCO2SourceResponse.h, /home/timur/mkr_tm_ws/devel/include/stdr_msgs/DeleteCO2SourceResponse.h)
Linked: (/home/timur/mkr_tm_ws/devel/.private/stdr_msgs/include/stdr_msgs/Noise.h, /home/timur/mkr_tm_ws/devel/include/stdr_msgs/Noise.h)
Linked: (/home/timur/mkr_tm_ws/devel/.private/stdr_msgs/include/stdr_msgs/DeleteSoundSourceResponse.h, /home/timur/mkr_tm_ws/devel/include/stdr_msgs/DeleteSoundSourceResponse.h)
Linked: (/home/timur/mkr_tm_ws/devel/.private/stdr_msgs/include/stdr_msgs/DeleteRobotActionFeedback.h, /home/timur/mkr_tm_ws/devel/include/stdr_msgs/DeleteRobotActionFeedback.h)
Linked: (/home/timur/mkr_tm_ws/devel/.private/stdr_msgs/include/stdr_msgs/MoveRobot.h, /home/timur/mkr_tm_ws/devel/include/stdr_msgs/MoveRobot.h)
Linked: (/home/timur/mkr_tm_ws/devel/.private/stdr_msgs/include/stdr_msgs/LaserSensorMsg.h, /home/timur/mkr_tm_ws/devel/include/stdr_msgs/LaserSensorMsg.h)
Linked: (/home/timur/mkr_tm_ws/devel/.private/stdr_msgs/include/stdr_msgs/RfidSensorMeasurementMsg.h, /home/timur/mkr_tm_ws/devel/include/stdr_msgs/RfidSensorMeasurementMsg.h)
Linked: (/home/timur/mkr_tm_ws/devel/.private/stdr_msgs/include/stdr_msgs/DeleteRfidTag.h, /home/timur/mkr_tm_ws/devel/include/stdr_msgs/DeleteRfidTag.h)
Linked: (/home/timur/mkr_tm_ws/devel/.private/stdr_msgs/include/stdr_msgs/RegisterGui.h, /home/timur/mkr_tm_ws/devel/include/stdr_msgs/RegisterGui.h)
Linked: (/home/timur/mkr_tm_ws/devel/.private/stdr_msgs/include/stdr_msgs/DeleteSoundSourceRequest.h, /home/timur/mkr_tm_ws/devel/include/stdr_msgs/DeleteSoundSourceRequest.h)
Linked: (/home/timur/mkr_tm_ws/devel/.private/stdr_msgs/include/stdr_msgs/LoadMapRequest.h, /home/timur/mkr_tm_ws/devel/include/stdr_msgs/LoadMapRequest.h)
Linked: (/home/timur/mkr_tm_ws/devel/.private/stdr_msgs/include/stdr_msgs/DeleteThermalSourceRequest.h, /home/timur/mkr_tm_ws/devel/include/stdr_msgs/DeleteThermalSourceRequest.h)
Linked: (/home/timur/mkr_tm_ws/devel/.private/stdr_msgs/include/stdr_msgs/LoadExternalMap.h, /home/timur/mkr_tm_ws/devel/include/stdr_msgs/LoadExternalMap.h)
Linked: (/home/timur/mkr_tm_ws/devel/.private/stdr_msgs/include/stdr_msgs/SoundSource.h, /home/timur/mkr_tm_ws/devel/include/stdr_msgs/SoundSource.h)
Linked: (/home/timur/mkr_tm_ws/devel/.private/stdr_msgs/include/stdr_msgs/DeleteRobotActionGoal.h, /home/timur/mkr_tm_ws/devel/include/stdr_msgs/DeleteRobotActionGoal.h)
Linked: (/home/timur/mkr_tm_ws/devel/.private/stdr_msgs/include/stdr_msgs/SoundSensorMsg.h, /home/timur/mkr_tm_ws/devel/include/stdr_msgs/SoundSensorMsg.h)
Linked: (/home/timur/mkr_tm_ws/devel/.private/stdr_msgs/include/stdr_msgs/AddRfidTag.h, /home/timur/mkr_tm_ws/devel/include/stdr_msgs/AddRfidTag.h)
Linked: (/home/timur/mkr_tm_ws/devel/.private/stdr_msgs/include/stdr_msgs/AddCO2SourceResponse.h, /home/timur/mkr_tm_ws/devel/include/stdr_msgs/AddCO2SourceResponse.h)
Linked: (/home/timur/mkr_tm_ws/devel/.private/stdr_msgs/include/stdr_msgs/RobotIndexedMsg.h, /home/timur/mkr_tm_ws/devel/include/stdr_msgs/RobotIndexedMsg.h)
Linked: (/home/timur/mkr_tm_ws/devel/.private/stdr_msgs/include/stdr_msgs/RegisterGuiResponse.h, /home/timur/mkr_tm_ws/devel/include/stdr_msgs/RegisterGuiResponse.h)
Linked: (/home/timur/mkr_tm_ws/devel/.private/stdr_msgs/include/stdr_msgs/SpawnRobotAction.h, /home/timur/mkr_tm_ws/devel/include/stdr_msgs/SpawnRobotAction.h)
Linked: (/home/timur/mkr_tm_ws/devel/.private/stdr_msgs/include/stdr_msgs/DeleteRobotAction.h, /home/timur/mkr_tm_ws/devel/include/stdr_msgs/DeleteRobotAction.h)
Linked: (/home/timur/mkr_tm_ws/devel/.private/stdr_msgs/include/stdr_msgs/DeleteRobotGoal.h, /home/timur/mkr_tm_ws/devel/include/stdr_msgs/DeleteRobotGoal.h)
Linked: (/home/timur/mkr_tm_ws/devel/.private/stdr_msgs/include/stdr_msgs/MoveRobotRequest.h, /home/timur/mkr_tm_ws/devel/include/stdr_msgs/MoveRobotRequest.h)
Linked: (/home/timur/mkr_tm_ws/devel/.private/stdr_msgs/include/stdr_msgs/DeleteRobotResult.h, /home/timur/mkr_tm_ws/devel/include/stdr_msgs/DeleteRobotResult.h)
Linked: (/home/timur/mkr_tm_ws/devel/.private/stdr_msgs/include/stdr_msgs/RegisterRobotAction.h, /home/timur/mkr_tm_ws/devel/include/stdr_msgs/RegisterRobotAction.h)
Linked: (/home/timur/mkr_tm_ws/devel/.private/stdr_msgs/include/stdr_msgs/LoadMap.h, /home/timur/mkr_tm_ws/devel/include/stdr_msgs/LoadMap.h)
Linked: (/home/timur/mkr_tm_ws/devel/.private/stdr_msgs/include/stdr_msgs/AddSoundSource.h, /home/timur/mkr_tm_ws/devel/include/stdr_msgs/AddSoundSource.h)
Linked: (/home/timur/mkr_tm_ws/devel/.private/stdr_msgs/include/stdr_msgs/AddThermalSource.h, /home/timur/mkr_tm_ws/devel/include/stdr_msgs/AddThermalSource.h)
Linked: (/home/timur/mkr_tm_ws/devel/.private/stdr_msgs/include/stdr_msgs/MoveRobotResponse.h, /home/timur/mkr_tm_ws/devel/include/stdr_msgs/MoveRobotResponse.h)
Linked: (/home/timur/mkr_tm_ws/devel/.private/stdr_msgs/include/stdr_msgs/RegisterGuiRequest.h, /home/timur/mkr_tm_ws/devel/include/stdr_msgs/RegisterGuiRequest.h)
Linked: (/home/timur/mkr_tm_ws/devel/.private/stdr_msgs/include/stdr_msgs/AddSoundSourceResponse.h, /home/timur/mkr_tm_ws/devel/include/stdr_msgs/AddSoundSourceResponse.h)
Linked: (/home/timur/mkr_tm_ws/devel/.private/stdr_msgs/include/stdr_msgs/SpawnRobotResult.h, /home/timur/mkr_tm_ws/devel/include/stdr_msgs/SpawnRobotResult.h)
Linked: (/home/timur/mkr_tm_ws/devel/.private/stdr_msgs/include/stdr_msgs/RobotIndexedVectorMsg.h, /home/timur/mkr_tm_ws/devel/include/stdr_msgs/RobotIndexedVectorMsg.h)
Linked: (/home/timur/mkr_tm_ws/devel/.private/stdr_msgs/include/stdr_msgs/SoundSensorMeasurementMsg.h, /home/timur/mkr_tm_ws/devel/include/stdr_msgs/SoundSensorMeasurementMsg.h)
Linked: (/home/timur/mkr_tm_ws/devel/.private/stdr_msgs/include/stdr_msgs/CO2Source.h, /home/timur/mkr_tm_ws/devel/include/stdr_msgs/CO2Source.h)
Linked: (/home/timur/mkr_tm_ws/devel/.private/stdr_msgs/include/stdr_msgs/LoadExternalMapResponse.h, /home/timur/mkr_tm_ws/devel/include/stdr_msgs/LoadExternalMapResponse.h)
Linked: (/home/timur/mkr_tm_ws/devel/.private/stdr_msgs/include/stdr_msgs/AddThermalSourceResponse.h, /home/timur/mkr_tm_ws/devel/include/stdr_msgs/AddThermalSourceResponse.h)
Linked: (/home/timur/mkr_tm_ws/devel/.private/stdr_msgs/include/stdr_msgs/RegisterRobotActionResult.h, /home/timur/mkr_tm_ws/devel/include/stdr_msgs/RegisterRobotActionResult.h)
Linked: (/home/timur/mkr_tm_ws/devel/.private/stdr_msgs/include/stdr_msgs/DeleteCO2Source.h, /home/timur/mkr_tm_ws/devel/include/stdr_msgs/DeleteCO2Source.h)
Linked: (/home/timur/mkr_tm_ws/devel/.private/stdr_msgs/include/stdr_msgs/RegisterRobotActionFeedback.h, /home/timur/mkr_tm_ws/devel/include/stdr_msgs/RegisterRobotActionFeedback.h)
Linked: (/home/timur/mkr_tm_ws/devel/.private/stdr_msgs/include/stdr_msgs/CO2SensorMeasurementMsg.h, /home/timur/mkr_tm_ws/devel/include/stdr_msgs/CO2SensorMeasurementMsg.h)
Linked: (/home/timur/mkr_tm_ws/devel/.private/stdr_msgs/include/stdr_msgs/DeleteCO2SourceRequest.h, /home/timur/mkr_tm_ws/devel/include/stdr_msgs/DeleteCO2SourceRequest.h)
Linked: (/home/timur/mkr_tm_ws/devel/.private/stdr_msgs/include/stdr_msgs/CO2SourceVector.h, /home/timur/mkr_tm_ws/devel/include/stdr_msgs/CO2SourceVector.h)
Linked: (/home/timur/mkr_tm_ws/devel/.private/stdr_msgs/include/stdr_msgs/ThermalSensorMeasurementMsg.h, /home/timur/mkr_tm_ws/devel/include/stdr_msgs/ThermalSensorMeasurementMsg.h)
Linked: (/home/timur/mkr_tm_ws/devel/.private/stdr_msgs/include/stdr_msgs/ThermalSource.h, /home/timur/mkr_tm_ws/devel/include/stdr_msgs/ThermalSource.h)
Linked: (/home/timur/mkr_tm_ws/devel/.private/stdr_msgs/include/stdr_msgs/DeleteRobotActionResult.h, /home/timur/mkr_tm_ws/devel/include/stdr_msgs/DeleteRobotActionResult.h)
Linked: (/home/timur/mkr_tm_ws/devel/.private/stdr_msgs/include/stdr_msgs/ThermalSensorMsg.h, /home/timur/mkr_tm_ws/devel/include/stdr_msgs/ThermalSensorMsg.h)
Linked: (/home/timur/mkr_tm_ws/devel/.private/stdr_msgs/include/stdr_msgs/CO2SensorMsg.h, /home/timur/mkr_tm_ws/devel/include/stdr_msgs/CO2SensorMsg.h)
Linked: (/home/timur/mkr_tm_ws/devel/.private/stdr_msgs/include/stdr_msgs/LoadMapResponse.h, /home/timur/mkr_tm_ws/devel/include/stdr_msgs/LoadMapResponse.h)
Linked: (/home/timur/mkr_tm_ws/devel/.private/stdr_msgs/include/stdr_msgs/RegisterRobotActionGoal.h, /home/timur/mkr_tm_ws/devel/include/stdr_msgs/RegisterRobotActionGoal.h)
Linked: (/home/timur/mkr_tm_ws/devel/.private/stdr_msgs/include/stdr_msgs/SoundSourceVector.h, /home/timur/mkr_tm_ws/devel/include/stdr_msgs/SoundSourceVector.h)
