[35m[1mScanning dependencies of target nav_msgs_generate_messages_eus[0m
[  0%] Built target nav_msgs_generate_messages_eus
[35m[1mScanning dependencies of target geometry_msgs_generate_messages_py[0m
[35m[1mScanning dependencies of target geometry_msgs_generate_messages_lisp[0m
[35m[1mScanning dependencies of target std_msgs_generate_messages_nodejs[0m
[  0%] Built target geometry_msgs_generate_messages_lisp
[  0%] Built target geometry_msgs_generate_messages_py
[35m[1mScanning dependencies of target std_msgs_generate_messages_cpp[0m
[  0%] Built target std_msgs_generate_messages_nodejs
[35m[1mScanning dependencies of target actionlib_msgs_generate_messages_nodejs[0m
[  0%] Built target std_msgs_generate_messages_cpp
[35m[1mScanning dependencies of target nav_msgs_generate_messages_nodejs[0m
[35m[1mScanning dependencies of target stdr_map_loader[0m
[  0%] Built target actionlib_msgs_generate_messages_nodejs
[35m[1mScanning dependencies of target geometry_msgs_generate_messages_nodejs[0m
[  0%] Built target nav_msgs_generate_messages_nodejs
[35m[1mScanning dependencies of target std_msgs_generate_messages_lisp[0m
[35m[1mScanning dependencies of target geometry_msgs_generate_messages_eus[0m
[35m[1mScanning dependencies of target std_msgs_generate_messages_py[0m
[  0%] Built target geometry_msgs_generate_messages_nodejs
[  0%] Built target std_msgs_generate_messages_lisp
[ 10%] [32mBuilding CXX object CMakeFiles/stdr_map_loader.dir/src/map_loader.cpp.o[0m
[ 10%] Built target geometry_msgs_generate_messages_eus
[35m[1mScanning dependencies of target std_msgs_generate_messages_eus[0m
[ 10%] Built target std_msgs_generate_messages_py
[35m[1mScanning dependencies of target stdr_msgs_generate_messages_eus[0m
[ 10%] Built target std_msgs_generate_messages_eus
[35m[1mScanning dependencies of target geometry_msgs_generate_messages_cpp[0m
[ 10%] Built target stdr_msgs_generate_messages_eus
[35m[1mScanning dependencies of target actionlib_msgs_generate_messages_cpp[0m
[35m[1mScanning dependencies of target actionlib_msgs_generate_messages_lisp[0m
[35m[1mScanning dependencies of target actionlib_msgs_generate_messages_py[0m
[ 10%] Built target geometry_msgs_generate_messages_cpp
[ 10%] Built target actionlib_msgs_generate_messages_cpp
[ 10%] Built target actionlib_msgs_generate_messages_py
[ 10%] Built target actionlib_msgs_generate_messages_lisp
[35m[1mScanning dependencies of target actionlib_msgs_generate_messages_eus[0m
[ 10%] Built target actionlib_msgs_generate_messages_eus
[35m[1mScanning dependencies of target stdr_msgs_generate_messages_py[0m
[ 10%] Built target stdr_msgs_generate_messages_py
[35m[1mScanning dependencies of target nav_msgs_generate_messages_cpp[0m
[ 10%] Built target nav_msgs_generate_messages_cpp
[35m[1mScanning dependencies of target nav_msgs_generate_messages_lisp[0m
[ 10%] Built target nav_msgs_generate_messages_lisp
[35m[1mScanning dependencies of target stdr_msgs_generate_messages_nodejs[0m
[ 10%] Built target stdr_msgs_generate_messages_nodejs
[35m[1mScanning dependencies of target nav_msgs_generate_messages_py[0m
[ 10%] Built target nav_msgs_generate_messages_py
[35m[1mScanning dependencies of target stdr_msgs_generate_messages_lisp[0m
[ 10%] Built target stdr_msgs_generate_messages_lisp
[35m[1mScanning dependencies of target stdr_msgs_generate_messages_cpp[0m
[ 10%] Built target stdr_msgs_generate_messages_cpp
[ 20%] [32m[1mLinking CXX shared library /home/timur/mkr_tm_ws/devel/.private/stdr_server/lib/libstdr_map_loader.so[0m
[ 20%] Built target stdr_map_loader
[35m[1mScanning dependencies of target load_map[0m
[ 30%] [32mBuilding CXX object CMakeFiles/load_map.dir/src/map_loader_node.cpp.o[0m
[35m[1mScanning dependencies of target stdr_map_server[0m
[ 40%] [32mBuilding CXX object CMakeFiles/stdr_map_server.dir/src/map_server.cpp.o[0m
[ 50%] [32m[1mLinking CXX executable /home/timur/mkr_tm_ws/devel/.private/stdr_server/lib/stdr_server/load_map[0m
[ 50%] Built target load_map
[ 60%] [32m[1mLinking CXX shared library /home/timur/mkr_tm_ws/devel/.private/stdr_server/lib/libstdr_map_server.so[0m
[ 60%] Built target stdr_map_server
[35m[1mScanning dependencies of target stdr_server[0m
[ 70%] [32mBuilding CXX object CMakeFiles/stdr_server.dir/src/stdr_server.cpp.o[0m
[ 80%] [32m[1mLinking CXX shared library /home/timur/mkr_tm_ws/devel/.private/stdr_server/lib/libstdr_server.so[0m
[ 80%] Built target stdr_server
[35m[1mScanning dependencies of target stdr_server_node[0m
[ 90%] [32mBuilding CXX object CMakeFiles/stdr_server_node.dir/src/stdr_server_node.cpp.o[0m
[100%] [32m[1mLinking CXX executable /home/timur/mkr_tm_ws/devel/.private/stdr_server/lib/stdr_server/stdr_server_node[0m
[100%] Built target stdr_server_node
