[  0%] Built target std_msgs_generate_messages_nodejs
[  0%] Built target geometry_msgs_generate_messages_py
[  0%] Built target nav_msgs_generate_messages_eus
[  0%] Built target geometry_msgs_generate_messages_lisp
[  0%] Built target std_msgs_generate_messages_cpp
[  0%] Built target actionlib_msgs_generate_messages_nodejs
[  0%] Built target nav_msgs_generate_messages_nodejs
[  0%] Built target geometry_msgs_generate_messages_nodejs
[  0%] Built target std_msgs_generate_messages_lisp
[ 20%] Built target stdr_map_loader
[ 20%] Built target geometry_msgs_generate_messages_eus
[ 20%] Built target std_msgs_generate_messages_py
[ 20%] Built target stdr_msgs_generate_messages_eus
[ 20%] Built target std_msgs_generate_messages_eus
[ 20%] Built target geometry_msgs_generate_messages_cpp
[ 20%] Built target actionlib_msgs_generate_messages_lisp
[ 20%] Built target actionlib_msgs_generate_messages_cpp
[ 20%] Built target actionlib_msgs_generate_messages_py
[ 20%] Built target actionlib_msgs_generate_messages_eus
[ 20%] Built target nav_msgs_generate_messages_cpp
[ 20%] Built target stdr_msgs_generate_messages_py
[ 20%] Built target nav_msgs_generate_messages_lisp
[ 20%] Built target nav_msgs_generate_messages_py
[ 20%] Built target stdr_msgs_generate_messages_nodejs
[ 20%] Built target stdr_msgs_generate_messages_lisp
[ 20%] Built target stdr_msgs_generate_messages_cpp
[ 40%] Built target stdr_map_server
[ 60%] Built target load_map
[ 80%] Built target stdr_server
[100%] Built target stdr_server_node
